2025-03-26 11:34:00 Loading main app package /usr/lib/obsidian/obsidian.asar
2025-03-26 11:34:01 Checking for update using Github
2025-03-26 11:34:02 Success.
2025-03-26 11:34:02 Latest version is 1.8.9
2025-03-26 11:34:02 App is up to date.
2025-03-26 15:21:55 Checking for update using Github
2025-03-26 15:21:56 Success.
2025-03-26 15:21:56 Latest version is 1.8.9
2025-03-26 15:21:56 App is up to date.
2025-03-26 16:21:55 Checking for update using Github
2025-03-26 16:21:56 Success.
2025-03-26 16:21:56 Latest version is 1.8.9
2025-03-26 16:21:56 App is up to date.
2025-03-26 17:21:55 Checking for update using Github
2025-03-26 17:22:05 Success.
2025-03-26 17:22:05 Latest version is 1.8.9
2025-03-26 17:22:05 App is up to date.
2025-03-26 18:21:55 Checking for update using Github
2025-03-26 18:21:56 Success.
2025-03-26 18:21:56 Latest version is 1.8.9
2025-03-26 18:21:56 App is up to date.
