2025-04-13 21:18:16.854 [info] Reading sessions from keychain...
2025-04-13 21:18:16.854 [info] Getting sessions for all scopes...
2025-04-13 21:18:16.854 [info] Getting sessions for all scopes...
2025-04-13 21:18:16.857 [info] Getting sessions for all scopes...
2025-04-13 21:18:16.858 [info] Getting sessions for all scopes...
2025-04-13 21:18:16.858 [info] Getting sessions for all scopes...
2025-04-13 21:18:16.858 [info] Getting sessions for all scopes...
2025-04-13 21:18:16.858 [info] Getting sessions for all scopes...
2025-04-13 21:18:16.892 [info] Got stored sessions!
2025-04-13 21:18:16.892 [info] Got 1 verified sessions.
2025-04-13 21:18:16.893 [info] Got 1 sessions for ...
2025-04-13 21:18:16.893 [info] Got 1 sessions for ...
2025-04-13 21:18:16.893 [info] Got 1 sessions for ...
2025-04-13 21:18:16.893 [info] Got 1 sessions for ...
2025-04-13 21:18:16.893 [info] Got 1 sessions for ...
2025-04-13 21:18:16.893 [info] Got 1 sessions for ...
2025-04-13 21:18:16.893 [info] Got 1 sessions for ...
2025-04-13 21:18:20.996 [info] Getting sessions for all scopes...
2025-04-13 21:18:20.996 [info] Got 1 sessions for ...
2025-04-13 21:18:21.682 [info] Getting sessions for all scopes...
2025-04-13 21:18:21.682 [info] Got 1 sessions for ...
2025-04-13 21:18:21.873 [info] Getting sessions for read:user,repo,user:email,workflow...
2025-04-13 21:18:21.873 [info] Got 0 sessions for read:user,repo,user:email,workflow...
2025-04-13 21:18:21.874 [info] Getting sessions for all scopes...
2025-04-13 21:18:21.874 [info] Got 1 sessions for ...
2025-04-13 21:18:21.874 [info] Getting sessions for all scopes...
2025-04-13 21:18:21.874 [info] Got 1 sessions for ...
2025-04-13 21:18:21.955 [info] Getting sessions for read:user...
2025-04-13 21:18:21.955 [info] Got 0 sessions for read:user...
2025-04-13 21:18:22.029 [info] Getting sessions for read:user,repo,user:email,workflow...
2025-04-13 21:18:22.029 [info] Got 0 sessions for read:user,repo,user:email,workflow...
2025-04-13 21:18:22.113 [info] Getting sessions for user:email...
2025-04-13 21:18:22.113 [info] Got 1 sessions for user:email...
2025-04-13 21:18:22.135 [info] Getting sessions for user:email...
2025-04-13 21:18:22.135 [info] Got 1 sessions for user:email...
2025-04-13 21:18:22.194 [info] Getting sessions for all scopes...
2025-04-13 21:18:22.194 [info] Got 1 sessions for ...
2025-04-13 21:18:24.200 [info] Getting sessions for read:user,repo,user:email,workflow...
2025-04-13 21:18:24.200 [info] Got 0 sessions for read:user,repo,user:email,workflow...
2025-04-13 21:18:24.204 [info] Getting sessions for user:email...
2025-04-13 21:18:24.204 [info] Got 1 sessions for user:email...
2025-04-13 21:18:24.221 [info] Getting sessions for all scopes...
2025-04-13 21:18:24.221 [info] Got 1 sessions for ...
2025-04-13 21:18:24.223 [info] Getting sessions for read:user,repo,user:email,workflow...
2025-04-13 21:18:24.223 [info] Got 0 sessions for read:user,repo,user:email,workflow...
2025-04-13 21:18:24.224 [info] Getting sessions for user:email...
2025-04-13 21:18:24.224 [info] Got 1 sessions for user:email...
2025-04-13 21:18:38.029 [info] Getting sessions for all scopes...
2025-04-13 21:18:38.029 [info] Got 1 sessions for ...
2025-04-13 21:18:38.070 [info] Getting sessions for read:user,repo,user:email,workflow...
2025-04-13 21:18:38.071 [info] Got 0 sessions for read:user,repo,user:email,workflow...
2025-04-13 21:18:38.075 [info] Getting sessions for user:email...
2025-04-13 21:18:38.075 [info] Got 1 sessions for user:email...
2025-04-13 21:18:49.406 [info] Getting sessions for all scopes...
2025-04-13 21:18:49.407 [info] Got 1 sessions for ...
2025-04-13 21:18:49.408 [info] Getting sessions for all scopes...
2025-04-13 21:18:49.408 [info] Got 1 sessions for ...
2025-04-13 21:18:49.577 [info] Getting sessions for read:user,repo,user:email,workflow...
2025-04-13 21:18:49.577 [info] Got 0 sessions for read:user,repo,user:email,workflow...
2025-04-13 21:18:49.590 [info] Getting sessions for user:email...
2025-04-13 21:18:49.590 [info] Got 1 sessions for user:email...
2025-04-13 21:18:49.809 [info] Getting sessions for all scopes...
2025-04-13 21:18:49.809 [info] Got 1 sessions for ...
2025-04-13 21:18:49.829 [info] Getting sessions for read:user,repo,user:email,workflow...
2025-04-13 21:18:49.829 [info] Got 0 sessions for read:user,repo,user:email,workflow...
2025-04-13 21:18:49.831 [info] Getting sessions for user:email...
2025-04-13 21:18:49.832 [info] Got 1 sessions for user:email...
2025-04-13 21:18:53.599 [info] Getting sessions for all scopes...
2025-04-13 21:18:53.600 [info] Got 1 sessions for ...
2025-04-13 21:18:53.746 [info] Getting sessions for read:user,repo,user:email,workflow...
2025-04-13 21:18:53.746 [info] Got 0 sessions for read:user,repo,user:email,workflow...
2025-04-13 21:18:53.783 [info] Getting sessions for user:email...
2025-04-13 21:18:53.783 [info] Got 1 sessions for user:email...
2025-04-13 21:33:53.927 [info] Getting sessions for all scopes...
2025-04-13 21:33:53.934 [info] Got 1 sessions for ...
2025-04-13 21:33:53.936 [info] Getting sessions for read:user,repo,user:email,workflow...
2025-04-13 21:33:53.936 [info] Got 0 sessions for read:user,repo,user:email,workflow...
2025-04-13 21:33:53.938 [info] Getting sessions for user:email...
2025-04-13 21:33:53.938 [info] Got 1 sessions for user:email...
2025-04-13 21:33:53.941 [info] Getting sessions for all scopes...
2025-04-13 21:33:53.941 [info] Got 1 sessions for ...
2025-04-13 21:33:53.943 [info] Getting sessions for read:user,repo,user:email,workflow...
2025-04-13 21:33:53.943 [info] Got 0 sessions for read:user,repo,user:email,workflow...
2025-04-13 21:33:53.945 [info] Getting sessions for user:email...
2025-04-13 21:33:53.945 [info] Got 1 sessions for user:email...
2025-04-13 21:43:48.997 [info] Getting sessions for all scopes...
2025-04-13 21:43:48.997 [info] Got 1 sessions for ...
2025-04-13 21:43:48.999 [info] Getting sessions for read:user,repo,user:email,workflow...
2025-04-13 21:43:48.999 [info] Got 0 sessions for read:user,repo,user:email,workflow...
2025-04-13 21:43:49.003 [info] Getting sessions for user:email...
2025-04-13 21:43:49.003 [info] Got 1 sessions for user:email...
2025-04-13 21:43:51.447 [info] Getting sessions for all scopes...
2025-04-13 21:43:51.447 [info] Got 1 sessions for ...
2025-04-13 21:43:51.447 [info] Getting sessions for all scopes...
2025-04-13 21:43:51.447 [info] Got 1 sessions for ...
2025-04-13 21:43:51.448 [info] Getting sessions for read:user,repo,user:email,workflow...
2025-04-13 21:43:51.448 [info] Got 0 sessions for read:user,repo,user:email,workflow...
2025-04-13 21:43:51.450 [info] Getting sessions for user:email...
2025-04-13 21:43:51.450 [info] Got 1 sessions for user:email...
2025-04-13 21:43:51.453 [info] Getting sessions for all scopes...
2025-04-13 21:43:51.453 [info] Got 1 sessions for ...
2025-04-13 21:43:51.454 [info] Getting sessions for read:user,repo,user:email,workflow...
2025-04-13 21:43:51.454 [info] Got 0 sessions for read:user,repo,user:email,workflow...
2025-04-13 21:43:51.457 [info] Getting sessions for user:email...
2025-04-13 21:43:51.457 [info] Got 1 sessions for user:email...
2025-04-13 21:43:51.463 [info] Getting sessions for all scopes...
2025-04-13 21:43:51.463 [info] Got 1 sessions for ...
2025-04-13 21:43:51.464 [info] Getting sessions for read:user,repo,user:email,workflow...
2025-04-13 21:43:51.464 [info] Got 0 sessions for read:user,repo,user:email,workflow...
2025-04-13 21:43:51.466 [info] Getting sessions for user:email...
2025-04-13 21:43:51.466 [info] Got 1 sessions for user:email...
2025-04-13 21:58:51.473 [info] Getting sessions for all scopes...
2025-04-13 21:58:51.479 [info] Got 1 sessions for ...
2025-04-13 21:58:51.482 [info] Getting sessions for read:user,repo,user:email,workflow...
2025-04-13 21:58:51.482 [info] Got 0 sessions for read:user,repo,user:email,workflow...
2025-04-13 21:58:51.485 [info] Getting sessions for user:email...
2025-04-13 21:58:51.485 [info] Got 1 sessions for user:email...
2025-04-13 21:58:51.488 [info] Getting sessions for all scopes...
2025-04-13 21:58:51.488 [info] Got 1 sessions for ...
2025-04-13 21:58:51.490 [info] Getting sessions for read:user,repo,user:email,workflow...
2025-04-13 21:58:51.490 [info] Got 0 sessions for read:user,repo,user:email,workflow...
2025-04-13 21:58:51.494 [info] Getting sessions for user:email...
2025-04-13 21:58:51.494 [info] Got 1 sessions for user:email...
2025-04-13 22:08:51.448 [info] Getting sessions for all scopes...
2025-04-13 22:08:51.456 [info] Got 1 sessions for ...
2025-04-13 22:08:51.458 [info] Getting sessions for read:user,repo,user:email,workflow...
2025-04-13 22:08:51.458 [info] Got 0 sessions for read:user,repo,user:email,workflow...
2025-04-13 22:08:51.460 [info] Getting sessions for user:email...
2025-04-13 22:08:51.460 [info] Got 1 sessions for user:email...
2025-04-13 22:08:53.536 [info] Getting sessions for all scopes...
2025-04-13 22:08:53.536 [info] Got 1 sessions for ...
2025-04-13 22:08:53.537 [info] Getting sessions for all scopes...
2025-04-13 22:08:53.537 [info] Got 1 sessions for ...
2025-04-13 22:08:53.538 [info] Getting sessions for read:user,repo,user:email,workflow...
2025-04-13 22:08:53.538 [info] Got 0 sessions for read:user,repo,user:email,workflow...
2025-04-13 22:08:53.539 [info] Getting sessions for user:email...
2025-04-13 22:08:53.539 [info] Got 1 sessions for user:email...
2025-04-13 22:08:53.540 [info] Getting sessions for all scopes...
2025-04-13 22:08:53.540 [info] Got 1 sessions for ...
2025-04-13 22:08:53.542 [info] Getting sessions for read:user,repo,user:email,workflow...
2025-04-13 22:08:53.542 [info] Got 0 sessions for read:user,repo,user:email,workflow...
2025-04-13 22:08:53.543 [info] Getting sessions for user:email...
2025-04-13 22:08:53.543 [info] Got 1 sessions for user:email...
2025-04-13 22:08:53.549 [info] Getting sessions for all scopes...
2025-04-13 22:08:53.549 [info] Got 1 sessions for ...
2025-04-13 22:08:53.551 [info] Getting sessions for read:user,repo,user:email,workflow...
2025-04-13 22:08:53.551 [info] Got 0 sessions for read:user,repo,user:email,workflow...
2025-04-13 22:08:53.553 [info] Getting sessions for user:email...
2025-04-13 22:08:53.553 [info] Got 1 sessions for user:email...
2025-04-13 22:08:53.559 [info] Getting sessions for all scopes...
2025-04-13 22:08:53.559 [info] Got 1 sessions for ...
2025-04-13 22:08:53.561 [info] Getting sessions for read:user,repo,user:email,workflow...
2025-04-13 22:08:53.561 [info] Got 0 sessions for read:user,repo,user:email,workflow...
2025-04-13 22:08:53.563 [info] Getting sessions for user:email...
2025-04-13 22:08:53.564 [info] Got 1 sessions for user:email...
2025-04-13 22:23:54.311 [info] Getting sessions for all scopes...
2025-04-13 22:23:54.311 [info] Got 1 sessions for ...
2025-04-13 22:23:54.313 [info] Getting sessions for read:user,repo,user:email,workflow...
2025-04-13 22:23:54.313 [info] Got 0 sessions for read:user,repo,user:email,workflow...
2025-04-13 22:23:54.315 [info] Getting sessions for user:email...
2025-04-13 22:23:54.315 [info] Got 1 sessions for user:email...
2025-04-13 22:23:54.317 [info] Getting sessions for all scopes...
2025-04-13 22:23:54.317 [info] Got 1 sessions for ...
2025-04-13 22:23:54.319 [info] Getting sessions for read:user,repo,user:email,workflow...
2025-04-13 22:23:54.319 [info] Got 0 sessions for read:user,repo,user:email,workflow...
2025-04-13 22:23:54.321 [info] Getting sessions for user:email...
2025-04-13 22:23:54.321 [info] Got 1 sessions for user:email...
2025-04-13 22:33:53.536 [info] Getting sessions for all scopes...
2025-04-13 22:33:53.536 [info] Got 1 sessions for ...
2025-04-13 22:33:53.538 [info] Getting sessions for read:user,repo,user:email,workflow...
2025-04-13 22:33:53.538 [info] Got 0 sessions for read:user,repo,user:email,workflow...
2025-04-13 22:33:53.542 [info] Getting sessions for user:email...
2025-04-13 22:33:53.542 [info] Got 1 sessions for user:email...
2025-04-13 22:33:55.892 [info] Getting sessions for all scopes...
2025-04-13 22:33:55.892 [info] Got 1 sessions for ...
2025-04-13 22:33:55.892 [info] Getting sessions for all scopes...
2025-04-13 22:33:55.892 [info] Got 1 sessions for ...
2025-04-13 22:33:55.896 [info] Getting sessions for read:user,repo,user:email,workflow...
2025-04-13 22:33:55.896 [info] Got 0 sessions for read:user,repo,user:email,workflow...
2025-04-13 22:33:55.900 [info] Getting sessions for user:email...
2025-04-13 22:33:55.900 [info] Got 1 sessions for user:email...
2025-04-13 22:33:55.902 [info] Getting sessions for all scopes...
2025-04-13 22:33:55.902 [info] Got 1 sessions for ...
2025-04-13 22:33:55.904 [info] Getting sessions for read:user,repo,user:email,workflow...
2025-04-13 22:33:55.904 [info] Got 0 sessions for read:user,repo,user:email,workflow...
2025-04-13 22:33:55.905 [info] Getting sessions for user:email...
2025-04-13 22:33:55.905 [info] Got 1 sessions for user:email...
2025-04-13 22:33:55.910 [info] Getting sessions for all scopes...
2025-04-13 22:33:55.910 [info] Got 1 sessions for ...
2025-04-13 22:33:55.912 [info] Getting sessions for read:user,repo,user:email,workflow...
2025-04-13 22:33:55.912 [info] Got 0 sessions for read:user,repo,user:email,workflow...
2025-04-13 22:33:55.914 [info] Getting sessions for user:email...
2025-04-13 22:33:55.914 [info] Got 1 sessions for user:email...
2025-04-13 22:48:55.920 [info] Getting sessions for all scopes...
2025-04-13 22:48:55.928 [info] Got 1 sessions for ...
2025-04-13 22:48:55.931 [info] Getting sessions for read:user,repo,user:email,workflow...
2025-04-13 22:48:55.931 [info] Got 0 sessions for read:user,repo,user:email,workflow...
2025-04-13 22:48:55.933 [info] Getting sessions for user:email...
2025-04-13 22:48:55.933 [info] Got 1 sessions for user:email...
2025-04-13 22:48:55.934 [info] Getting sessions for all scopes...
2025-04-13 22:48:55.934 [info] Got 1 sessions for ...
2025-04-13 22:48:55.936 [info] Getting sessions for read:user,repo,user:email,workflow...
2025-04-13 22:48:55.936 [info] Got 0 sessions for read:user,repo,user:email,workflow...
2025-04-13 22:48:55.938 [info] Getting sessions for user:email...
2025-04-13 22:48:55.938 [info] Got 1 sessions for user:email...
2025-04-13 22:58:55.893 [info] Getting sessions for all scopes...
2025-04-13 22:58:55.893 [info] Got 1 sessions for ...
2025-04-13 22:58:55.895 [info] Getting sessions for read:user,repo,user:email,workflow...
2025-04-13 22:58:55.895 [info] Got 0 sessions for read:user,repo,user:email,workflow...
2025-04-13 22:58:55.897 [info] Getting sessions for user:email...
2025-04-13 22:58:55.897 [info] Got 1 sessions for user:email...
2025-04-13 22:58:57.382 [info] Getting sessions for all scopes...
2025-04-13 22:58:57.382 [info] Got 1 sessions for ...
2025-04-13 22:58:57.383 [info] Getting sessions for all scopes...
2025-04-13 22:58:57.383 [info] Got 1 sessions for ...
2025-04-13 22:58:57.385 [info] Getting sessions for read:user,repo,user:email,workflow...
2025-04-13 22:58:57.385 [info] Got 0 sessions for read:user,repo,user:email,workflow...
2025-04-13 22:58:57.388 [info] Getting sessions for user:email...
2025-04-13 22:58:57.388 [info] Got 1 sessions for user:email...
2025-04-13 22:58:57.391 [info] Getting sessions for all scopes...
2025-04-13 22:58:57.391 [info] Got 1 sessions for ...
2025-04-13 22:58:57.393 [info] Getting sessions for read:user,repo,user:email,workflow...
2025-04-13 22:58:57.393 [info] Got 0 sessions for read:user,repo,user:email,workflow...
2025-04-13 22:58:57.395 [info] Getting sessions for user:email...
2025-04-13 22:58:57.395 [info] Got 1 sessions for user:email...
2025-04-13 22:58:57.405 [info] Getting sessions for all scopes...
2025-04-13 22:58:57.405 [info] Got 1 sessions for ...
2025-04-13 22:58:57.407 [info] Getting sessions for read:user,repo,user:email,workflow...
2025-04-13 22:58:57.407 [info] Got 0 sessions for read:user,repo,user:email,workflow...
2025-04-13 22:58:57.408 [info] Getting sessions for user:email...
2025-04-13 22:58:57.408 [info] Got 1 sessions for user:email...
2025-04-13 23:13:57.419 [info] Getting sessions for all scopes...
2025-04-13 23:13:57.419 [info] Got 1 sessions for ...
2025-04-13 23:13:57.426 [info] Getting sessions for read:user,repo,user:email,workflow...
2025-04-13 23:13:57.426 [info] Got 0 sessions for read:user,repo,user:email,workflow...
2025-04-13 23:13:57.431 [info] Getting sessions for user:email...
2025-04-13 23:13:57.431 [info] Got 1 sessions for user:email...
2025-04-13 23:13:57.437 [info] Getting sessions for all scopes...
2025-04-13 23:13:57.437 [info] Got 1 sessions for ...
2025-04-13 23:13:57.440 [info] Getting sessions for read:user,repo,user:email,workflow...
2025-04-13 23:13:57.440 [info] Got 0 sessions for read:user,repo,user:email,workflow...
2025-04-13 23:13:57.441 [info] Getting sessions for user:email...
2025-04-13 23:13:57.442 [info] Got 1 sessions for user:email...
2025-04-13 23:23:57.381 [info] Getting sessions for all scopes...
2025-04-13 23:23:57.381 [info] Got 1 sessions for ...
2025-04-13 23:23:57.383 [info] Getting sessions for read:user,repo,user:email,workflow...
2025-04-13 23:23:57.383 [info] Got 0 sessions for read:user,repo,user:email,workflow...
2025-04-13 23:23:57.384 [info] Getting sessions for user:email...
2025-04-13 23:23:57.384 [info] Got 1 sessions for user:email...
2025-04-13 23:23:59.138 [info] Getting sessions for all scopes...
2025-04-13 23:23:59.138 [info] Got 1 sessions for ...
2025-04-13 23:23:59.138 [info] Getting sessions for all scopes...
2025-04-13 23:23:59.138 [info] Got 1 sessions for ...
2025-04-13 23:23:59.139 [info] Getting sessions for read:user,repo,user:email,workflow...
2025-04-13 23:23:59.139 [info] Got 0 sessions for read:user,repo,user:email,workflow...
2025-04-13 23:23:59.141 [info] Getting sessions for user:email...
2025-04-13 23:23:59.141 [info] Got 1 sessions for user:email...
2025-04-13 23:23:59.143 [info] Getting sessions for all scopes...
2025-04-13 23:23:59.143 [info] Got 1 sessions for ...
2025-04-13 23:23:59.145 [info] Getting sessions for read:user,repo,user:email,workflow...
2025-04-13 23:23:59.145 [info] Got 0 sessions for read:user,repo,user:email,workflow...
2025-04-13 23:23:59.147 [info] Getting sessions for user:email...
2025-04-13 23:23:59.147 [info] Got 1 sessions for user:email...
2025-04-13 23:23:59.172 [info] Getting sessions for all scopes...
2025-04-13 23:23:59.172 [info] Got 1 sessions for ...
2025-04-13 23:23:59.185 [info] Getting sessions for read:user,repo,user:email,workflow...
2025-04-13 23:23:59.185 [info] Got 0 sessions for read:user,repo,user:email,workflow...
2025-04-13 23:23:59.188 [info] Getting sessions for user:email...
2025-04-13 23:23:59.188 [info] Got 1 sessions for user:email...
2025-04-13 23:38:59.200 [info] Getting sessions for all scopes...
2025-04-13 23:38:59.200 [info] Got 1 sessions for ...
2025-04-13 23:38:59.201 [info] Getting sessions for read:user,repo,user:email,workflow...
2025-04-13 23:38:59.201 [info] Got 0 sessions for read:user,repo,user:email,workflow...
2025-04-13 23:38:59.202 [info] Getting sessions for user:email...
2025-04-13 23:38:59.202 [info] Got 1 sessions for user:email...
2025-04-13 23:38:59.204 [info] Getting sessions for all scopes...
2025-04-13 23:38:59.204 [info] Got 1 sessions for ...
2025-04-13 23:38:59.205 [info] Getting sessions for read:user,repo,user:email,workflow...
2025-04-13 23:38:59.205 [info] Got 0 sessions for read:user,repo,user:email,workflow...
2025-04-13 23:38:59.206 [info] Getting sessions for user:email...
2025-04-13 23:38:59.206 [info] Got 1 sessions for user:email...
2025-04-14 08:06:24.026 [info] Getting sessions for all scopes...
2025-04-14 08:06:24.026 [info] Got 1 sessions for ...
2025-04-14 08:06:24.029 [info] Getting sessions for read:user,repo,user:email,workflow...
2025-04-14 08:06:24.029 [info] Got 0 sessions for read:user,repo,user:email,workflow...
2025-04-14 08:06:24.031 [info] Getting sessions for user:email...
2025-04-14 08:06:24.031 [info] Got 1 sessions for user:email...
2025-04-14 08:06:25.379 [info] Getting sessions for all scopes...
2025-04-14 08:06:25.379 [info] Got 1 sessions for ...
2025-04-14 08:06:25.379 [info] Getting sessions for all scopes...
2025-04-14 08:06:25.379 [info] Got 1 sessions for ...
2025-04-14 08:06:25.380 [info] Getting sessions for read:user,repo,user:email,workflow...
2025-04-14 08:06:25.380 [info] Got 0 sessions for read:user,repo,user:email,workflow...
2025-04-14 08:06:25.382 [info] Getting sessions for user:email...
2025-04-14 08:06:25.382 [info] Got 1 sessions for user:email...
2025-04-14 08:06:25.384 [info] Getting sessions for all scopes...
2025-04-14 08:06:25.384 [info] Got 1 sessions for ...
2025-04-14 08:06:25.387 [info] Getting sessions for read:user,repo,user:email,workflow...
2025-04-14 08:06:25.387 [info] Got 0 sessions for read:user,repo,user:email,workflow...
2025-04-14 08:06:25.391 [info] Getting sessions for user:email...
2025-04-14 08:06:25.391 [info] Got 1 sessions for user:email...
2025-04-14 08:06:25.402 [info] Getting sessions for all scopes...
2025-04-14 08:06:25.402 [info] Got 1 sessions for ...
2025-04-14 08:06:25.405 [info] Getting sessions for read:user,repo,user:email,workflow...
2025-04-14 08:06:25.405 [info] Got 0 sessions for read:user,repo,user:email,workflow...
2025-04-14 08:06:25.407 [info] Getting sessions for user:email...
2025-04-14 08:06:25.407 [info] Got 1 sessions for user:email...
2025-04-14 08:06:25.434 [info] Getting sessions for all scopes...
2025-04-14 08:06:25.434 [info] Got 1 sessions for ...
2025-04-14 08:06:25.453 [info] Getting sessions for read:user,repo,user:email,workflow...
2025-04-14 08:06:25.453 [info] Got 0 sessions for read:user,repo,user:email,workflow...
2025-04-14 08:06:25.465 [info] Getting sessions for user:email...
2025-04-14 08:06:25.466 [info] Got 1 sessions for user:email...
2025-04-14 08:21:27.586 [info] Getting sessions for all scopes...
2025-04-14 08:21:27.586 [info] Got 1 sessions for ...
2025-04-14 08:21:27.588 [info] Getting sessions for read:user,repo,user:email,workflow...
2025-04-14 08:21:27.588 [info] Got 0 sessions for read:user,repo,user:email,workflow...
2025-04-14 08:21:27.590 [info] Getting sessions for user:email...
2025-04-14 08:21:27.590 [info] Got 1 sessions for user:email...
2025-04-14 08:21:27.593 [info] Getting sessions for all scopes...
2025-04-14 08:21:27.593 [info] Got 1 sessions for ...
2025-04-14 08:21:27.594 [info] Getting sessions for read:user,repo,user:email,workflow...
2025-04-14 08:21:27.594 [info] Got 0 sessions for read:user,repo,user:email,workflow...
2025-04-14 08:21:27.596 [info] Getting sessions for user:email...
2025-04-14 08:21:27.596 [info] Got 1 sessions for user:email...
2025-04-14 08:31:25.379 [info] Getting sessions for all scopes...
2025-04-14 08:31:25.379 [info] Got 1 sessions for ...
2025-04-14 08:31:25.382 [info] Getting sessions for read:user,repo,user:email,workflow...
2025-04-14 08:31:25.382 [info] Got 0 sessions for read:user,repo,user:email,workflow...
2025-04-14 08:31:25.384 [info] Getting sessions for user:email...
2025-04-14 08:31:25.384 [info] Got 1 sessions for user:email...
2025-04-14 08:31:27.179 [info] Getting sessions for all scopes...
2025-04-14 08:31:27.179 [info] Got 1 sessions for ...
2025-04-14 08:31:27.179 [info] Getting sessions for all scopes...
2025-04-14 08:31:27.179 [info] Got 1 sessions for ...
2025-04-14 08:31:27.181 [info] Getting sessions for read:user,repo,user:email,workflow...
2025-04-14 08:31:27.181 [info] Got 0 sessions for read:user,repo,user:email,workflow...
2025-04-14 08:31:27.183 [info] Getting sessions for user:email...
2025-04-14 08:31:27.183 [info] Got 1 sessions for user:email...
2025-04-14 08:31:27.186 [info] Getting sessions for all scopes...
2025-04-14 08:31:27.186 [info] Got 1 sessions for ...
2025-04-14 08:31:27.187 [info] Getting sessions for read:user,repo,user:email,workflow...
2025-04-14 08:31:27.187 [info] Got 0 sessions for read:user,repo,user:email,workflow...
2025-04-14 08:31:27.189 [info] Getting sessions for user:email...
2025-04-14 08:31:27.189 [info] Got 1 sessions for user:email...
2025-04-14 08:31:27.207 [info] Getting sessions for all scopes...
2025-04-14 08:31:27.207 [info] Got 1 sessions for ...
2025-04-14 08:31:27.212 [info] Getting sessions for read:user,repo,user:email,workflow...
2025-04-14 08:31:27.212 [info] Got 0 sessions for read:user,repo,user:email,workflow...
2025-04-14 08:31:27.217 [info] Getting sessions for user:email...
2025-04-14 08:31:27.217 [info] Got 1 sessions for user:email...
2025-04-14 08:46:27.957 [info] Getting sessions for all scopes...
2025-04-14 08:46:27.958 [info] Got 1 sessions for ...
2025-04-14 08:46:27.962 [info] Getting sessions for read:user,repo,user:email,workflow...
2025-04-14 08:46:27.962 [info] Got 0 sessions for read:user,repo,user:email,workflow...
2025-04-14 08:46:27.964 [info] Getting sessions for user:email...
2025-04-14 08:46:27.964 [info] Got 1 sessions for user:email...
2025-04-14 08:46:27.970 [info] Getting sessions for all scopes...
2025-04-14 08:46:27.970 [info] Got 1 sessions for ...
2025-04-14 08:46:27.973 [info] Getting sessions for read:user,repo,user:email,workflow...
2025-04-14 08:46:27.973 [info] Got 0 sessions for read:user,repo,user:email,workflow...
2025-04-14 08:46:27.978 [info] Getting sessions for user:email...
2025-04-14 08:46:27.978 [info] Got 1 sessions for user:email...
2025-04-14 09:30:20.967 [info] Getting sessions for all scopes...
2025-04-14 09:30:20.967 [info] Got 1 sessions for ...
2025-04-14 09:30:20.969 [info] Getting sessions for read:user,repo,user:email,workflow...
2025-04-14 09:30:20.969 [info] Got 0 sessions for read:user,repo,user:email,workflow...
2025-04-14 09:30:20.971 [info] Getting sessions for user:email...
2025-04-14 09:30:20.971 [info] Got 1 sessions for user:email...
2025-04-14 09:30:22.387 [info] Getting sessions for all scopes...
2025-04-14 09:30:22.387 [info] Got 1 sessions for ...
2025-04-14 09:30:22.388 [info] Getting sessions for all scopes...
2025-04-14 09:30:22.388 [info] Got 1 sessions for ...
2025-04-14 09:30:22.389 [info] Getting sessions for read:user,repo,user:email,workflow...
2025-04-14 09:30:22.389 [info] Got 0 sessions for read:user,repo,user:email,workflow...
2025-04-14 09:30:22.390 [info] Getting sessions for user:email...
2025-04-14 09:30:22.390 [info] Got 1 sessions for user:email...
2025-04-14 09:30:22.393 [info] Getting sessions for all scopes...
2025-04-14 09:30:22.393 [info] Got 1 sessions for ...
2025-04-14 09:30:22.394 [info] Getting sessions for read:user,repo,user:email,workflow...
2025-04-14 09:30:22.395 [info] Got 0 sessions for read:user,repo,user:email,workflow...
2025-04-14 09:30:22.396 [info] Getting sessions for user:email...
2025-04-14 09:30:22.396 [info] Got 1 sessions for user:email...
2025-04-14 09:30:22.427 [info] Getting sessions for all scopes...
2025-04-14 09:30:22.427 [info] Got 1 sessions for ...
2025-04-14 09:30:22.428 [info] Getting sessions for read:user,repo,user:email,workflow...
2025-04-14 09:30:22.428 [info] Got 0 sessions for read:user,repo,user:email,workflow...
2025-04-14 09:30:22.429 [info] Getting sessions for user:email...
2025-04-14 09:30:22.429 [info] Got 1 sessions for user:email...
2025-04-14 09:30:22.437 [info] Getting sessions for all scopes...
2025-04-14 09:30:22.437 [info] Got 1 sessions for ...
2025-04-14 09:30:22.439 [info] Getting sessions for read:user,repo,user:email,workflow...
2025-04-14 09:30:22.439 [info] Got 0 sessions for read:user,repo,user:email,workflow...
2025-04-14 09:30:22.440 [info] Getting sessions for user:email...
2025-04-14 09:30:22.440 [info] Got 1 sessions for user:email...
