2025-04-19 11:51:53.738 [info] Reading sessions from keychain...
2025-04-19 11:51:53.738 [info] Getting sessions for all scopes...
2025-04-19 11:51:53.738 [info] Getting sessions for all scopes...
2025-04-19 11:51:53.738 [info] Getting sessions for all scopes...
2025-04-19 11:51:53.738 [info] Getting sessions for all scopes...
2025-04-19 11:51:53.738 [info] Getting sessions for all scopes...
2025-04-19 11:51:53.738 [info] Getting sessions for all scopes...
2025-04-19 11:51:53.738 [info] Getting sessions for all scopes...
2025-04-19 11:51:53.738 [info] Got stored sessions!
2025-04-19 11:51:53.738 [info] Got 1 verified sessions.
2025-04-19 11:51:53.738 [info] Got 1 sessions for ...
2025-04-19 11:51:53.738 [info] Got 1 sessions for ...
2025-04-19 11:51:53.738 [info] Got 1 sessions for ...
2025-04-19 11:51:53.738 [info] Got 1 sessions for ...
2025-04-19 11:51:53.738 [info] Got 1 sessions for ...
2025-04-19 11:51:53.738 [info] Got 1 sessions for ...
2025-04-19 11:51:53.738 [info] Got 1 sessions for ...
2025-04-19 11:51:53.738 [info] Getting sessions for all scopes...
2025-04-19 11:51:53.738 [info] Got 1 sessions for ...
2025-04-19 11:51:53.738 [info] Getting sessions for all scopes...
2025-04-19 11:51:53.738 [info] Got 1 sessions for ...
2025-04-19 11:51:58.060 [info] Getting sessions for read:user,repo,user:email,workflow...
2025-04-19 11:51:58.060 [info] Got 0 sessions for read:user,repo,user:email,workflow...
2025-04-19 11:51:58.061 [info] Getting sessions for all scopes...
2025-04-19 11:51:58.061 [info] Got 1 sessions for ...
2025-04-19 11:51:58.061 [info] Getting sessions for all scopes...
2025-04-19 11:51:58.061 [info] Got 1 sessions for ...
2025-04-19 11:51:58.209 [info] Getting sessions for read:user...
2025-04-19 11:51:58.209 [info] Got 0 sessions for read:user...
2025-04-19 11:51:58.210 [info] Getting sessions for read:user,repo,user:email,workflow...
2025-04-19 11:51:58.210 [info] Got 0 sessions for read:user,repo,user:email,workflow...
2025-04-19 11:51:58.268 [info] Getting sessions for user:email...
2025-04-19 11:51:58.268 [info] Got 1 sessions for user:email...
2025-04-19 11:51:58.277 [info] Getting sessions for user:email...
2025-04-19 11:51:58.277 [info] Got 1 sessions for user:email...
2025-04-19 11:52:00.705 [info] Getting sessions for all scopes...
2025-04-19 11:52:00.705 [info] Got 1 sessions for ...
2025-04-19 11:52:00.782 [info] Getting sessions for read:user,repo,user:email,workflow...
2025-04-19 11:52:00.782 [info] Got 0 sessions for read:user,repo,user:email,workflow...
2025-04-19 11:52:01.017 [info] Getting sessions for user:email...
2025-04-19 11:52:01.018 [info] Got 1 sessions for user:email...
2025-04-19 11:52:01.029 [info] Getting sessions for all scopes...
2025-04-19 11:52:01.029 [info] Got 1 sessions for ...
2025-04-19 11:52:01.056 [info] Getting sessions for read:user,repo,user:email,workflow...
2025-04-19 11:52:01.056 [info] Got 0 sessions for read:user,repo,user:email,workflow...
2025-04-19 11:52:01.063 [info] Getting sessions for user:email...
2025-04-19 11:52:01.063 [info] Got 1 sessions for user:email...
2025-04-19 11:52:01.240 [info] Getting sessions for all scopes...
2025-04-19 11:52:01.240 [info] Got 1 sessions for ...
2025-04-19 11:52:01.251 [info] Getting sessions for read:user,repo,user:email,workflow...
2025-04-19 11:52:01.251 [info] Got 0 sessions for read:user,repo,user:email,workflow...
2025-04-19 11:52:01.258 [info] Getting sessions for user:email...
2025-04-19 11:52:01.258 [info] Got 1 sessions for user:email...
2025-04-19 11:52:02.957 [info] Getting sessions for all scopes...
2025-04-19 11:52:02.958 [info] Got 1 sessions for ...
2025-04-19 11:52:02.958 [info] Getting sessions for all scopes...
2025-04-19 11:52:02.958 [info] Got 1 sessions for ...
2025-04-19 11:52:03.045 [info] Getting sessions for read:user,repo,user:email,workflow...
2025-04-19 11:52:03.045 [info] Got 0 sessions for read:user,repo,user:email,workflow...
2025-04-19 11:52:03.078 [info] Getting sessions for user:email...
2025-04-19 11:52:03.078 [info] Got 1 sessions for user:email...
2025-04-19 11:52:03.088 [info] Getting sessions for all scopes...
2025-04-19 11:52:03.088 [info] Got 1 sessions for ...
2025-04-19 11:52:03.099 [info] Getting sessions for read:user,repo,user:email,workflow...
2025-04-19 11:52:03.099 [info] Got 0 sessions for read:user,repo,user:email,workflow...
2025-04-19 11:52:03.124 [info] Getting sessions for user:email...
2025-04-19 11:52:03.124 [info] Got 1 sessions for user:email...
2025-04-19 11:52:03.462 [info] Getting sessions for all scopes...
2025-04-19 11:52:03.462 [info] Got 1 sessions for ...
2025-04-19 11:52:03.529 [info] Getting sessions for read:user,repo,user:email,workflow...
2025-04-19 11:52:03.529 [info] Got 0 sessions for read:user,repo,user:email,workflow...
2025-04-19 11:52:03.536 [info] Getting sessions for user:email...
2025-04-19 11:52:03.536 [info] Got 1 sessions for user:email...
2025-04-19 11:52:06.674 [info] Getting sessions for all scopes...
2025-04-19 11:52:06.674 [info] Got 1 sessions for ...
2025-04-19 11:52:06.756 [info] Getting sessions for read:user,repo,user:email,workflow...
2025-04-19 11:52:06.756 [info] Got 0 sessions for read:user,repo,user:email,workflow...
2025-04-19 11:52:07.035 [info] Getting sessions for user:email...
2025-04-19 11:52:07.035 [info] Got 1 sessions for user:email...
2025-04-19 12:07:07.096 [info] Getting sessions for all scopes...
2025-04-19 12:07:07.096 [info] Got 1 sessions for ...
2025-04-19 12:07:07.099 [info] Getting sessions for read:user,repo,user:email,workflow...
2025-04-19 12:07:07.099 [info] Got 0 sessions for read:user,repo,user:email,workflow...
2025-04-19 12:07:07.101 [info] Getting sessions for user:email...
2025-04-19 12:07:07.101 [info] Got 1 sessions for user:email...
2025-04-19 12:07:07.105 [info] Getting sessions for all scopes...
2025-04-19 12:07:07.105 [info] Got 1 sessions for ...
2025-04-19 12:07:07.108 [info] Getting sessions for read:user,repo,user:email,workflow...
2025-04-19 12:07:07.108 [info] Got 0 sessions for read:user,repo,user:email,workflow...
2025-04-19 12:07:07.111 [info] Getting sessions for user:email...
2025-04-19 12:07:07.111 [info] Got 1 sessions for user:email...
2025-04-19 12:17:02.866 [info] Getting sessions for all scopes...
2025-04-19 12:17:02.866 [info] Got 1 sessions for ...
2025-04-19 12:17:02.867 [info] Getting sessions for read:user,repo,user:email,workflow...
2025-04-19 12:17:02.867 [info] Got 0 sessions for read:user,repo,user:email,workflow...
2025-04-19 12:17:02.869 [info] Getting sessions for user:email...
2025-04-19 12:17:02.869 [info] Got 1 sessions for user:email...
2025-04-19 12:17:05.170 [info] Getting sessions for all scopes...
2025-04-19 12:17:05.170 [info] Got 1 sessions for ...
2025-04-19 12:17:05.170 [info] Getting sessions for all scopes...
2025-04-19 12:17:05.170 [info] Got 1 sessions for ...
2025-04-19 12:17:05.172 [info] Getting sessions for read:user,repo,user:email,workflow...
2025-04-19 12:17:05.172 [info] Got 0 sessions for read:user,repo,user:email,workflow...
2025-04-19 12:17:05.173 [info] Getting sessions for user:email...
2025-04-19 12:17:05.173 [info] Got 1 sessions for user:email...
2025-04-19 12:17:05.175 [info] Getting sessions for all scopes...
2025-04-19 12:17:05.175 [info] Got 1 sessions for ...
2025-04-19 12:17:05.181 [info] Getting sessions for read:user,repo,user:email,workflow...
2025-04-19 12:17:05.181 [info] Got 0 sessions for read:user,repo,user:email,workflow...
2025-04-19 12:17:05.187 [info] Getting sessions for user:email...
2025-04-19 12:17:05.187 [info] Got 1 sessions for user:email...
2025-04-19 12:17:05.209 [info] Getting sessions for all scopes...
2025-04-19 12:17:05.209 [info] Got 1 sessions for ...
2025-04-19 12:17:05.212 [info] Getting sessions for read:user,repo,user:email,workflow...
2025-04-19 12:17:05.212 [info] Got 0 sessions for read:user,repo,user:email,workflow...
2025-04-19 12:17:05.220 [info] Getting sessions for user:email...
2025-04-19 12:17:05.220 [info] Got 1 sessions for user:email...
2025-04-19 12:18:24.464 [info] Getting sessions for read:user,repo,user:email,workflow...
2025-04-19 12:18:24.464 [info] Got 0 sessions for read:user,repo,user:email,workflow...
2025-04-19 12:18:24.466 [info] Getting sessions for read:user...
2025-04-19 12:18:24.466 [info] Got 0 sessions for read:user...
2025-04-19 12:18:24.468 [info] Getting sessions for user:email...
2025-04-19 12:18:24.468 [info] Got 1 sessions for user:email...
2025-04-19 12:27:24.099 [info] Getting sessions for all scopes...
2025-04-19 12:27:24.099 [info] Got 1 sessions for ...
2025-04-19 12:27:24.104 [info] Getting sessions for read:user,repo,user:email,workflow...
2025-04-19 12:27:24.104 [info] Got 0 sessions for read:user,repo,user:email,workflow...
2025-04-19 12:27:24.108 [info] Getting sessions for user:email...
2025-04-19 12:27:24.108 [info] Got 1 sessions for user:email...
2025-04-19 12:32:05.233 [info] Getting sessions for all scopes...
2025-04-19 12:32:05.234 [info] Got 1 sessions for ...
2025-04-19 12:32:05.242 [info] Getting sessions for read:user,repo,user:email,workflow...
2025-04-19 12:32:05.242 [info] Got 0 sessions for read:user,repo,user:email,workflow...
2025-04-19 12:32:05.253 [info] Getting sessions for user:email...
2025-04-19 12:32:05.253 [info] Got 1 sessions for user:email...
2025-04-19 12:42:05.170 [info] Getting sessions for all scopes...
2025-04-19 12:42:05.170 [info] Got 1 sessions for ...
2025-04-19 12:42:05.172 [info] Getting sessions for read:user,repo,user:email,workflow...
2025-04-19 12:42:05.173 [info] Got 0 sessions for read:user,repo,user:email,workflow...
2025-04-19 12:42:05.175 [info] Getting sessions for user:email...
2025-04-19 12:42:05.175 [info] Got 1 sessions for user:email...
2025-04-19 12:42:06.506 [info] Getting sessions for all scopes...
2025-04-19 12:42:06.506 [info] Got 1 sessions for ...
2025-04-19 12:42:06.508 [info] Getting sessions for all scopes...
2025-04-19 12:42:06.508 [info] Got 1 sessions for ...
2025-04-19 12:42:06.509 [info] Getting sessions for read:user,repo,user:email,workflow...
2025-04-19 12:42:06.509 [info] Got 0 sessions for read:user,repo,user:email,workflow...
2025-04-19 12:42:06.511 [info] Getting sessions for user:email...
2025-04-19 12:42:06.511 [info] Got 1 sessions for user:email...
2025-04-19 12:42:06.513 [info] Getting sessions for all scopes...
2025-04-19 12:42:06.513 [info] Got 1 sessions for ...
2025-04-19 12:42:06.515 [info] Getting sessions for read:user,repo,user:email,workflow...
2025-04-19 12:42:06.515 [info] Got 0 sessions for read:user,repo,user:email,workflow...
2025-04-19 12:42:06.518 [info] Getting sessions for user:email...
2025-04-19 12:42:06.518 [info] Got 1 sessions for user:email...
2025-04-19 12:42:06.528 [info] Getting sessions for all scopes...
2025-04-19 12:42:06.528 [info] Got 1 sessions for ...
2025-04-19 12:42:06.530 [info] Getting sessions for read:user,repo,user:email,workflow...
2025-04-19 12:42:06.530 [info] Got 0 sessions for read:user,repo,user:email,workflow...
2025-04-19 12:42:06.532 [info] Getting sessions for user:email...
2025-04-19 12:42:06.532 [info] Got 1 sessions for user:email...
2025-04-19 12:42:06.540 [info] Getting sessions for all scopes...
2025-04-19 12:42:06.540 [info] Got 1 sessions for ...
2025-04-19 12:42:06.542 [info] Getting sessions for read:user,repo,user:email,workflow...
2025-04-19 12:42:06.542 [info] Got 0 sessions for read:user,repo,user:email,workflow...
2025-04-19 12:42:06.545 [info] Getting sessions for user:email...
2025-04-19 12:42:06.545 [info] Got 1 sessions for user:email...
2025-04-19 12:45:48.761 [info] Getting sessions for read:user,repo,user:email,workflow...
2025-04-19 12:45:48.761 [info] Got 0 sessions for read:user,repo,user:email,workflow...
2025-04-19 12:45:48.768 [info] Getting sessions for read:user...
2025-04-19 12:45:48.768 [info] Got 0 sessions for read:user...
2025-04-19 12:45:48.771 [info] Getting sessions for user:email...
2025-04-19 12:45:48.772 [info] Got 1 sessions for user:email...
