2025-04-18 21:41:57.795 [info] [main] Log level: Info
2025-04-18 21:41:57.795 [info] [main] Validating found git in: "git"
2025-04-18 21:41:57.796 [info] [main] Using git "2.49.0" from "git"
2025-04-18 21:41:57.796 [info] [Model][doInitialScan] Initial repository scan started
2025-04-18 21:41:57.796 [info] > git rev-parse --show-toplevel [4ms]
2025-04-18 21:41:57.796 [info] > git rev-parse --git-dir --git-common-dir [158ms]
2025-04-18 21:41:57.796 [info] [Model][openRepository] Opened repository: /home/arctan/projects/snippetbox
2025-04-18 21:41:57.796 [info] > git rev-parse --show-toplevel [23ms]
2025-04-18 21:41:57.796 [info] [Model][doInitialScan] Initial repository scan completed - repositories (1), closed repositories (0), parent repositories (0), unsafe repositories (0)
2025-04-18 21:41:57.796 [info] > git config --get commit.template [41ms]
2025-04-18 21:41:57.805 [info] > git for-each-ref --format=%(refname)%00%(upstream:short)%00%(objectname)%00%(upstream:track)%00%(upstream:remotename)%00%(upstream:remoteref) refs/heads/main refs/remotes/main [15ms]
2025-04-18 21:41:57.843 [info] > git status -z -uall [19ms]
2025-04-18 21:41:57.856 [info] > git for-each-ref --sort -committerdate --format %(refname) %(objectname) %(*objectname) [15ms]
2025-04-18 21:41:57.897 [info] > git for-each-ref --format=%(refname)%00%(upstream:short)%00%(objectname)%00%(upstream:track)%00%(upstream:remotename)%00%(upstream:remoteref) refs/heads/main refs/remotes/main [18ms]
2025-04-18 21:41:57.920 [info] > git config --get commit.template [23ms]
2025-04-18 21:41:57.985 [info] > git config --local branch.main.vscode-merge-base [70ms]
2025-04-18 21:41:58.048 [info] > git for-each-ref --format=%(refname)%00%(upstream:short)%00%(objectname)%00%(upstream:track)%00%(upstream:remotename)%00%(upstream:remoteref) refs/heads/origin/main refs/remotes/origin/main [45ms]
2025-04-18 21:41:58.186 [info] > git merge-base refs/heads/main refs/remotes/origin/main [120ms]
2025-04-18 21:41:58.196 [info] > git for-each-ref --format=%(refname)%00%(upstream:short)%00%(objectname)%00%(upstream:track)%00%(upstream:remotename)%00%(upstream:remoteref) refs/heads/main refs/remotes/main [150ms]
2025-04-18 21:41:58.231 [info] > git status -z -uall [23ms]
2025-04-18 21:41:58.231 [info] > git check-ignore -v -z --stdin [3ms]
2025-04-18 21:41:58.232 [info] > git for-each-ref --sort -committerdate --format %(refname) %(objectname) %(*objectname) [15ms]
2025-04-18 21:41:58.246 [info] > git diff --name-status -z --diff-filter=ADMR 297628d0065049efc232756a7d5a9c5d4f204c1c...refs/remotes/origin/main [50ms]
2025-04-18 21:41:58.248 [info] > git merge-base refs/heads/main refs/remotes/origin/main [5ms]
2025-04-18 21:41:58.264 [info] > git diff --name-status -z --diff-filter=ADMR 297628d0065049efc232756a7d5a9c5d4f204c1c...refs/remotes/origin/main [4ms]
2025-04-18 21:42:01.420 [info] > git config --get commit.template [9ms]
2025-04-18 21:42:01.599 [info] > git for-each-ref --format=%(refname)%00%(upstream:short)%00%(objectname)%00%(upstream:track)%00%(upstream:remotename)%00%(upstream:remoteref) refs/heads/main refs/remotes/main [86ms]
2025-04-18 21:42:01.816 [info] > git status -z -uall [58ms]
2025-04-18 21:42:01.827 [info] > git for-each-ref --sort -committerdate --format %(refname) %(objectname) %(*objectname) [34ms]
