2025-04-13 14:29:12.878 [info] Reading sessions from keychain...
2025-04-13 14:29:12.878 [info] Getting sessions for all scopes...
2025-04-13 14:29:12.878 [info] Getting sessions for all scopes...
2025-04-13 14:29:12.878 [info] Got stored sessions!
2025-04-13 14:29:12.878 [info] Got 1 verified sessions.
2025-04-13 14:29:12.879 [info] Got 1 sessions for ...
2025-04-13 14:29:12.879 [info] Got 1 sessions for ...
2025-04-13 14:29:13.038 [info] Getting sessions for all scopes...
2025-04-13 14:29:13.038 [info] Got 1 sessions for ...
2025-04-13 14:29:13.038 [info] Getting sessions for all scopes...
2025-04-13 14:29:13.039 [info] Got 1 sessions for ...
2025-04-13 14:29:13.039 [info] Getting sessions for all scopes...
2025-04-13 14:29:13.039 [info] Got 1 sessions for ...
2025-04-13 14:29:13.039 [info] Getting sessions for all scopes...
2025-04-13 14:29:13.039 [info] Got 1 sessions for ...
2025-04-13 14:29:13.039 [info] Getting sessions for all scopes...
2025-04-13 14:29:13.039 [info] Got 1 sessions for ...
2025-04-13 14:29:13.828 [info] Getting sessions for all scopes...
2025-04-13 14:29:13.828 [info] Got 1 sessions for ...
2025-04-13 14:29:17.652 [info] Getting sessions for all scopes...
2025-04-13 14:29:17.652 [info] Got 1 sessions for ...
2025-04-13 14:29:17.824 [info] Getting sessions for read:user,repo,user:email,workflow...
2025-04-13 14:29:17.825 [info] Got 0 sessions for read:user,repo,user:email,workflow...
2025-04-13 14:29:17.825 [info] Getting sessions for all scopes...
2025-04-13 14:29:17.825 [info] Got 1 sessions for ...
2025-04-13 14:29:17.825 [info] Getting sessions for all scopes...
2025-04-13 14:29:17.825 [info] Got 1 sessions for ...
2025-04-13 14:29:17.884 [info] Getting sessions for read:user...
2025-04-13 14:29:17.884 [info] Got 0 sessions for read:user...
2025-04-13 14:29:17.885 [info] Getting sessions for read:user,repo,user:email,workflow...
2025-04-13 14:29:17.885 [info] Got 0 sessions for read:user,repo,user:email,workflow...
2025-04-13 14:29:17.991 [info] Getting sessions for user:email...
2025-04-13 14:29:17.991 [info] Got 1 sessions for user:email...
2025-04-13 14:29:17.991 [info] Getting sessions for user:email...
2025-04-13 14:29:17.991 [info] Got 1 sessions for user:email...
2025-04-13 14:29:18.183 [info] Getting sessions for all scopes...
2025-04-13 14:29:18.183 [info] Got 1 sessions for ...
2025-04-13 14:29:20.733 [info] Getting sessions for read:user,repo,user:email,workflow...
2025-04-13 14:29:20.734 [info] Got 0 sessions for read:user,repo,user:email,workflow...
2025-04-13 14:29:21.047 [info] Getting sessions for user:email...
2025-04-13 14:29:21.047 [info] Got 1 sessions for user:email...
2025-04-13 14:29:21.114 [info] Getting sessions for all scopes...
2025-04-13 14:29:21.114 [info] Got 1 sessions for ...
2025-04-13 14:29:21.116 [info] Getting sessions for read:user,repo,user:email,workflow...
2025-04-13 14:29:21.116 [info] Got 0 sessions for read:user,repo,user:email,workflow...
2025-04-13 14:29:21.118 [info] Getting sessions for user:email...
2025-04-13 14:29:21.119 [info] Got 1 sessions for user:email...
2025-04-13 14:29:21.545 [info] Getting sessions for all scopes...
2025-04-13 14:29:21.545 [info] Got 1 sessions for ...
2025-04-13 14:29:21.547 [info] Getting sessions for read:user,repo,user:email,workflow...
2025-04-13 14:29:21.547 [info] Got 0 sessions for read:user,repo,user:email,workflow...
2025-04-13 14:29:21.553 [info] Getting sessions for user:email...
2025-04-13 14:29:21.553 [info] Got 1 sessions for user:email...
2025-04-13 14:29:22.304 [info] Getting sessions for all scopes...
2025-04-13 14:29:22.304 [info] Got 1 sessions for ...
2025-04-13 14:29:22.304 [info] Getting sessions for all scopes...
2025-04-13 14:29:22.304 [info] Got 1 sessions for ...
2025-04-13 14:29:22.322 [info] Getting sessions for read:user,repo,user:email,workflow...
2025-04-13 14:29:22.322 [info] Got 0 sessions for read:user,repo,user:email,workflow...
2025-04-13 14:29:22.325 [info] Getting sessions for user:email...
2025-04-13 14:29:22.325 [info] Got 1 sessions for user:email...
2025-04-13 14:29:22.329 [info] Getting sessions for all scopes...
2025-04-13 14:29:22.329 [info] Got 1 sessions for ...
2025-04-13 14:29:22.331 [info] Getting sessions for read:user,repo,user:email,workflow...
2025-04-13 14:29:22.331 [info] Got 0 sessions for read:user,repo,user:email,workflow...
2025-04-13 14:29:22.333 [info] Getting sessions for user:email...
2025-04-13 14:29:22.333 [info] Got 1 sessions for user:email...
2025-04-13 14:29:22.478 [info] Getting sessions for all scopes...
2025-04-13 14:29:22.478 [info] Got 1 sessions for ...
2025-04-13 14:29:22.532 [info] Getting sessions for read:user,repo,user:email,workflow...
2025-04-13 14:29:22.532 [info] Got 0 sessions for read:user,repo,user:email,workflow...
2025-04-13 14:29:22.538 [info] Getting sessions for user:email...
2025-04-13 14:29:22.538 [info] Got 1 sessions for user:email...
2025-04-13 14:29:25.227 [info] Getting sessions for all scopes...
2025-04-13 14:29:25.227 [info] Got 1 sessions for ...
2025-04-13 14:29:25.234 [info] Getting sessions for read:user,repo,user:email,workflow...
2025-04-13 14:29:25.234 [info] Got 0 sessions for read:user,repo,user:email,workflow...
2025-04-13 14:29:25.236 [info] Getting sessions for user:email...
2025-04-13 14:29:25.236 [info] Got 1 sessions for user:email...
2025-04-13 14:44:25.241 [info] Getting sessions for all scopes...
2025-04-13 14:44:25.242 [info] Got 1 sessions for ...
2025-04-13 14:44:25.245 [info] Getting sessions for read:user,repo,user:email,workflow...
2025-04-13 14:44:25.245 [info] Got 0 sessions for read:user,repo,user:email,workflow...
2025-04-13 14:44:25.247 [info] Getting sessions for user:email...
2025-04-13 14:44:25.247 [info] Got 1 sessions for user:email...
2025-04-13 14:44:25.251 [info] Getting sessions for all scopes...
2025-04-13 14:44:25.251 [info] Got 1 sessions for ...
2025-04-13 14:44:25.254 [info] Getting sessions for read:user,repo,user:email,workflow...
2025-04-13 14:44:25.254 [info] Got 0 sessions for read:user,repo,user:email,workflow...
2025-04-13 14:44:25.257 [info] Getting sessions for user:email...
2025-04-13 14:44:25.257 [info] Got 1 sessions for user:email...
2025-04-13 14:54:22.288 [info] Getting sessions for all scopes...
2025-04-13 14:54:22.288 [info] Got 1 sessions for ...
2025-04-13 14:54:22.291 [info] Getting sessions for read:user,repo,user:email,workflow...
2025-04-13 14:54:22.291 [info] Got 0 sessions for read:user,repo,user:email,workflow...
2025-04-13 14:54:22.293 [info] Getting sessions for user:email...
2025-04-13 14:54:22.293 [info] Got 1 sessions for user:email...
2025-04-13 14:54:22.305 [info] Getting sessions for all scopes...
2025-04-13 14:54:22.305 [info] Got 1 sessions for ...
2025-04-13 14:54:22.305 [info] Getting sessions for all scopes...
2025-04-13 14:54:22.305 [info] Got 1 sessions for ...
2025-04-13 14:54:22.306 [info] Getting sessions for read:user,repo,user:email,workflow...
2025-04-13 14:54:22.306 [info] Got 0 sessions for read:user,repo,user:email,workflow...
2025-04-13 14:54:22.307 [info] Getting sessions for user:email...
2025-04-13 14:54:22.307 [info] Got 1 sessions for user:email...
2025-04-13 14:54:22.308 [info] Getting sessions for all scopes...
2025-04-13 14:54:22.308 [info] Got 1 sessions for ...
2025-04-13 14:54:22.309 [info] Getting sessions for read:user,repo,user:email,workflow...
2025-04-13 14:54:22.309 [info] Got 0 sessions for read:user,repo,user:email,workflow...
2025-04-13 14:54:22.310 [info] Getting sessions for user:email...
2025-04-13 14:54:22.310 [info] Got 1 sessions for user:email...
2025-04-13 14:54:22.312 [info] Getting sessions for all scopes...
2025-04-13 14:54:22.312 [info] Got 1 sessions for ...
2025-04-13 14:54:22.314 [info] Getting sessions for read:user,repo,user:email,workflow...
2025-04-13 14:54:22.314 [info] Got 0 sessions for read:user,repo,user:email,workflow...
2025-04-13 14:54:22.316 [info] Getting sessions for user:email...
2025-04-13 14:54:22.316 [info] Got 1 sessions for user:email...
2025-04-13 14:54:22.421 [info] Getting sessions for all scopes...
2025-04-13 14:54:22.421 [info] Got 1 sessions for ...
2025-04-13 14:54:22.436 [info] Getting sessions for read:user,repo,user:email,workflow...
2025-04-13 14:54:22.436 [info] Got 0 sessions for read:user,repo,user:email,workflow...
2025-04-13 14:54:22.442 [info] Getting sessions for user:email...
2025-04-13 14:54:22.442 [info] Got 1 sessions for user:email...
2025-04-13 14:54:22.444 [info] Getting sessions for all scopes...
2025-04-13 14:54:22.444 [info] Got 1 sessions for ...
2025-04-13 14:54:22.453 [info] Getting sessions for read:user,repo,user:email,workflow...
2025-04-13 14:54:22.453 [info] Got 0 sessions for read:user,repo,user:email,workflow...
2025-04-13 14:54:22.454 [info] Getting sessions for user:email...
2025-04-13 14:54:22.454 [info] Got 1 sessions for user:email...
2025-04-13 15:09:22.462 [info] Getting sessions for all scopes...
2025-04-13 15:09:22.463 [info] Got 1 sessions for ...
2025-04-13 15:09:22.466 [info] Getting sessions for read:user,repo,user:email,workflow...
2025-04-13 15:09:22.466 [info] Got 0 sessions for read:user,repo,user:email,workflow...
2025-04-13 15:09:22.468 [info] Getting sessions for user:email...
2025-04-13 15:09:22.468 [info] Got 1 sessions for user:email...
2025-04-13 15:09:22.471 [info] Getting sessions for all scopes...
2025-04-13 15:09:22.471 [info] Got 1 sessions for ...
2025-04-13 15:09:22.473 [info] Getting sessions for read:user,repo,user:email,workflow...
2025-04-13 15:09:22.473 [info] Got 0 sessions for read:user,repo,user:email,workflow...
2025-04-13 15:09:22.476 [info] Getting sessions for user:email...
2025-04-13 15:09:22.476 [info] Got 1 sessions for user:email...
2025-04-13 15:24:22.483 [info] Getting sessions for all scopes...
2025-04-13 15:24:22.484 [info] Got 1 sessions for ...
2025-04-13 15:24:22.486 [info] Getting sessions for read:user,repo,user:email,workflow...
2025-04-13 15:24:22.486 [info] Got 0 sessions for read:user,repo,user:email,workflow...
2025-04-13 15:24:22.488 [info] Getting sessions for user:email...
2025-04-13 15:24:22.488 [info] Got 1 sessions for user:email...
2025-04-13 15:24:22.491 [info] Getting sessions for all scopes...
2025-04-13 15:24:22.491 [info] Got 1 sessions for ...
2025-04-13 15:24:22.493 [info] Getting sessions for read:user,repo,user:email,workflow...
2025-04-13 15:24:22.493 [info] Got 0 sessions for read:user,repo,user:email,workflow...
2025-04-13 15:24:22.495 [info] Getting sessions for user:email...
2025-04-13 15:24:22.495 [info] Got 1 sessions for user:email...
2025-04-13 15:39:22.503 [info] Getting sessions for all scopes...
2025-04-13 15:39:22.503 [info] Got 1 sessions for ...
2025-04-13 15:39:22.505 [info] Getting sessions for read:user,repo,user:email,workflow...
2025-04-13 15:39:22.505 [info] Got 0 sessions for read:user,repo,user:email,workflow...
2025-04-13 15:39:22.507 [info] Getting sessions for user:email...
2025-04-13 15:39:22.507 [info] Got 1 sessions for user:email...
2025-04-13 15:39:22.510 [info] Getting sessions for all scopes...
2025-04-13 15:39:22.510 [info] Got 1 sessions for ...
2025-04-13 15:39:22.512 [info] Getting sessions for read:user,repo,user:email,workflow...
2025-04-13 15:39:22.512 [info] Got 0 sessions for read:user,repo,user:email,workflow...
2025-04-13 15:39:22.513 [info] Getting sessions for user:email...
2025-04-13 15:39:22.513 [info] Got 1 sessions for user:email...
2025-04-13 15:54:22.523 [info] Getting sessions for all scopes...
2025-04-13 15:54:22.523 [info] Got 1 sessions for ...
2025-04-13 15:54:22.526 [info] Getting sessions for read:user,repo,user:email,workflow...
2025-04-13 15:54:22.526 [info] Got 0 sessions for read:user,repo,user:email,workflow...
2025-04-13 15:54:22.528 [info] Getting sessions for user:email...
2025-04-13 15:54:22.528 [info] Got 1 sessions for user:email...
2025-04-13 15:54:22.531 [info] Getting sessions for all scopes...
2025-04-13 15:54:22.531 [info] Got 1 sessions for ...
2025-04-13 15:54:22.532 [info] Getting sessions for read:user,repo,user:email,workflow...
2025-04-13 15:54:22.532 [info] Got 0 sessions for read:user,repo,user:email,workflow...
2025-04-13 15:54:22.534 [info] Getting sessions for user:email...
2025-04-13 15:54:22.534 [info] Got 1 sessions for user:email...
2025-04-13 16:09:22.565 [info] Getting sessions for all scopes...
2025-04-13 16:09:22.565 [info] Got 1 sessions for ...
2025-04-13 16:09:22.567 [info] Getting sessions for read:user,repo,user:email,workflow...
2025-04-13 16:09:22.567 [info] Got 0 sessions for read:user,repo,user:email,workflow...
2025-04-13 16:09:22.569 [info] Getting sessions for user:email...
2025-04-13 16:09:22.569 [info] Got 1 sessions for user:email...
2025-04-13 16:09:22.572 [info] Getting sessions for all scopes...
2025-04-13 16:09:22.572 [info] Got 1 sessions for ...
2025-04-13 16:09:22.574 [info] Getting sessions for read:user,repo,user:email,workflow...
2025-04-13 16:09:22.574 [info] Got 0 sessions for read:user,repo,user:email,workflow...
2025-04-13 16:09:22.577 [info] Getting sessions for user:email...
2025-04-13 16:09:22.577 [info] Got 1 sessions for user:email...
2025-04-13 16:24:22.583 [info] Getting sessions for all scopes...
2025-04-13 16:24:22.583 [info] Got 1 sessions for ...
2025-04-13 16:24:22.585 [info] Getting sessions for read:user,repo,user:email,workflow...
2025-04-13 16:24:22.585 [info] Got 0 sessions for read:user,repo,user:email,workflow...
2025-04-13 16:24:22.588 [info] Getting sessions for user:email...
2025-04-13 16:24:22.588 [info] Got 1 sessions for user:email...
2025-04-13 16:24:22.590 [info] Getting sessions for all scopes...
2025-04-13 16:24:22.591 [info] Got 1 sessions for ...
2025-04-13 16:24:22.594 [info] Getting sessions for read:user,repo,user:email,workflow...
2025-04-13 16:24:22.594 [info] Got 0 sessions for read:user,repo,user:email,workflow...
2025-04-13 16:24:22.597 [info] Getting sessions for user:email...
2025-04-13 16:24:22.597 [info] Got 1 sessions for user:email...
2025-04-13 16:39:22.606 [info] Getting sessions for all scopes...
2025-04-13 16:39:22.606 [info] Got 1 sessions for ...
2025-04-13 16:39:22.609 [info] Getting sessions for read:user,repo,user:email,workflow...
2025-04-13 16:39:22.609 [info] Got 0 sessions for read:user,repo,user:email,workflow...
2025-04-13 16:39:22.610 [info] Getting sessions for user:email...
2025-04-13 16:39:22.611 [info] Got 1 sessions for user:email...
2025-04-13 16:39:22.613 [info] Getting sessions for all scopes...
2025-04-13 16:39:22.613 [info] Got 1 sessions for ...
2025-04-13 16:39:22.616 [info] Getting sessions for read:user,repo,user:email,workflow...
2025-04-13 16:39:22.616 [info] Got 0 sessions for read:user,repo,user:email,workflow...
2025-04-13 16:39:22.618 [info] Getting sessions for user:email...
2025-04-13 16:39:22.619 [info] Got 1 sessions for user:email...
2025-04-13 16:54:22.626 [info] Getting sessions for all scopes...
2025-04-13 16:54:22.626 [info] Got 1 sessions for ...
2025-04-13 16:54:22.629 [info] Getting sessions for read:user,repo,user:email,workflow...
2025-04-13 16:54:22.629 [info] Got 0 sessions for read:user,repo,user:email,workflow...
2025-04-13 16:54:22.631 [info] Getting sessions for user:email...
2025-04-13 16:54:22.631 [info] Got 1 sessions for user:email...
2025-04-13 16:54:22.634 [info] Getting sessions for all scopes...
2025-04-13 16:54:22.634 [info] Got 1 sessions for ...
2025-04-13 16:54:22.637 [info] Getting sessions for read:user,repo,user:email,workflow...
2025-04-13 16:54:22.637 [info] Got 0 sessions for read:user,repo,user:email,workflow...
2025-04-13 16:54:22.639 [info] Getting sessions for user:email...
2025-04-13 16:54:22.639 [info] Got 1 sessions for user:email...
2025-04-13 17:09:22.646 [info] Getting sessions for all scopes...
2025-04-13 17:09:22.646 [info] Got 1 sessions for ...
2025-04-13 17:09:22.648 [info] Getting sessions for read:user,repo,user:email,workflow...
2025-04-13 17:09:22.648 [info] Got 0 sessions for read:user,repo,user:email,workflow...
2025-04-13 17:09:22.650 [info] Getting sessions for user:email...
2025-04-13 17:09:22.650 [info] Got 1 sessions for user:email...
2025-04-13 17:09:22.652 [info] Getting sessions for all scopes...
2025-04-13 17:09:22.653 [info] Got 1 sessions for ...
2025-04-13 17:09:22.655 [info] Getting sessions for read:user,repo,user:email,workflow...
2025-04-13 17:09:22.655 [info] Got 0 sessions for read:user,repo,user:email,workflow...
2025-04-13 17:09:22.657 [info] Getting sessions for user:email...
2025-04-13 17:09:22.657 [info] Got 1 sessions for user:email...
2025-04-13 17:24:22.665 [info] Getting sessions for all scopes...
2025-04-13 17:24:22.665 [info] Got 1 sessions for ...
2025-04-13 17:24:22.668 [info] Getting sessions for read:user,repo,user:email,workflow...
2025-04-13 17:24:22.668 [info] Got 0 sessions for read:user,repo,user:email,workflow...
2025-04-13 17:24:22.670 [info] Getting sessions for user:email...
2025-04-13 17:24:22.670 [info] Got 1 sessions for user:email...
2025-04-13 17:24:22.672 [info] Getting sessions for all scopes...
2025-04-13 17:24:22.672 [info] Got 1 sessions for ...
2025-04-13 17:24:22.674 [info] Getting sessions for read:user,repo,user:email,workflow...
2025-04-13 17:24:22.674 [info] Got 0 sessions for read:user,repo,user:email,workflow...
2025-04-13 17:24:22.676 [info] Getting sessions for user:email...
2025-04-13 17:24:22.676 [info] Got 1 sessions for user:email...
2025-04-13 17:39:22.683 [info] Getting sessions for all scopes...
2025-04-13 17:39:22.684 [info] Got 1 sessions for ...
2025-04-13 17:39:22.686 [info] Getting sessions for read:user,repo,user:email,workflow...
2025-04-13 17:39:22.686 [info] Got 0 sessions for read:user,repo,user:email,workflow...
2025-04-13 17:39:22.688 [info] Getting sessions for user:email...
2025-04-13 17:39:22.688 [info] Got 1 sessions for user:email...
2025-04-13 17:39:22.691 [info] Getting sessions for all scopes...
2025-04-13 17:39:22.691 [info] Got 1 sessions for ...
2025-04-13 17:39:22.693 [info] Getting sessions for read:user,repo,user:email,workflow...
2025-04-13 17:39:22.693 [info] Got 0 sessions for read:user,repo,user:email,workflow...
2025-04-13 17:39:22.695 [info] Getting sessions for user:email...
2025-04-13 17:39:22.695 [info] Got 1 sessions for user:email...
2025-04-13 17:54:22.702 [info] Getting sessions for all scopes...
2025-04-13 17:54:22.702 [info] Got 1 sessions for ...
2025-04-13 17:54:22.705 [info] Getting sessions for read:user,repo,user:email,workflow...
2025-04-13 17:54:22.705 [info] Got 0 sessions for read:user,repo,user:email,workflow...
2025-04-13 17:54:22.708 [info] Getting sessions for user:email...
2025-04-13 17:54:22.708 [info] Got 1 sessions for user:email...
2025-04-13 17:54:22.711 [info] Getting sessions for all scopes...
2025-04-13 17:54:22.711 [info] Got 1 sessions for ...
2025-04-13 17:54:22.713 [info] Getting sessions for read:user,repo,user:email,workflow...
2025-04-13 17:54:22.713 [info] Got 0 sessions for read:user,repo,user:email,workflow...
2025-04-13 17:54:22.715 [info] Getting sessions for user:email...
2025-04-13 17:54:22.715 [info] Got 1 sessions for user:email...
2025-04-13 18:09:22.745 [info] Getting sessions for all scopes...
2025-04-13 18:09:22.746 [info] Got 1 sessions for ...
2025-04-13 18:09:22.748 [info] Getting sessions for read:user,repo,user:email,workflow...
2025-04-13 18:09:22.748 [info] Got 0 sessions for read:user,repo,user:email,workflow...
2025-04-13 18:09:22.750 [info] Getting sessions for user:email...
2025-04-13 18:09:22.750 [info] Got 1 sessions for user:email...
2025-04-13 18:09:22.752 [info] Getting sessions for all scopes...
2025-04-13 18:09:22.752 [info] Got 1 sessions for ...
2025-04-13 18:09:22.753 [info] Getting sessions for read:user,repo,user:email,workflow...
2025-04-13 18:09:22.753 [info] Got 0 sessions for read:user,repo,user:email,workflow...
2025-04-13 18:09:22.755 [info] Getting sessions for user:email...
2025-04-13 18:09:22.755 [info] Got 1 sessions for user:email...
2025-04-13 18:24:22.763 [info] Getting sessions for all scopes...
2025-04-13 18:24:22.763 [info] Got 1 sessions for ...
2025-04-13 18:24:22.766 [info] Getting sessions for read:user,repo,user:email,workflow...
2025-04-13 18:24:22.766 [info] Got 0 sessions for read:user,repo,user:email,workflow...
2025-04-13 18:24:22.768 [info] Getting sessions for user:email...
2025-04-13 18:24:22.768 [info] Got 1 sessions for user:email...
2025-04-13 18:24:22.772 [info] Getting sessions for all scopes...
2025-04-13 18:24:22.772 [info] Got 1 sessions for ...
2025-04-13 18:24:22.774 [info] Getting sessions for read:user,repo,user:email,workflow...
2025-04-13 18:24:22.774 [info] Got 0 sessions for read:user,repo,user:email,workflow...
2025-04-13 18:24:22.776 [info] Getting sessions for user:email...
2025-04-13 18:24:22.776 [info] Got 1 sessions for user:email...
2025-04-13 18:39:22.784 [info] Getting sessions for all scopes...
2025-04-13 18:39:22.784 [info] Got 1 sessions for ...
2025-04-13 18:39:22.786 [info] Getting sessions for read:user,repo,user:email,workflow...
2025-04-13 18:39:22.786 [info] Got 0 sessions for read:user,repo,user:email,workflow...
2025-04-13 18:39:22.788 [info] Getting sessions for user:email...
2025-04-13 18:39:22.788 [info] Got 1 sessions for user:email...
2025-04-13 18:39:22.791 [info] Getting sessions for all scopes...
2025-04-13 18:39:22.791 [info] Got 1 sessions for ...
2025-04-13 18:39:22.793 [info] Getting sessions for read:user,repo,user:email,workflow...
2025-04-13 18:39:22.793 [info] Got 0 sessions for read:user,repo,user:email,workflow...
2025-04-13 18:39:22.794 [info] Getting sessions for user:email...
2025-04-13 18:39:22.794 [info] Got 1 sessions for user:email...
2025-04-13 18:54:22.802 [info] Getting sessions for all scopes...
2025-04-13 18:54:22.802 [info] Got 1 sessions for ...
2025-04-13 18:54:22.804 [info] Getting sessions for read:user,repo,user:email,workflow...
2025-04-13 18:54:22.804 [info] Got 0 sessions for read:user,repo,user:email,workflow...
2025-04-13 18:54:22.806 [info] Getting sessions for user:email...
2025-04-13 18:54:22.806 [info] Got 1 sessions for user:email...
2025-04-13 18:54:22.809 [info] Getting sessions for all scopes...
2025-04-13 18:54:22.809 [info] Got 1 sessions for ...
2025-04-13 18:54:22.811 [info] Getting sessions for read:user,repo,user:email,workflow...
2025-04-13 18:54:22.812 [info] Got 0 sessions for read:user,repo,user:email,workflow...
2025-04-13 18:54:22.814 [info] Getting sessions for user:email...
2025-04-13 18:54:22.814 [info] Got 1 sessions for user:email...
2025-04-13 19:07:38.427 [info] Getting sessions for all scopes...
2025-04-13 19:07:38.427 [info] Got 1 sessions for ...
2025-04-13 19:07:38.429 [info] Getting sessions for read:user,repo,user:email,workflow...
2025-04-13 19:07:38.429 [info] Got 0 sessions for read:user,repo,user:email,workflow...
2025-04-13 19:07:38.430 [info] Getting sessions for user:email...
2025-04-13 19:07:38.430 [info] Got 1 sessions for user:email...
2025-04-13 19:07:38.431 [info] Getting sessions for all scopes...
2025-04-13 19:07:38.431 [info] Got 1 sessions for ...
2025-04-13 19:07:38.432 [info] Getting sessions for read:user,repo,user:email,workflow...
2025-04-13 19:07:38.433 [info] Got 0 sessions for read:user,repo,user:email,workflow...
2025-04-13 19:07:38.433 [info] Getting sessions for user:email...
2025-04-13 19:07:38.433 [info] Got 1 sessions for user:email...
2025-04-13 19:07:40.122 [info] Getting sessions for all scopes...
2025-04-13 19:07:40.122 [info] Got 1 sessions for ...
2025-04-13 19:07:40.123 [info] Getting sessions for all scopes...
2025-04-13 19:07:40.123 [info] Got 1 sessions for ...
2025-04-13 19:07:40.124 [info] Getting sessions for read:user,repo,user:email,workflow...
2025-04-13 19:07:40.124 [info] Got 0 sessions for read:user,repo,user:email,workflow...
2025-04-13 19:07:40.125 [info] Getting sessions for user:email...
2025-04-13 19:07:40.125 [info] Got 1 sessions for user:email...
2025-04-13 19:07:40.127 [info] Getting sessions for all scopes...
2025-04-13 19:07:40.127 [info] Got 1 sessions for ...
2025-04-13 19:07:40.128 [info] Getting sessions for read:user,repo,user:email,workflow...
2025-04-13 19:07:40.128 [info] Got 0 sessions for read:user,repo,user:email,workflow...
2025-04-13 19:07:40.129 [info] Getting sessions for user:email...
2025-04-13 19:07:40.129 [info] Got 1 sessions for user:email...
2025-04-13 19:07:40.229 [info] Getting sessions for all scopes...
2025-04-13 19:07:40.229 [info] Got 1 sessions for ...
2025-04-13 19:07:40.290 [info] Getting sessions for read:user,repo,user:email,workflow...
2025-04-13 19:07:40.290 [info] Got 0 sessions for read:user,repo,user:email,workflow...
2025-04-13 19:07:40.298 [info] Getting sessions for user:email...
2025-04-13 19:07:40.298 [info] Got 1 sessions for user:email...
2025-04-13 19:07:40.314 [info] Getting sessions for all scopes...
2025-04-13 19:07:40.314 [info] Got 1 sessions for ...
2025-04-13 19:07:40.318 [info] Getting sessions for read:user,repo,user:email,workflow...
2025-04-13 19:07:40.318 [info] Got 0 sessions for read:user,repo,user:email,workflow...
2025-04-13 19:07:40.321 [info] Getting sessions for user:email...
2025-04-13 19:07:40.321 [info] Got 1 sessions for user:email...
2025-04-13 19:07:40.727 [info] Getting sessions for read:user,repo,user:email,workflow...
2025-04-13 19:07:40.727 [info] Got 0 sessions for read:user,repo,user:email,workflow...
2025-04-13 19:07:40.728 [info] Getting sessions for read:user...
2025-04-13 19:07:40.728 [info] Got 0 sessions for read:user...
2025-04-13 19:07:40.729 [info] Getting sessions for user:email...
2025-04-13 19:07:40.729 [info] Got 1 sessions for user:email...
2025-04-13 19:22:42.756 [info] Getting sessions for all scopes...
2025-04-13 19:22:42.756 [info] Got 1 sessions for ...
2025-04-13 19:22:42.761 [info] Getting sessions for read:user,repo,user:email,workflow...
2025-04-13 19:22:42.761 [info] Got 0 sessions for read:user,repo,user:email,workflow...
2025-04-13 19:22:42.765 [info] Getting sessions for user:email...
2025-04-13 19:22:42.765 [info] Got 1 sessions for user:email...
2025-04-13 19:22:42.770 [info] Getting sessions for all scopes...
2025-04-13 19:22:42.770 [info] Got 1 sessions for ...
2025-04-13 19:22:42.774 [info] Getting sessions for read:user,repo,user:email,workflow...
2025-04-13 19:22:42.775 [info] Got 0 sessions for read:user,repo,user:email,workflow...
2025-04-13 19:22:42.777 [info] Getting sessions for user:email...
2025-04-13 19:22:42.777 [info] Got 1 sessions for user:email...
2025-04-13 19:32:40.101 [info] Getting sessions for all scopes...
2025-04-13 19:32:40.101 [info] Got 1 sessions for ...
2025-04-13 19:32:40.103 [info] Getting sessions for read:user,repo,user:email,workflow...
2025-04-13 19:32:40.103 [info] Got 0 sessions for read:user,repo,user:email,workflow...
2025-04-13 19:32:40.105 [info] Getting sessions for user:email...
2025-04-13 19:32:40.105 [info] Got 1 sessions for user:email...
2025-04-13 19:32:41.897 [info] Getting sessions for all scopes...
2025-04-13 19:32:41.897 [info] Got 1 sessions for ...
2025-04-13 19:32:41.897 [info] Getting sessions for all scopes...
2025-04-13 19:32:41.897 [info] Got 1 sessions for ...
2025-04-13 19:32:41.899 [info] Getting sessions for read:user,repo,user:email,workflow...
2025-04-13 19:32:41.899 [info] Got 0 sessions for read:user,repo,user:email,workflow...
2025-04-13 19:32:41.901 [info] Getting sessions for user:email...
2025-04-13 19:32:41.901 [info] Got 1 sessions for user:email...
2025-04-13 19:32:41.904 [info] Getting sessions for all scopes...
2025-04-13 19:32:41.904 [info] Got 1 sessions for ...
2025-04-13 19:32:41.905 [info] Getting sessions for read:user,repo,user:email,workflow...
2025-04-13 19:32:41.905 [info] Got 0 sessions for read:user,repo,user:email,workflow...
2025-04-13 19:32:41.907 [info] Getting sessions for user:email...
2025-04-13 19:32:41.907 [info] Got 1 sessions for user:email...
2025-04-13 19:32:41.914 [info] Getting sessions for all scopes...
2025-04-13 19:32:41.914 [info] Got 1 sessions for ...
2025-04-13 19:32:41.918 [info] Getting sessions for read:user,repo,user:email,workflow...
2025-04-13 19:32:41.918 [info] Got 0 sessions for read:user,repo,user:email,workflow...
2025-04-13 19:32:41.920 [info] Getting sessions for user:email...
2025-04-13 19:32:41.920 [info] Got 1 sessions for user:email...
2025-04-13 19:47:41.930 [info] Getting sessions for all scopes...
2025-04-13 19:47:41.930 [info] Got 1 sessions for ...
2025-04-13 19:47:41.932 [info] Getting sessions for read:user,repo,user:email,workflow...
2025-04-13 19:47:41.932 [info] Got 0 sessions for read:user,repo,user:email,workflow...
2025-04-13 19:47:41.933 [info] Getting sessions for user:email...
2025-04-13 19:47:41.933 [info] Got 1 sessions for user:email...
2025-04-13 19:47:41.936 [info] Getting sessions for all scopes...
2025-04-13 19:47:41.936 [info] Got 1 sessions for ...
2025-04-13 19:47:41.938 [info] Getting sessions for read:user,repo,user:email,workflow...
2025-04-13 19:47:41.939 [info] Got 0 sessions for read:user,repo,user:email,workflow...
2025-04-13 19:47:41.940 [info] Getting sessions for user:email...
2025-04-13 19:47:41.940 [info] Got 1 sessions for user:email...
2025-04-13 19:47:41.947 [info] Getting sessions for all scopes...
2025-04-13 19:47:41.947 [info] Got 1 sessions for ...
2025-04-13 19:47:41.949 [info] Getting sessions for read:user,repo,user:email,workflow...
2025-04-13 19:47:41.949 [info] Got 0 sessions for read:user,repo,user:email,workflow...
2025-04-13 19:47:41.950 [info] Getting sessions for user:email...
2025-04-13 19:47:41.950 [info] Got 1 sessions for user:email...
2025-04-13 19:57:41.898 [info] Getting sessions for all scopes...
2025-04-13 19:57:41.898 [info] Got 1 sessions for ...
2025-04-13 19:57:41.900 [info] Getting sessions for read:user,repo,user:email,workflow...
2025-04-13 19:57:41.900 [info] Got 0 sessions for read:user,repo,user:email,workflow...
2025-04-13 19:57:41.903 [info] Getting sessions for user:email...
2025-04-13 19:57:41.903 [info] Got 1 sessions for user:email...
2025-04-13 19:57:41.911 [info] Getting sessions for all scopes...
2025-04-13 19:57:41.911 [info] Got 1 sessions for ...
2025-04-13 19:57:41.911 [info] Getting sessions for all scopes...
2025-04-13 19:57:41.911 [info] Got 1 sessions for ...
2025-04-13 19:57:41.912 [info] Getting sessions for read:user,repo,user:email,workflow...
2025-04-13 19:57:41.912 [info] Got 0 sessions for read:user,repo,user:email,workflow...
2025-04-13 19:57:41.914 [info] Getting sessions for user:email...
2025-04-13 19:57:41.914 [info] Got 1 sessions for user:email...
2025-04-13 19:57:41.916 [info] Getting sessions for all scopes...
2025-04-13 19:57:41.916 [info] Got 1 sessions for ...
2025-04-13 19:57:41.918 [info] Getting sessions for read:user,repo,user:email,workflow...
2025-04-13 19:57:41.918 [info] Got 0 sessions for read:user,repo,user:email,workflow...
2025-04-13 19:57:41.920 [info] Getting sessions for user:email...
2025-04-13 19:57:41.920 [info] Got 1 sessions for user:email...
2025-04-13 19:57:41.922 [info] Getting sessions for all scopes...
2025-04-13 19:57:41.922 [info] Got 1 sessions for ...
2025-04-13 19:57:41.926 [info] Getting sessions for read:user,repo,user:email,workflow...
2025-04-13 19:57:41.926 [info] Got 0 sessions for read:user,repo,user:email,workflow...
2025-04-13 19:57:41.928 [info] Getting sessions for user:email...
2025-04-13 19:57:41.928 [info] Got 1 sessions for user:email...
2025-04-13 19:57:42.006 [info] Getting sessions for all scopes...
2025-04-13 19:57:42.006 [info] Got 1 sessions for ...
2025-04-13 19:57:42.019 [info] Getting sessions for read:user,repo,user:email,workflow...
2025-04-13 19:57:42.019 [info] Got 0 sessions for read:user,repo,user:email,workflow...
2025-04-13 19:57:42.020 [info] Getting sessions for user:email...
2025-04-13 19:57:42.020 [info] Got 1 sessions for user:email...
2025-04-13 19:57:42.021 [info] Getting sessions for all scopes...
2025-04-13 19:57:42.021 [info] Got 1 sessions for ...
2025-04-13 19:57:42.022 [info] Getting sessions for read:user,repo,user:email,workflow...
2025-04-13 19:57:42.023 [info] Got 0 sessions for read:user,repo,user:email,workflow...
2025-04-13 19:57:42.025 [info] Getting sessions for user:email...
2025-04-13 19:57:42.025 [info] Got 1 sessions for user:email...
2025-04-13 20:12:42.036 [info] Getting sessions for all scopes...
2025-04-13 20:12:42.036 [info] Got 1 sessions for ...
2025-04-13 20:12:42.039 [info] Getting sessions for read:user,repo,user:email,workflow...
2025-04-13 20:12:42.039 [info] Got 0 sessions for read:user,repo,user:email,workflow...
2025-04-13 20:12:42.041 [info] Getting sessions for user:email...
2025-04-13 20:12:42.041 [info] Got 1 sessions for user:email...
2025-04-13 20:12:42.043 [info] Getting sessions for all scopes...
2025-04-13 20:12:42.043 [info] Got 1 sessions for ...
2025-04-13 20:12:42.045 [info] Getting sessions for read:user,repo,user:email,workflow...
2025-04-13 20:12:42.045 [info] Got 0 sessions for read:user,repo,user:email,workflow...
2025-04-13 20:12:42.047 [info] Getting sessions for user:email...
2025-04-13 20:12:42.047 [info] Got 1 sessions for user:email...
2025-04-13 20:12:43.784 [info] Getting sessions for all scopes...
2025-04-13 20:12:43.784 [info] Got 1 sessions for ...
2025-04-13 20:12:43.785 [info] Getting sessions for all scopes...
2025-04-13 20:12:43.785 [info] Got 1 sessions for ...
2025-04-13 20:12:43.787 [info] Getting sessions for read:user,repo,user:email,workflow...
2025-04-13 20:12:43.787 [info] Got 0 sessions for read:user,repo,user:email,workflow...
2025-04-13 20:12:43.788 [info] Getting sessions for user:email...
2025-04-13 20:12:43.788 [info] Got 1 sessions for user:email...
2025-04-13 20:12:43.791 [info] Getting sessions for all scopes...
2025-04-13 20:12:43.791 [info] Got 1 sessions for ...
2025-04-13 20:12:43.793 [info] Getting sessions for read:user,repo,user:email,workflow...
2025-04-13 20:12:43.793 [info] Got 0 sessions for read:user,repo,user:email,workflow...
2025-04-13 20:12:43.795 [info] Getting sessions for user:email...
2025-04-13 20:12:43.795 [info] Got 1 sessions for user:email...
2025-04-13 20:12:44.000 [info] Getting sessions for all scopes...
2025-04-13 20:12:44.000 [info] Got 1 sessions for ...
2025-04-13 20:12:44.002 [info] Getting sessions for read:user,repo,user:email,workflow...
2025-04-13 20:12:44.002 [info] Got 0 sessions for read:user,repo,user:email,workflow...
2025-04-13 20:12:44.003 [info] Getting sessions for user:email...
2025-04-13 20:12:44.003 [info] Got 1 sessions for user:email...
2025-04-13 20:12:45.824 [info] Getting sessions for all scopes...
2025-04-13 20:12:45.824 [info] Got 1 sessions for ...
2025-04-13 20:12:45.828 [info] Getting sessions for read:user,repo,user:email,workflow...
2025-04-13 20:12:45.828 [info] Got 0 sessions for read:user,repo,user:email,workflow...
2025-04-13 20:12:45.830 [info] Getting sessions for user:email...
2025-04-13 20:12:45.831 [info] Got 1 sessions for user:email...
2025-04-13 20:13:39.037 [info] Getting sessions for read:user,repo,user:email,workflow...
2025-04-13 20:13:39.037 [info] Got 0 sessions for read:user,repo,user:email,workflow...
2025-04-13 20:13:39.040 [info] Getting sessions for read:user...
2025-04-13 20:13:39.040 [info] Got 0 sessions for read:user...
2025-04-13 20:13:39.050 [info] Getting sessions for user:email...
2025-04-13 20:13:39.050 [info] Got 1 sessions for user:email...
2025-04-13 20:27:45.836 [info] Getting sessions for all scopes...
2025-04-13 20:27:46.468 [info] Got 1 sessions for ...
2025-04-13 20:27:46.544 [info] Getting sessions for read:user,repo,user:email,workflow...
2025-04-13 20:27:46.544 [info] Got 0 sessions for read:user,repo,user:email,workflow...
2025-04-13 20:27:46.545 [info] Getting sessions for user:email...
2025-04-13 20:27:46.545 [info] Got 1 sessions for user:email...
2025-04-13 20:27:46.547 [info] Getting sessions for all scopes...
2025-04-13 20:27:46.547 [info] Got 1 sessions for ...
2025-04-13 20:27:46.548 [info] Getting sessions for read:user,repo,user:email,workflow...
2025-04-13 20:27:46.548 [info] Got 0 sessions for read:user,repo,user:email,workflow...
2025-04-13 20:27:46.549 [info] Getting sessions for user:email...
2025-04-13 20:27:46.549 [info] Got 1 sessions for user:email...
2025-04-13 20:37:43.766 [info] Getting sessions for all scopes...
2025-04-13 20:37:43.985 [info] Got 1 sessions for ...
2025-04-13 20:37:44.004 [info] Getting sessions for read:user,repo,user:email,workflow...
2025-04-13 20:37:44.004 [info] Got 0 sessions for read:user,repo,user:email,workflow...
2025-04-13 20:37:44.008 [info] Getting sessions for user:email...
2025-04-13 20:37:44.008 [info] Got 1 sessions for user:email...
2025-04-13 20:37:46.291 [info] Getting sessions for all scopes...
2025-04-13 20:37:46.291 [info] Got 1 sessions for ...
2025-04-13 20:37:46.292 [info] Getting sessions for all scopes...
2025-04-13 20:37:46.292 [info] Got 1 sessions for ...
2025-04-13 20:37:46.293 [info] Getting sessions for read:user,repo,user:email,workflow...
2025-04-13 20:37:46.293 [info] Got 0 sessions for read:user,repo,user:email,workflow...
2025-04-13 20:37:46.295 [info] Getting sessions for user:email...
2025-04-13 20:37:46.295 [info] Got 1 sessions for user:email...
2025-04-13 20:37:46.296 [info] Getting sessions for all scopes...
2025-04-13 20:37:46.296 [info] Got 1 sessions for ...
2025-04-13 20:37:46.298 [info] Getting sessions for read:user,repo,user:email,workflow...
2025-04-13 20:37:46.298 [info] Got 0 sessions for read:user,repo,user:email,workflow...
2025-04-13 20:37:46.300 [info] Getting sessions for user:email...
2025-04-13 20:37:46.300 [info] Got 1 sessions for user:email...
2025-04-13 20:37:46.306 [info] Getting sessions for all scopes...
2025-04-13 20:37:46.306 [info] Got 1 sessions for ...
2025-04-13 20:37:46.307 [info] Getting sessions for read:user,repo,user:email,workflow...
2025-04-13 20:37:46.307 [info] Got 0 sessions for read:user,repo,user:email,workflow...
2025-04-13 20:37:46.308 [info] Getting sessions for user:email...
2025-04-13 20:37:46.308 [info] Got 1 sessions for user:email...
2025-04-13 20:52:46.316 [info] Getting sessions for all scopes...
2025-04-13 20:52:46.316 [info] Got 1 sessions for ...
2025-04-13 20:52:46.317 [info] Getting sessions for read:user,repo,user:email,workflow...
2025-04-13 20:52:46.317 [info] Got 0 sessions for read:user,repo,user:email,workflow...
2025-04-13 20:52:46.319 [info] Getting sessions for user:email...
2025-04-13 20:52:46.319 [info] Got 1 sessions for user:email...
2025-04-13 20:52:46.321 [info] Getting sessions for all scopes...
2025-04-13 20:52:46.321 [info] Got 1 sessions for ...
2025-04-13 20:52:46.323 [info] Getting sessions for read:user,repo,user:email,workflow...
2025-04-13 20:52:46.324 [info] Got 0 sessions for read:user,repo,user:email,workflow...
2025-04-13 20:52:46.325 [info] Getting sessions for user:email...
2025-04-13 20:52:46.326 [info] Got 1 sessions for user:email...
2025-04-13 21:02:46.237 [info] Getting sessions for all scopes...
2025-04-13 21:02:46.237 [info] Got 1 sessions for ...
2025-04-13 21:02:46.240 [info] Getting sessions for read:user,repo,user:email,workflow...
2025-04-13 21:02:46.240 [info] Got 0 sessions for read:user,repo,user:email,workflow...
2025-04-13 21:02:46.241 [info] Getting sessions for user:email...
2025-04-13 21:02:46.241 [info] Got 1 sessions for user:email...
2025-04-13 21:02:48.122 [info] Getting sessions for all scopes...
2025-04-13 21:02:48.123 [info] Got 1 sessions for ...
2025-04-13 21:02:48.123 [info] Getting sessions for all scopes...
2025-04-13 21:02:48.123 [info] Got 1 sessions for ...
2025-04-13 21:02:48.125 [info] Getting sessions for read:user,repo,user:email,workflow...
2025-04-13 21:02:48.125 [info] Got 0 sessions for read:user,repo,user:email,workflow...
2025-04-13 21:02:48.128 [info] Getting sessions for user:email...
2025-04-13 21:02:48.128 [info] Got 1 sessions for user:email...
2025-04-13 21:02:48.130 [info] Getting sessions for all scopes...
2025-04-13 21:02:48.130 [info] Got 1 sessions for ...
2025-04-13 21:02:48.132 [info] Getting sessions for read:user,repo,user:email,workflow...
2025-04-13 21:02:48.132 [info] Got 0 sessions for read:user,repo,user:email,workflow...
2025-04-13 21:02:48.135 [info] Getting sessions for user:email...
2025-04-13 21:02:48.135 [info] Got 1 sessions for user:email...
2025-04-13 21:02:48.142 [info] Getting sessions for all scopes...
2025-04-13 21:02:48.142 [info] Got 1 sessions for ...
2025-04-13 21:02:48.143 [info] Getting sessions for read:user,repo,user:email,workflow...
2025-04-13 21:02:48.143 [info] Got 0 sessions for read:user,repo,user:email,workflow...
2025-04-13 21:02:48.145 [info] Getting sessions for user:email...
2025-04-13 21:02:48.145 [info] Got 1 sessions for user:email...
2025-04-13 21:02:48.149 [info] Getting sessions for all scopes...
2025-04-13 21:02:48.149 [info] Got 1 sessions for ...
2025-04-13 21:02:48.150 [info] Getting sessions for read:user,repo,user:email,workflow...
2025-04-13 21:02:48.150 [info] Got 0 sessions for read:user,repo,user:email,workflow...
2025-04-13 21:02:48.152 [info] Getting sessions for user:email...
2025-04-13 21:02:48.152 [info] Got 1 sessions for user:email...
2025-04-13 21:06:30.950 [info] Getting sessions for read:user,repo,user:email,workflow...
2025-04-13 21:06:30.951 [info] Got 0 sessions for read:user,repo,user:email,workflow...
2025-04-13 21:06:30.952 [info] Getting sessions for read:user...
2025-04-13 21:06:30.953 [info] Got 0 sessions for read:user...
2025-04-13 21:06:30.955 [info] Getting sessions for user:email...
2025-04-13 21:06:30.955 [info] Got 1 sessions for user:email...
2025-04-13 21:17:48.948 [info] Getting sessions for all scopes...
2025-04-13 21:17:48.955 [info] Got 1 sessions for ...
2025-04-13 21:17:48.957 [info] Getting sessions for read:user,repo,user:email,workflow...
2025-04-13 21:17:48.957 [info] Got 0 sessions for read:user,repo,user:email,workflow...
2025-04-13 21:17:48.959 [info] Getting sessions for user:email...
2025-04-13 21:17:48.960 [info] Got 1 sessions for user:email...
2025-04-13 21:17:48.962 [info] Getting sessions for all scopes...
2025-04-13 21:17:48.962 [info] Got 1 sessions for ...
2025-04-13 21:17:48.964 [info] Getting sessions for read:user,repo,user:email,workflow...
2025-04-13 21:17:48.964 [info] Got 0 sessions for read:user,repo,user:email,workflow...
2025-04-13 21:17:48.966 [info] Getting sessions for user:email...
2025-04-13 21:17:48.966 [info] Got 1 sessions for user:email...
2025-04-13 21:27:48.122 [info] Getting sessions for all scopes...
2025-04-13 21:27:48.123 [info] Got 1 sessions for ...
2025-04-13 21:27:48.124 [info] Getting sessions for read:user,repo,user:email,workflow...
2025-04-13 21:27:48.124 [info] Got 0 sessions for read:user,repo,user:email,workflow...
2025-04-13 21:27:48.125 [info] Getting sessions for user:email...
2025-04-13 21:27:48.125 [info] Got 1 sessions for user:email...
2025-04-13 21:27:50.580 [info] Getting sessions for all scopes...
2025-04-13 21:27:50.580 [info] Got 1 sessions for ...
2025-04-13 21:27:50.581 [info] Getting sessions for all scopes...
2025-04-13 21:27:50.582 [info] Got 1 sessions for ...
2025-04-13 21:27:50.588 [info] Getting sessions for read:user,repo,user:email,workflow...
2025-04-13 21:27:50.588 [info] Got 0 sessions for read:user,repo,user:email,workflow...
2025-04-13 21:27:50.592 [info] Getting sessions for user:email...
2025-04-13 21:27:50.593 [info] Got 1 sessions for user:email...
2025-04-13 21:27:50.599 [info] Getting sessions for all scopes...
2025-04-13 21:27:50.599 [info] Got 1 sessions for ...
2025-04-13 21:27:50.606 [info] Getting sessions for read:user,repo,user:email,workflow...
2025-04-13 21:27:50.606 [info] Got 0 sessions for read:user,repo,user:email,workflow...
2025-04-13 21:27:50.608 [info] Getting sessions for user:email...
2025-04-13 21:27:50.608 [info] Got 1 sessions for user:email...
2025-04-13 21:27:50.619 [info] Getting sessions for all scopes...
2025-04-13 21:27:50.619 [info] Got 1 sessions for ...
2025-04-13 21:27:50.621 [info] Getting sessions for read:user,repo,user:email,workflow...
2025-04-13 21:27:50.621 [info] Got 0 sessions for read:user,repo,user:email,workflow...
2025-04-13 21:27:50.623 [info] Getting sessions for user:email...
2025-04-13 21:27:50.623 [info] Got 1 sessions for user:email...
2025-04-13 21:40:39.747 [info] Getting sessions for read:user,repo,user:email,workflow...
2025-04-13 21:40:39.747 [info] Got 0 sessions for read:user,repo,user:email,workflow...
2025-04-13 21:40:39.749 [info] Getting sessions for read:user...
2025-04-13 21:40:39.749 [info] Got 0 sessions for read:user...
2025-04-13 21:40:39.751 [info] Getting sessions for user:email...
2025-04-13 21:40:39.751 [info] Got 1 sessions for user:email...
2025-04-13 21:42:50.628 [info] Getting sessions for all scopes...
2025-04-13 21:42:50.635 [info] Got 1 sessions for ...
2025-04-13 21:42:50.637 [info] Getting sessions for read:user,repo,user:email,workflow...
2025-04-13 21:42:50.637 [info] Got 0 sessions for read:user,repo,user:email,workflow...
2025-04-13 21:42:50.639 [info] Getting sessions for user:email...
2025-04-13 21:42:50.639 [info] Got 1 sessions for user:email...
2025-04-13 21:42:50.641 [info] Getting sessions for all scopes...
2025-04-13 21:42:50.641 [info] Got 1 sessions for ...
2025-04-13 21:42:50.643 [info] Getting sessions for read:user,repo,user:email,workflow...
2025-04-13 21:42:50.643 [info] Got 0 sessions for read:user,repo,user:email,workflow...
2025-04-13 21:42:50.645 [info] Getting sessions for user:email...
2025-04-13 21:42:50.645 [info] Got 1 sessions for user:email...
2025-04-13 21:52:50.591 [info] Getting sessions for all scopes...
2025-04-13 21:52:50.599 [info] Got 1 sessions for ...
2025-04-13 21:52:50.610 [info] Getting sessions for read:user,repo,user:email,workflow...
2025-04-13 21:52:50.610 [info] Got 0 sessions for read:user,repo,user:email,workflow...
2025-04-13 21:52:50.620 [info] Getting sessions for user:email...
2025-04-13 21:52:50.620 [info] Got 1 sessions for user:email...
2025-04-13 21:52:52.448 [info] Getting sessions for all scopes...
2025-04-13 21:52:52.448 [info] Got 1 sessions for ...
2025-04-13 21:52:52.449 [info] Getting sessions for all scopes...
2025-04-13 21:52:52.449 [info] Got 1 sessions for ...
2025-04-13 21:52:52.450 [info] Getting sessions for read:user,repo,user:email,workflow...
2025-04-13 21:52:52.450 [info] Got 0 sessions for read:user,repo,user:email,workflow...
2025-04-13 21:52:52.451 [info] Getting sessions for user:email...
2025-04-13 21:52:52.451 [info] Got 1 sessions for user:email...
2025-04-13 21:52:52.453 [info] Getting sessions for all scopes...
2025-04-13 21:52:52.453 [info] Got 1 sessions for ...
2025-04-13 21:52:52.454 [info] Getting sessions for read:user,repo,user:email,workflow...
2025-04-13 21:52:52.454 [info] Got 0 sessions for read:user,repo,user:email,workflow...
2025-04-13 21:52:52.456 [info] Getting sessions for user:email...
2025-04-13 21:52:52.456 [info] Got 1 sessions for user:email...
2025-04-13 21:52:52.464 [info] Getting sessions for all scopes...
2025-04-13 21:52:52.464 [info] Got 1 sessions for ...
2025-04-13 21:52:52.466 [info] Getting sessions for read:user,repo,user:email,workflow...
2025-04-13 21:52:52.466 [info] Got 0 sessions for read:user,repo,user:email,workflow...
2025-04-13 21:52:52.468 [info] Getting sessions for user:email...
2025-04-13 21:52:52.468 [info] Got 1 sessions for user:email...
2025-04-13 21:52:52.473 [info] Getting sessions for all scopes...
2025-04-13 21:52:52.474 [info] Got 1 sessions for ...
2025-04-13 21:52:52.479 [info] Getting sessions for read:user,repo,user:email,workflow...
2025-04-13 21:52:52.479 [info] Got 0 sessions for read:user,repo,user:email,workflow...
2025-04-13 21:52:52.486 [info] Getting sessions for user:email...
2025-04-13 21:52:52.486 [info] Got 1 sessions for user:email...
2025-04-13 22:05:43.243 [info] Getting sessions for read:user,repo,user:email,workflow...
2025-04-13 22:05:43.245 [info] Got 0 sessions for read:user,repo,user:email,workflow...
2025-04-13 22:05:43.262 [info] Getting sessions for read:user...
2025-04-13 22:05:43.262 [info] Got 0 sessions for read:user...
2025-04-13 22:05:43.264 [info] Getting sessions for user:email...
2025-04-13 22:05:43.264 [info] Got 1 sessions for user:email...
2025-04-13 22:07:54.772 [info] Getting sessions for all scopes...
2025-04-13 22:07:54.772 [info] Got 1 sessions for ...
2025-04-13 22:07:54.774 [info] Getting sessions for read:user,repo,user:email,workflow...
2025-04-13 22:07:54.774 [info] Got 0 sessions for read:user,repo,user:email,workflow...
2025-04-13 22:07:54.775 [info] Getting sessions for user:email...
2025-04-13 22:07:54.775 [info] Got 1 sessions for user:email...
2025-04-13 22:07:54.777 [info] Getting sessions for all scopes...
2025-04-13 22:07:54.777 [info] Got 1 sessions for ...
2025-04-13 22:07:54.779 [info] Getting sessions for read:user,repo,user:email,workflow...
2025-04-13 22:07:54.779 [info] Got 0 sessions for read:user,repo,user:email,workflow...
2025-04-13 22:07:54.780 [info] Getting sessions for user:email...
2025-04-13 22:07:54.780 [info] Got 1 sessions for user:email...
2025-04-13 22:17:52.449 [info] Getting sessions for all scopes...
2025-04-13 22:17:52.449 [info] Got 1 sessions for ...
2025-04-13 22:17:52.451 [info] Getting sessions for read:user,repo,user:email,workflow...
2025-04-13 22:17:52.451 [info] Got 0 sessions for read:user,repo,user:email,workflow...
2025-04-13 22:17:52.453 [info] Getting sessions for user:email...
2025-04-13 22:17:52.453 [info] Got 1 sessions for user:email...
2025-04-13 22:17:54.074 [info] Getting sessions for all scopes...
2025-04-13 22:17:54.074 [info] Got 1 sessions for ...
2025-04-13 22:17:54.075 [info] Getting sessions for all scopes...
2025-04-13 22:17:54.075 [info] Got 1 sessions for ...
2025-04-13 22:17:54.081 [info] Getting sessions for read:user,repo,user:email,workflow...
2025-04-13 22:17:54.081 [info] Got 0 sessions for read:user,repo,user:email,workflow...
2025-04-13 22:17:54.163 [info] Getting sessions for user:email...
2025-04-13 22:17:54.163 [info] Got 1 sessions for user:email...
2025-04-13 22:17:54.166 [info] Getting sessions for all scopes...
2025-04-13 22:17:54.166 [info] Got 1 sessions for ...
2025-04-13 22:17:54.173 [info] Getting sessions for read:user,repo,user:email,workflow...
2025-04-13 22:17:54.173 [info] Got 0 sessions for read:user,repo,user:email,workflow...
2025-04-13 22:17:54.181 [info] Getting sessions for user:email...
2025-04-13 22:17:54.181 [info] Got 1 sessions for user:email...
2025-04-13 22:17:54.201 [info] Getting sessions for all scopes...
2025-04-13 22:17:54.201 [info] Got 1 sessions for ...
2025-04-13 22:17:54.212 [info] Getting sessions for read:user,repo,user:email,workflow...
2025-04-13 22:17:54.212 [info] Got 0 sessions for read:user,repo,user:email,workflow...
2025-04-13 22:17:54.216 [info] Getting sessions for user:email...
2025-04-13 22:17:54.216 [info] Got 1 sessions for user:email...
2025-04-13 22:32:54.228 [info] Getting sessions for all scopes...
2025-04-13 22:32:54.228 [info] Got 1 sessions for ...
2025-04-13 22:32:54.230 [info] Getting sessions for read:user,repo,user:email,workflow...
2025-04-13 22:32:54.230 [info] Got 0 sessions for read:user,repo,user:email,workflow...
2025-04-13 22:32:54.231 [info] Getting sessions for user:email...
2025-04-13 22:32:54.231 [info] Got 1 sessions for user:email...
2025-04-13 22:32:54.232 [info] Getting sessions for all scopes...
2025-04-13 22:32:54.232 [info] Got 1 sessions for ...
2025-04-13 22:32:54.234 [info] Getting sessions for read:user,repo,user:email,workflow...
2025-04-13 22:32:54.234 [info] Got 0 sessions for read:user,repo,user:email,workflow...
2025-04-13 22:32:54.235 [info] Getting sessions for user:email...
2025-04-13 22:32:54.235 [info] Got 1 sessions for user:email...
2025-04-13 22:36:34.497 [info] Getting sessions for read:user,repo,user:email,workflow...
2025-04-13 22:36:34.497 [info] Got 0 sessions for read:user,repo,user:email,workflow...
2025-04-13 22:36:34.501 [info] Getting sessions for read:user...
2025-04-13 22:36:34.501 [info] Got 0 sessions for read:user...
2025-04-13 22:36:34.505 [info] Getting sessions for user:email...
2025-04-13 22:36:34.505 [info] Got 1 sessions for user:email...
2025-04-13 22:42:54.069 [info] Getting sessions for all scopes...
2025-04-13 22:42:54.069 [info] Got 1 sessions for ...
2025-04-13 22:42:54.071 [info] Getting sessions for read:user,repo,user:email,workflow...
2025-04-13 22:42:54.071 [info] Got 0 sessions for read:user,repo,user:email,workflow...
2025-04-13 22:42:54.072 [info] Getting sessions for user:email...
2025-04-13 22:42:54.073 [info] Got 1 sessions for user:email...
2025-04-13 22:42:58.074 [info] Getting sessions for all scopes...
2025-04-13 22:42:58.075 [info] Got 1 sessions for ...
2025-04-13 22:42:58.075 [info] Getting sessions for all scopes...
2025-04-13 22:42:58.075 [info] Got 1 sessions for ...
2025-04-13 22:42:58.076 [info] Getting sessions for read:user,repo,user:email,workflow...
2025-04-13 22:42:58.076 [info] Got 0 sessions for read:user,repo,user:email,workflow...
2025-04-13 22:42:58.078 [info] Getting sessions for user:email...
2025-04-13 22:42:58.078 [info] Got 1 sessions for user:email...
2025-04-13 22:42:58.081 [info] Getting sessions for all scopes...
2025-04-13 22:42:58.081 [info] Got 1 sessions for ...
2025-04-13 22:42:58.083 [info] Getting sessions for read:user,repo,user:email,workflow...
2025-04-13 22:42:58.083 [info] Got 0 sessions for read:user,repo,user:email,workflow...
2025-04-13 22:42:58.085 [info] Getting sessions for user:email...
2025-04-13 22:42:58.085 [info] Got 1 sessions for user:email...
2025-04-13 22:42:58.094 [info] Getting sessions for all scopes...
2025-04-13 22:42:58.094 [info] Got 1 sessions for ...
2025-04-13 22:42:58.096 [info] Getting sessions for read:user,repo,user:email,workflow...
2025-04-13 22:42:58.096 [info] Got 0 sessions for read:user,repo,user:email,workflow...
2025-04-13 22:42:58.098 [info] Getting sessions for user:email...
2025-04-13 22:42:58.098 [info] Got 1 sessions for user:email...
2025-04-13 22:42:58.103 [info] Getting sessions for all scopes...
2025-04-13 22:42:58.103 [info] Got 1 sessions for ...
2025-04-13 22:42:58.106 [info] Getting sessions for read:user,repo,user:email,workflow...
2025-04-13 22:42:58.106 [info] Got 0 sessions for read:user,repo,user:email,workflow...
2025-04-13 22:42:58.107 [info] Getting sessions for user:email...
2025-04-13 22:42:58.107 [info] Got 1 sessions for user:email...
2025-04-13 22:58:00.819 [info] Getting sessions for all scopes...
2025-04-13 22:58:00.826 [info] Got 1 sessions for ...
2025-04-13 22:58:00.828 [info] Getting sessions for read:user,repo,user:email,workflow...
2025-04-13 22:58:00.828 [info] Got 0 sessions for read:user,repo,user:email,workflow...
2025-04-13 22:58:00.830 [info] Getting sessions for user:email...
2025-04-13 22:58:00.830 [info] Got 1 sessions for user:email...
2025-04-13 22:58:00.833 [info] Getting sessions for all scopes...
2025-04-13 22:58:00.833 [info] Got 1 sessions for ...
2025-04-13 22:58:00.835 [info] Getting sessions for read:user,repo,user:email,workflow...
2025-04-13 22:58:00.835 [info] Got 0 sessions for read:user,repo,user:email,workflow...
2025-04-13 22:58:00.840 [info] Getting sessions for user:email...
2025-04-13 22:58:00.840 [info] Got 1 sessions for user:email...
2025-04-13 23:07:58.076 [info] Getting sessions for all scopes...
2025-04-13 23:07:58.076 [info] Got 1 sessions for ...
2025-04-13 23:07:58.078 [info] Getting sessions for read:user,repo,user:email,workflow...
2025-04-13 23:07:58.078 [info] Got 0 sessions for read:user,repo,user:email,workflow...
2025-04-13 23:07:58.080 [info] Getting sessions for user:email...
2025-04-13 23:07:58.080 [info] Got 1 sessions for user:email...
2025-04-13 23:07:59.486 [info] Getting sessions for all scopes...
2025-04-13 23:07:59.486 [info] Got 1 sessions for ...
2025-04-13 23:07:59.486 [info] Getting sessions for all scopes...
2025-04-13 23:07:59.486 [info] Got 1 sessions for ...
2025-04-13 23:07:59.488 [info] Getting sessions for read:user,repo,user:email,workflow...
2025-04-13 23:07:59.488 [info] Got 0 sessions for read:user,repo,user:email,workflow...
2025-04-13 23:07:59.490 [info] Getting sessions for user:email...
2025-04-13 23:07:59.490 [info] Got 1 sessions for user:email...
2025-04-13 23:07:59.492 [info] Getting sessions for all scopes...
2025-04-13 23:07:59.492 [info] Got 1 sessions for ...
2025-04-13 23:07:59.494 [info] Getting sessions for read:user,repo,user:email,workflow...
2025-04-13 23:07:59.494 [info] Got 0 sessions for read:user,repo,user:email,workflow...
2025-04-13 23:07:59.496 [info] Getting sessions for user:email...
2025-04-13 23:07:59.496 [info] Got 1 sessions for user:email...
2025-04-13 23:07:59.505 [info] Getting sessions for all scopes...
2025-04-13 23:07:59.505 [info] Got 1 sessions for ...
2025-04-13 23:07:59.506 [info] Getting sessions for read:user,repo,user:email,workflow...
2025-04-13 23:07:59.506 [info] Got 0 sessions for read:user,repo,user:email,workflow...
2025-04-13 23:07:59.508 [info] Getting sessions for user:email...
2025-04-13 23:07:59.508 [info] Got 1 sessions for user:email...
2025-04-13 23:22:59.514 [info] Getting sessions for all scopes...
2025-04-13 23:22:59.514 [info] Got 1 sessions for ...
2025-04-13 23:22:59.515 [info] Getting sessions for read:user,repo,user:email,workflow...
2025-04-13 23:22:59.515 [info] Got 0 sessions for read:user,repo,user:email,workflow...
2025-04-13 23:22:59.517 [info] Getting sessions for user:email...
2025-04-13 23:22:59.517 [info] Got 1 sessions for user:email...
2025-04-13 23:22:59.519 [info] Getting sessions for all scopes...
2025-04-13 23:22:59.519 [info] Got 1 sessions for ...
2025-04-13 23:22:59.521 [info] Getting sessions for read:user,repo,user:email,workflow...
2025-04-13 23:22:59.521 [info] Got 0 sessions for read:user,repo,user:email,workflow...
2025-04-13 23:22:59.524 [info] Getting sessions for user:email...
2025-04-13 23:22:59.524 [info] Got 1 sessions for user:email...
2025-04-13 23:23:19.089 [info] Getting sessions for read:user,repo,user:email,workflow...
2025-04-13 23:23:19.089 [info] Got 0 sessions for read:user,repo,user:email,workflow...
2025-04-13 23:23:19.091 [info] Getting sessions for read:user...
2025-04-13 23:23:19.091 [info] Got 0 sessions for read:user...
2025-04-13 23:23:19.092 [info] Getting sessions for user:email...
2025-04-13 23:23:19.092 [info] Got 1 sessions for user:email...
2025-04-13 23:32:59.487 [info] Getting sessions for all scopes...
2025-04-13 23:32:59.487 [info] Got 1 sessions for ...
2025-04-13 23:32:59.489 [info] Getting sessions for read:user,repo,user:email,workflow...
2025-04-13 23:32:59.490 [info] Got 0 sessions for read:user,repo,user:email,workflow...
2025-04-13 23:32:59.492 [info] Getting sessions for user:email...
2025-04-13 23:32:59.492 [info] Got 1 sessions for user:email...
2025-04-13 23:33:00.861 [info] Getting sessions for all scopes...
2025-04-13 23:33:00.861 [info] Got 1 sessions for ...
2025-04-13 23:33:00.861 [info] Getting sessions for all scopes...
2025-04-13 23:33:00.861 [info] Got 1 sessions for ...
2025-04-13 23:33:00.862 [info] Getting sessions for read:user,repo,user:email,workflow...
2025-04-13 23:33:00.862 [info] Got 0 sessions for read:user,repo,user:email,workflow...
2025-04-13 23:33:00.863 [info] Getting sessions for user:email...
2025-04-13 23:33:00.863 [info] Got 1 sessions for user:email...
2025-04-13 23:33:00.865 [info] Getting sessions for all scopes...
2025-04-13 23:33:00.865 [info] Got 1 sessions for ...
2025-04-13 23:33:00.866 [info] Getting sessions for read:user,repo,user:email,workflow...
2025-04-13 23:33:00.866 [info] Got 0 sessions for read:user,repo,user:email,workflow...
2025-04-13 23:33:00.867 [info] Getting sessions for user:email...
2025-04-13 23:33:00.867 [info] Got 1 sessions for user:email...
2025-04-13 23:33:00.873 [info] Getting sessions for all scopes...
2025-04-13 23:33:00.873 [info] Got 1 sessions for ...
2025-04-13 23:33:00.874 [info] Getting sessions for read:user,repo,user:email,workflow...
2025-04-13 23:33:00.874 [info] Got 0 sessions for read:user,repo,user:email,workflow...
2025-04-13 23:33:00.876 [info] Getting sessions for user:email...
2025-04-13 23:33:00.876 [info] Got 1 sessions for user:email...
2025-04-14 08:05:25.788 [info] Getting sessions for all scopes...
2025-04-14 08:05:25.789 [info] Got 1 sessions for ...
2025-04-14 08:05:25.791 [info] Getting sessions for read:user,repo,user:email,workflow...
2025-04-14 08:05:25.791 [info] Got 0 sessions for read:user,repo,user:email,workflow...
2025-04-14 08:05:25.792 [info] Getting sessions for user:email...
2025-04-14 08:05:25.792 [info] Got 1 sessions for user:email...
2025-04-14 08:05:25.793 [info] Getting sessions for all scopes...
2025-04-14 08:05:25.793 [info] Got 1 sessions for ...
2025-04-14 08:05:25.795 [info] Getting sessions for read:user,repo,user:email,workflow...
2025-04-14 08:05:25.795 [info] Got 0 sessions for read:user,repo,user:email,workflow...
2025-04-14 08:05:25.796 [info] Getting sessions for user:email...
2025-04-14 08:05:25.796 [info] Got 1 sessions for user:email...
2025-04-14 08:05:25.915 [info] Getting sessions for all scopes...
2025-04-14 08:05:25.915 [info] Got 1 sessions for ...
2025-04-14 08:05:25.916 [info] Getting sessions for all scopes...
2025-04-14 08:05:25.916 [info] Got 1 sessions for ...
2025-04-14 08:05:25.918 [info] Getting sessions for read:user,repo,user:email,workflow...
2025-04-14 08:05:25.918 [info] Got 0 sessions for read:user,repo,user:email,workflow...
2025-04-14 08:05:25.920 [info] Getting sessions for user:email...
2025-04-14 08:05:25.920 [info] Got 1 sessions for user:email...
2025-04-14 08:05:25.922 [info] Getting sessions for all scopes...
2025-04-14 08:05:25.922 [info] Got 1 sessions for ...
2025-04-14 08:05:25.923 [info] Getting sessions for read:user,repo,user:email,workflow...
2025-04-14 08:05:25.923 [info] Got 0 sessions for read:user,repo,user:email,workflow...
2025-04-14 08:05:25.925 [info] Getting sessions for user:email...
2025-04-14 08:05:25.925 [info] Got 1 sessions for user:email...
2025-04-14 08:05:25.929 [info] Getting sessions for all scopes...
2025-04-14 08:05:25.929 [info] Got 1 sessions for ...
2025-04-14 08:05:25.931 [info] Getting sessions for read:user,repo,user:email,workflow...
2025-04-14 08:05:25.931 [info] Got 0 sessions for read:user,repo,user:email,workflow...
2025-04-14 08:05:25.932 [info] Getting sessions for user:email...
2025-04-14 08:05:25.932 [info] Got 1 sessions for user:email...
2025-04-14 08:05:26.085 [info] Getting sessions for all scopes...
2025-04-14 08:05:26.085 [info] Got 1 sessions for ...
2025-04-14 08:05:26.121 [info] Getting sessions for read:user,repo,user:email,workflow...
2025-04-14 08:05:26.121 [info] Got 0 sessions for read:user,repo,user:email,workflow...
2025-04-14 08:05:26.122 [info] Getting sessions for user:email...
2025-04-14 08:05:26.122 [info] Got 1 sessions for user:email...
2025-04-14 08:05:26.124 [info] Getting sessions for all scopes...
2025-04-14 08:05:26.124 [info] Got 1 sessions for ...
2025-04-14 08:05:26.125 [info] Getting sessions for read:user,repo,user:email,workflow...
2025-04-14 08:05:26.126 [info] Got 0 sessions for read:user,repo,user:email,workflow...
2025-04-14 08:05:26.127 [info] Getting sessions for user:email...
2025-04-14 08:05:26.127 [info] Got 1 sessions for user:email...
2025-04-14 08:12:51.667 [info] Getting sessions for all scopes...
2025-04-14 08:12:51.667 [info] Got 1 sessions for ...
2025-04-14 08:12:51.669 [info] Getting sessions for read:user,repo,user:email,workflow...
2025-04-14 08:12:51.669 [info] Got 0 sessions for read:user,repo,user:email,workflow...
2025-04-14 08:12:51.672 [info] Getting sessions for user:email...
2025-04-14 08:12:51.672 [info] Got 1 sessions for user:email...
2025-04-14 08:12:51.674 [info] Getting sessions for all scopes...
2025-04-14 08:12:51.674 [info] Got 1 sessions for ...
2025-04-14 08:12:51.676 [info] Getting sessions for read:user,repo,user:email,workflow...
2025-04-14 08:12:51.676 [info] Got 0 sessions for read:user,repo,user:email,workflow...
2025-04-14 08:12:51.683 [info] Getting sessions for user:email...
2025-04-14 08:12:51.683 [info] Got 1 sessions for user:email...
2025-04-14 08:12:53.989 [info] Getting sessions for all scopes...
2025-04-14 08:12:53.989 [info] Got 1 sessions for ...
2025-04-14 08:12:53.990 [info] Getting sessions for all scopes...
2025-04-14 08:12:53.990 [info] Got 1 sessions for ...
2025-04-14 08:12:54.220 [info] Getting sessions for read:user,repo,user:email,workflow...
2025-04-14 08:12:54.220 [info] Got 0 sessions for read:user,repo,user:email,workflow...
2025-04-14 08:12:54.319 [info] Getting sessions for user:email...
2025-04-14 08:12:54.319 [info] Got 1 sessions for user:email...
2025-04-14 08:12:55.052 [info] Getting sessions for all scopes...
2025-04-14 08:12:55.052 [info] Got 1 sessions for ...
2025-04-14 08:12:55.362 [info] Getting sessions for read:user,repo,user:email,workflow...
2025-04-14 08:12:55.362 [info] Got 0 sessions for read:user,repo,user:email,workflow...
2025-04-14 08:12:55.717 [info] Getting sessions for user:email...
2025-04-14 08:12:55.717 [info] Got 1 sessions for user:email...
2025-04-14 08:12:56.369 [info] Getting sessions for all scopes...
2025-04-14 08:12:56.369 [info] Got 1 sessions for ...
2025-04-14 08:12:56.710 [info] Getting sessions for read:user,repo,user:email,workflow...
2025-04-14 08:12:56.710 [info] Got 0 sessions for read:user,repo,user:email,workflow...
2025-04-14 08:12:56.810 [info] Getting sessions for user:email...
2025-04-14 08:12:56.810 [info] Got 1 sessions for user:email...
2025-04-14 08:12:56.852 [info] Getting sessions for all scopes...
2025-04-14 08:12:56.852 [info] Got 1 sessions for ...
2025-04-14 08:12:56.909 [info] Getting sessions for read:user,repo,user:email,workflow...
2025-04-14 08:12:56.909 [info] Got 0 sessions for read:user,repo,user:email,workflow...
2025-04-14 08:12:56.937 [info] Getting sessions for user:email...
2025-04-14 08:12:56.937 [info] Got 1 sessions for user:email...
2025-04-14 08:13:46.824 [info] Getting sessions for read:user,repo,user:email,workflow...
2025-04-14 08:13:46.824 [info] Got 0 sessions for read:user,repo,user:email,workflow...
2025-04-14 08:13:46.838 [info] Getting sessions for read:user...
2025-04-14 08:13:46.838 [info] Got 0 sessions for read:user...
2025-04-14 08:13:46.847 [info] Getting sessions for user:email...
2025-04-14 08:13:46.847 [info] Got 1 sessions for user:email...
2025-04-14 08:27:57.623 [info] Getting sessions for all scopes...
2025-04-14 08:27:57.623 [info] Got 1 sessions for ...
2025-04-14 08:27:57.625 [info] Getting sessions for read:user,repo,user:email,workflow...
2025-04-14 08:27:57.625 [info] Got 0 sessions for read:user,repo,user:email,workflow...
2025-04-14 08:27:57.627 [info] Getting sessions for user:email...
2025-04-14 08:27:57.627 [info] Got 1 sessions for user:email...
2025-04-14 08:27:57.629 [info] Getting sessions for all scopes...
2025-04-14 08:27:57.629 [info] Got 1 sessions for ...
2025-04-14 08:27:57.631 [info] Getting sessions for read:user,repo,user:email,workflow...
2025-04-14 08:27:57.631 [info] Got 0 sessions for read:user,repo,user:email,workflow...
2025-04-14 08:27:57.632 [info] Getting sessions for user:email...
2025-04-14 08:27:57.633 [info] Got 1 sessions for user:email...
2025-04-14 08:37:54.185 [info] Getting sessions for all scopes...
2025-04-14 08:37:54.192 [info] Got 1 sessions for ...
2025-04-14 08:37:54.196 [info] Getting sessions for read:user,repo,user:email,workflow...
2025-04-14 08:37:54.196 [info] Got 0 sessions for read:user,repo,user:email,workflow...
2025-04-14 08:37:54.198 [info] Getting sessions for user:email...
2025-04-14 08:37:54.198 [info] Got 1 sessions for user:email...
2025-04-14 08:37:55.602 [info] Getting sessions for all scopes...
2025-04-14 08:37:55.602 [info] Got 1 sessions for ...
2025-04-14 08:37:55.603 [info] Getting sessions for all scopes...
2025-04-14 08:37:55.603 [info] Got 1 sessions for ...
2025-04-14 08:37:55.604 [info] Getting sessions for read:user,repo,user:email,workflow...
2025-04-14 08:37:55.604 [info] Got 0 sessions for read:user,repo,user:email,workflow...
2025-04-14 08:37:55.605 [info] Getting sessions for user:email...
2025-04-14 08:37:55.605 [info] Got 1 sessions for user:email...
2025-04-14 08:37:55.607 [info] Getting sessions for all scopes...
2025-04-14 08:37:55.607 [info] Got 1 sessions for ...
2025-04-14 08:37:55.610 [info] Getting sessions for read:user,repo,user:email,workflow...
2025-04-14 08:37:55.610 [info] Got 0 sessions for read:user,repo,user:email,workflow...
2025-04-14 08:37:55.611 [info] Getting sessions for user:email...
2025-04-14 08:37:55.611 [info] Got 1 sessions for user:email...
2025-04-14 08:37:55.621 [info] Getting sessions for all scopes...
2025-04-14 08:37:55.621 [info] Got 1 sessions for ...
2025-04-14 08:37:55.623 [info] Getting sessions for read:user,repo,user:email,workflow...
2025-04-14 08:37:55.623 [info] Got 0 sessions for read:user,repo,user:email,workflow...
2025-04-14 08:37:55.625 [info] Getting sessions for user:email...
2025-04-14 08:37:55.625 [info] Got 1 sessions for user:email...
2025-04-14 09:17:45.085 [info] Getting sessions for all scopes...
2025-04-14 09:17:45.086 [info] Got 1 sessions for ...
2025-04-14 09:17:45.089 [info] Getting sessions for read:user,repo,user:email,workflow...
2025-04-14 09:17:45.089 [info] Got 0 sessions for read:user,repo,user:email,workflow...
2025-04-14 09:17:45.091 [info] Getting sessions for user:email...
2025-04-14 09:17:45.091 [info] Got 1 sessions for user:email...
2025-04-14 09:17:45.092 [info] Getting sessions for all scopes...
2025-04-14 09:17:45.092 [info] Got 1 sessions for ...
2025-04-14 09:17:45.094 [info] Getting sessions for read:user,repo,user:email,workflow...
2025-04-14 09:17:45.094 [info] Got 0 sessions for read:user,repo,user:email,workflow...
2025-04-14 09:17:45.095 [info] Getting sessions for user:email...
2025-04-14 09:17:45.095 [info] Got 1 sessions for user:email...
2025-04-14 09:17:45.233 [info] Getting sessions for all scopes...
2025-04-14 09:17:45.233 [info] Got 1 sessions for ...
2025-04-14 09:17:45.234 [info] Getting sessions for all scopes...
2025-04-14 09:17:45.234 [info] Got 1 sessions for ...
2025-04-14 09:17:45.236 [info] Getting sessions for read:user,repo,user:email,workflow...
2025-04-14 09:17:45.236 [info] Got 0 sessions for read:user,repo,user:email,workflow...
2025-04-14 09:17:45.239 [info] Getting sessions for user:email...
2025-04-14 09:17:45.239 [info] Got 1 sessions for user:email...
2025-04-14 09:17:45.241 [info] Getting sessions for all scopes...
2025-04-14 09:17:45.241 [info] Got 1 sessions for ...
2025-04-14 09:17:45.242 [info] Getting sessions for read:user,repo,user:email,workflow...
2025-04-14 09:17:45.242 [info] Got 0 sessions for read:user,repo,user:email,workflow...
2025-04-14 09:17:45.243 [info] Getting sessions for user:email...
2025-04-14 09:17:45.243 [info] Got 1 sessions for user:email...
2025-04-14 09:17:45.244 [info] Getting sessions for all scopes...
2025-04-14 09:17:45.244 [info] Got 1 sessions for ...
2025-04-14 09:17:45.245 [info] Getting sessions for read:user,repo,user:email,workflow...
2025-04-14 09:17:45.245 [info] Got 0 sessions for read:user,repo,user:email,workflow...
2025-04-14 09:17:45.246 [info] Getting sessions for user:email...
2025-04-14 09:17:45.246 [info] Got 1 sessions for user:email...
2025-04-14 09:17:45.451 [info] Getting sessions for all scopes...
2025-04-14 09:17:45.451 [info] Got 1 sessions for ...
2025-04-14 09:17:45.512 [info] Getting sessions for read:user,repo,user:email,workflow...
2025-04-14 09:17:45.512 [info] Got 0 sessions for read:user,repo,user:email,workflow...
2025-04-14 09:17:45.521 [info] Getting sessions for user:email...
2025-04-14 09:17:45.526 [info] Got 1 sessions for user:email...
2025-04-14 09:17:45.527 [info] Getting sessions for all scopes...
2025-04-14 09:17:45.527 [info] Got 1 sessions for ...
2025-04-14 09:17:45.529 [info] Getting sessions for read:user,repo,user:email,workflow...
2025-04-14 09:17:45.529 [info] Got 0 sessions for read:user,repo,user:email,workflow...
2025-04-14 09:17:45.530 [info] Getting sessions for user:email...
2025-04-14 09:17:45.530 [info] Got 1 sessions for user:email...
2025-04-14 10:11:45.951 [info] Getting sessions for all scopes...
2025-04-14 10:11:45.951 [info] Got 1 sessions for ...
2025-04-14 10:11:45.954 [info] Getting sessions for read:user,repo,user:email,workflow...
2025-04-14 10:11:45.954 [info] Got 0 sessions for read:user,repo,user:email,workflow...
2025-04-14 10:11:45.956 [info] Getting sessions for user:email...
2025-04-14 10:11:45.956 [info] Got 1 sessions for user:email...
2025-04-14 10:11:47.698 [info] Getting sessions for all scopes...
2025-04-14 10:11:47.698 [info] Got 1 sessions for ...
2025-04-14 10:11:47.699 [info] Getting sessions for all scopes...
2025-04-14 10:11:47.699 [info] Got 1 sessions for ...
2025-04-14 10:11:47.701 [info] Getting sessions for read:user,repo,user:email,workflow...
2025-04-14 10:11:47.701 [info] Got 0 sessions for read:user,repo,user:email,workflow...
2025-04-14 10:11:47.703 [info] Getting sessions for user:email...
2025-04-14 10:11:47.703 [info] Got 1 sessions for user:email...
2025-04-14 10:11:47.706 [info] Getting sessions for all scopes...
2025-04-14 10:11:47.706 [info] Got 1 sessions for ...
2025-04-14 10:11:47.707 [info] Getting sessions for read:user,repo,user:email,workflow...
2025-04-14 10:11:47.707 [info] Got 0 sessions for read:user,repo,user:email,workflow...
2025-04-14 10:11:47.709 [info] Getting sessions for user:email...
2025-04-14 10:11:47.709 [info] Got 1 sessions for user:email...
2025-04-14 10:11:48.253 [info] Getting sessions for all scopes...
2025-04-14 10:11:48.253 [info] Got 1 sessions for ...
2025-04-14 10:11:48.899 [info] Getting sessions for read:user,repo,user:email,workflow...
2025-04-14 10:11:48.899 [info] Got 0 sessions for read:user,repo,user:email,workflow...
2025-04-14 10:11:49.425 [info] Getting sessions for user:email...
2025-04-14 10:11:49.425 [info] Got 1 sessions for user:email...
2025-04-14 10:11:49.449 [info] Getting sessions for all scopes...
2025-04-14 10:11:49.449 [info] Got 1 sessions for ...
2025-04-14 10:11:49.451 [info] Getting sessions for read:user,repo,user:email,workflow...
2025-04-14 10:11:49.451 [info] Got 0 sessions for read:user,repo,user:email,workflow...
2025-04-14 10:11:49.452 [info] Getting sessions for user:email...
2025-04-14 10:11:49.452 [info] Got 1 sessions for user:email...
