2025-04-18 21:41:56.280 [info] Reading sessions from keychain...
2025-04-18 21:41:56.280 [info] Getting sessions for all scopes...
2025-04-18 21:41:56.280 [info] Getting sessions for all scopes...
2025-04-18 21:41:56.280 [info] Getting sessions for all scopes...
2025-04-18 21:41:56.280 [info] Got stored sessions!
2025-04-18 21:41:56.280 [info] Got 1 verified sessions.
2025-04-18 21:41:56.280 [info] Got 1 sessions for ...
2025-04-18 21:41:56.280 [info] Got 1 sessions for ...
2025-04-18 21:41:56.280 [info] Got 1 sessions for ...
2025-04-18 21:41:56.600 [info] Getting sessions for all scopes...
2025-04-18 21:41:56.600 [info] Got 1 sessions for ...
2025-04-18 21:41:56.604 [info] Getting sessions for all scopes...
2025-04-18 21:41:56.604 [info] Got 1 sessions for ...
2025-04-18 21:41:56.604 [info] Getting sessions for all scopes...
2025-04-18 21:41:56.604 [info] Got 1 sessions for ...
2025-04-18 21:41:56.605 [info] Getting sessions for all scopes...
2025-04-18 21:41:56.605 [info] Got 1 sessions for ...
2025-04-18 21:41:56.605 [info] Getting sessions for all scopes...
2025-04-18 21:41:56.605 [info] Got 1 sessions for ...
2025-04-18 21:41:58.261 [info] Getting sessions for read:user,repo,user:email,workflow...
2025-04-18 21:41:58.261 [info] Got 0 sessions for read:user,repo,user:email,workflow...
2025-04-18 21:42:00.596 [info] Getting sessions for all scopes...
2025-04-18 21:42:00.596 [info] Got 1 sessions for ...
2025-04-18 21:42:01.385 [info] Getting sessions for read:user,repo,user:email,workflow...
2025-04-18 21:42:01.385 [info] Got 0 sessions for read:user,repo,user:email,workflow...
2025-04-18 21:42:01.386 [info] Getting sessions for all scopes...
2025-04-18 21:42:01.386 [info] Got 1 sessions for ...
2025-04-18 21:42:01.386 [info] Getting sessions for all scopes...
2025-04-18 21:42:01.386 [info] Got 1 sessions for ...
2025-04-18 21:42:01.516 [info] Getting sessions for read:user...
2025-04-18 21:42:01.516 [info] Got 0 sessions for read:user...
2025-04-18 21:42:01.516 [info] Getting sessions for read:user,repo,user:email,workflow...
2025-04-18 21:42:01.516 [info] Got 0 sessions for read:user,repo,user:email,workflow...
2025-04-18 21:42:01.795 [info] Getting sessions for user:email...
2025-04-18 21:42:01.795 [info] Got 1 sessions for user:email...
2025-04-18 21:42:01.796 [info] Getting sessions for user:email...
2025-04-18 21:42:01.796 [info] Got 1 sessions for user:email...
2025-04-18 21:42:01.836 [info] Getting sessions for all scopes...
2025-04-18 21:42:01.837 [info] Got 1 sessions for ...
2025-04-18 21:42:01.840 [info] Getting sessions for all scopes...
2025-04-18 21:42:01.840 [info] Got 1 sessions for ...
2025-04-18 21:42:01.841 [info] Getting sessions for all scopes...
2025-04-18 21:42:01.841 [info] Got 1 sessions for ...
2025-04-18 21:42:04.045 [info] Getting sessions for read:user,repo,user:email,workflow...
2025-04-18 21:42:04.045 [info] Got 0 sessions for read:user,repo,user:email,workflow...
2025-04-18 21:42:04.120 [info] Getting sessions for user:email...
2025-04-18 21:42:04.120 [info] Got 1 sessions for user:email...
2025-04-18 21:57:04.158 [info] Getting sessions for all scopes...
2025-04-18 21:57:04.158 [info] Got 1 sessions for ...
2025-04-18 21:57:04.167 [info] Getting sessions for read:user,repo,user:email,workflow...
2025-04-18 21:57:04.167 [info] Got 0 sessions for read:user,repo,user:email,workflow...
2025-04-18 21:57:04.170 [info] Getting sessions for user:email...
2025-04-18 21:57:04.170 [info] Got 1 sessions for user:email...
2025-04-18 21:57:04.174 [info] Getting sessions for all scopes...
2025-04-18 21:57:04.174 [info] Got 1 sessions for ...
2025-04-18 21:57:04.176 [info] Getting sessions for read:user,repo,user:email,workflow...
2025-04-18 21:57:04.176 [info] Got 0 sessions for read:user,repo,user:email,workflow...
2025-04-18 21:57:04.178 [info] Getting sessions for user:email...
2025-04-18 21:57:04.178 [info] Got 1 sessions for user:email...
