2025-04-13 19:27:09.720 [info] Reading sessions from keychain...
2025-04-13 19:27:09.721 [info] Getting sessions for all scopes...
2025-04-13 19:27:09.721 [info] Getting sessions for all scopes...
2025-04-13 19:27:09.721 [info] Getting sessions for all scopes...
2025-04-13 19:27:09.721 [info] Getting sessions for all scopes...
2025-04-13 19:27:09.721 [info] Getting sessions for all scopes...
2025-04-13 19:27:09.721 [info] Getting sessions for all scopes...
2025-04-13 19:27:09.721 [info] Getting sessions for all scopes...
2025-04-13 19:27:09.721 [info] Got stored sessions!
2025-04-13 19:27:09.721 [info] Got 1 verified sessions.
2025-04-13 19:27:09.721 [info] Got 1 sessions for ...
2025-04-13 19:27:09.721 [info] Got 1 sessions for ...
2025-04-13 19:27:09.721 [info] Got 1 sessions for ...
2025-04-13 19:27:09.721 [info] Got 1 sessions for ...
2025-04-13 19:27:09.721 [info] Got 1 sessions for ...
2025-04-13 19:27:09.721 [info] Got 1 sessions for ...
2025-04-13 19:27:09.721 [info] Got 1 sessions for ...
2025-04-13 19:27:14.259 [info] Getting sessions for all scopes...
2025-04-13 19:27:14.259 [info] Got 1 sessions for ...
2025-04-13 19:27:14.413 [info] Getting sessions for read:user,repo,user:email,workflow...
2025-04-13 19:27:14.413 [info] Got 0 sessions for read:user,repo,user:email,workflow...
2025-04-13 19:27:14.472 [info] Getting sessions for all scopes...
2025-04-13 19:27:14.472 [info] Got 1 sessions for ...
2025-04-13 19:27:14.473 [info] Getting sessions for all scopes...
2025-04-13 19:27:14.473 [info] Got 1 sessions for ...
2025-04-13 19:27:14.706 [info] Getting sessions for read:user...
2025-04-13 19:27:14.706 [info] Got 0 sessions for read:user...
2025-04-13 19:27:14.706 [info] Getting sessions for read:user,repo,user:email,workflow...
2025-04-13 19:27:14.706 [info] Got 0 sessions for read:user,repo,user:email,workflow...
2025-04-13 19:27:14.954 [info] Getting sessions for user:email...
2025-04-13 19:27:14.954 [info] Got 1 sessions for user:email...
2025-04-13 19:27:14.954 [info] Getting sessions for user:email...
2025-04-13 19:27:14.954 [info] Got 1 sessions for user:email...
2025-04-13 19:27:17.203 [info] Getting sessions for all scopes...
2025-04-13 19:27:17.203 [info] Got 1 sessions for ...
2025-04-13 19:27:17.224 [info] Getting sessions for read:user,repo,user:email,workflow...
2025-04-13 19:27:17.224 [info] Got 0 sessions for read:user,repo,user:email,workflow...
2025-04-13 19:27:17.225 [info] Getting sessions for user:email...
2025-04-13 19:27:17.225 [info] Got 1 sessions for user:email...
2025-04-13 19:27:17.228 [info] Getting sessions for all scopes...
2025-04-13 19:27:17.228 [info] Got 1 sessions for ...
2025-04-13 19:27:17.230 [info] Getting sessions for read:user,repo,user:email,workflow...
2025-04-13 19:27:17.230 [info] Got 0 sessions for read:user,repo,user:email,workflow...
2025-04-13 19:27:17.231 [info] Getting sessions for user:email...
2025-04-13 19:27:17.232 [info] Got 1 sessions for user:email...
2025-04-13 19:27:17.880 [info] Getting sessions for all scopes...
2025-04-13 19:27:17.880 [info] Got 1 sessions for ...
2025-04-13 19:27:17.888 [info] Getting sessions for read:user,repo,user:email,workflow...
2025-04-13 19:27:17.888 [info] Got 0 sessions for read:user,repo,user:email,workflow...
2025-04-13 19:27:17.890 [info] Getting sessions for user:email...
2025-04-13 19:27:17.890 [info] Got 1 sessions for user:email...
2025-04-13 19:27:18.487 [info] Getting sessions for all scopes...
2025-04-13 19:27:18.487 [info] Got 1 sessions for ...
2025-04-13 19:27:18.488 [info] Getting sessions for all scopes...
2025-04-13 19:27:18.488 [info] Got 1 sessions for ...
2025-04-13 19:27:18.506 [info] Getting sessions for read:user,repo,user:email,workflow...
2025-04-13 19:27:18.506 [info] Got 0 sessions for read:user,repo,user:email,workflow...
2025-04-13 19:27:18.508 [info] Getting sessions for user:email...
2025-04-13 19:27:18.508 [info] Got 1 sessions for user:email...
2025-04-13 19:27:18.511 [info] Getting sessions for all scopes...
2025-04-13 19:27:18.512 [info] Got 1 sessions for ...
2025-04-13 19:27:18.513 [info] Getting sessions for read:user,repo,user:email,workflow...
2025-04-13 19:27:18.513 [info] Got 0 sessions for read:user,repo,user:email,workflow...
2025-04-13 19:27:18.514 [info] Getting sessions for user:email...
2025-04-13 19:27:18.514 [info] Got 1 sessions for user:email...
2025-04-13 19:27:18.611 [info] Getting sessions for all scopes...
2025-04-13 19:27:18.611 [info] Got 1 sessions for ...
2025-04-13 19:27:18.613 [info] Getting sessions for read:user,repo,user:email,workflow...
2025-04-13 19:27:18.613 [info] Got 0 sessions for read:user,repo,user:email,workflow...
2025-04-13 19:27:18.614 [info] Getting sessions for user:email...
2025-04-13 19:27:18.614 [info] Got 1 sessions for user:email...
2025-04-13 19:27:20.959 [info] Getting sessions for all scopes...
2025-04-13 19:27:20.959 [info] Got 1 sessions for ...
2025-04-13 19:27:20.961 [info] Getting sessions for read:user,repo,user:email,workflow...
2025-04-13 19:27:20.961 [info] Got 0 sessions for read:user,repo,user:email,workflow...
2025-04-13 19:27:20.963 [info] Getting sessions for user:email...
2025-04-13 19:27:20.963 [info] Got 1 sessions for user:email...
2025-04-13 19:42:20.970 [info] Getting sessions for all scopes...
2025-04-13 19:42:20.970 [info] Got 1 sessions for ...
2025-04-13 19:42:20.972 [info] Getting sessions for read:user,repo,user:email,workflow...
2025-04-13 19:42:20.972 [info] Got 0 sessions for read:user,repo,user:email,workflow...
2025-04-13 19:42:20.973 [info] Getting sessions for user:email...
2025-04-13 19:42:20.973 [info] Got 1 sessions for user:email...
2025-04-13 19:42:20.976 [info] Getting sessions for all scopes...
2025-04-13 19:42:20.976 [info] Got 1 sessions for ...
2025-04-13 19:42:20.978 [info] Getting sessions for read:user,repo,user:email,workflow...
2025-04-13 19:42:20.978 [info] Got 0 sessions for read:user,repo,user:email,workflow...
2025-04-13 19:42:20.979 [info] Getting sessions for user:email...
2025-04-13 19:42:20.980 [info] Got 1 sessions for user:email...
2025-04-13 19:42:20.989 [info] Getting sessions for all scopes...
2025-04-13 19:42:20.989 [info] Got 1 sessions for ...
2025-04-13 19:42:20.991 [info] Getting sessions for read:user,repo,user:email,workflow...
2025-04-13 19:42:20.991 [info] Got 0 sessions for read:user,repo,user:email,workflow...
2025-04-13 19:42:20.993 [info] Getting sessions for user:email...
2025-04-13 19:42:20.993 [info] Got 1 sessions for user:email...
2025-04-13 19:52:18.476 [info] Getting sessions for all scopes...
2025-04-13 19:52:18.476 [info] Got 1 sessions for ...
2025-04-13 19:52:18.478 [info] Getting sessions for read:user,repo,user:email,workflow...
2025-04-13 19:52:18.478 [info] Got 0 sessions for read:user,repo,user:email,workflow...
2025-04-13 19:52:18.481 [info] Getting sessions for user:email...
2025-04-13 19:52:18.481 [info] Got 1 sessions for user:email...
2025-04-13 19:52:18.489 [info] Getting sessions for all scopes...
2025-04-13 19:52:18.489 [info] Got 1 sessions for ...
2025-04-13 19:52:18.490 [info] Getting sessions for all scopes...
2025-04-13 19:52:18.490 [info] Got 1 sessions for ...
2025-04-13 19:52:18.491 [info] Getting sessions for read:user,repo,user:email,workflow...
2025-04-13 19:52:18.492 [info] Got 0 sessions for read:user,repo,user:email,workflow...
2025-04-13 19:52:18.494 [info] Getting sessions for user:email...
2025-04-13 19:52:18.494 [info] Got 1 sessions for user:email...
2025-04-13 19:52:18.496 [info] Getting sessions for all scopes...
2025-04-13 19:52:18.496 [info] Got 1 sessions for ...
2025-04-13 19:52:18.498 [info] Getting sessions for read:user,repo,user:email,workflow...
2025-04-13 19:52:18.498 [info] Got 0 sessions for read:user,repo,user:email,workflow...
2025-04-13 19:52:18.500 [info] Getting sessions for user:email...
2025-04-13 19:52:18.500 [info] Got 1 sessions for user:email...
2025-04-13 19:52:18.502 [info] Getting sessions for all scopes...
2025-04-13 19:52:18.502 [info] Got 1 sessions for ...
2025-04-13 19:52:18.503 [info] Getting sessions for read:user,repo,user:email,workflow...
2025-04-13 19:52:18.503 [info] Got 0 sessions for read:user,repo,user:email,workflow...
2025-04-13 19:52:18.504 [info] Getting sessions for user:email...
2025-04-13 19:52:18.504 [info] Got 1 sessions for user:email...
2025-04-13 19:52:18.594 [info] Getting sessions for all scopes...
2025-04-13 19:52:18.594 [info] Got 1 sessions for ...
2025-04-13 19:52:18.609 [info] Getting sessions for read:user,repo,user:email,workflow...
2025-04-13 19:52:18.609 [info] Got 0 sessions for read:user,repo,user:email,workflow...
2025-04-13 19:52:18.611 [info] Getting sessions for user:email...
2025-04-13 19:52:18.611 [info] Got 1 sessions for user:email...
2025-04-13 19:52:18.612 [info] Getting sessions for all scopes...
2025-04-13 19:52:18.612 [info] Got 1 sessions for ...
2025-04-13 19:52:18.613 [info] Getting sessions for read:user,repo,user:email,workflow...
2025-04-13 19:52:18.613 [info] Got 0 sessions for read:user,repo,user:email,workflow...
2025-04-13 19:52:18.614 [info] Getting sessions for user:email...
2025-04-13 19:52:18.614 [info] Got 1 sessions for user:email...
2025-04-13 20:07:18.622 [info] Getting sessions for all scopes...
2025-04-13 20:07:18.622 [info] Got 1 sessions for ...
2025-04-13 20:07:18.623 [info] Getting sessions for read:user,repo,user:email,workflow...
2025-04-13 20:07:18.623 [info] Got 0 sessions for read:user,repo,user:email,workflow...
2025-04-13 20:07:18.625 [info] Getting sessions for user:email...
2025-04-13 20:07:18.625 [info] Got 1 sessions for user:email...
2025-04-13 20:07:18.627 [info] Getting sessions for all scopes...
2025-04-13 20:07:18.627 [info] Got 1 sessions for ...
2025-04-13 20:07:18.629 [info] Getting sessions for read:user,repo,user:email,workflow...
2025-04-13 20:07:18.629 [info] Got 0 sessions for read:user,repo,user:email,workflow...
2025-04-13 20:07:18.631 [info] Getting sessions for user:email...
2025-04-13 20:07:18.631 [info] Got 1 sessions for user:email...
2025-04-13 20:22:18.641 [info] Getting sessions for all scopes...
2025-04-13 20:22:18.642 [info] Got 1 sessions for ...
2025-04-13 20:22:18.644 [info] Getting sessions for read:user,repo,user:email,workflow...
2025-04-13 20:22:18.645 [info] Got 0 sessions for read:user,repo,user:email,workflow...
2025-04-13 20:22:18.647 [info] Getting sessions for user:email...
2025-04-13 20:22:18.647 [info] Got 1 sessions for user:email...
2025-04-13 20:22:18.650 [info] Getting sessions for all scopes...
2025-04-13 20:22:18.650 [info] Got 1 sessions for ...
2025-04-13 20:22:18.653 [info] Getting sessions for read:user,repo,user:email,workflow...
2025-04-13 20:22:18.653 [info] Got 0 sessions for read:user,repo,user:email,workflow...
2025-04-13 20:22:18.656 [info] Getting sessions for user:email...
2025-04-13 20:22:18.656 [info] Got 1 sessions for user:email...
2025-04-13 20:22:20.162 [info] Getting sessions for all scopes...
2025-04-13 20:22:20.162 [info] Got 1 sessions for ...
2025-04-13 20:22:20.163 [info] Getting sessions for all scopes...
2025-04-13 20:22:20.163 [info] Got 1 sessions for ...
2025-04-13 20:22:20.166 [info] Getting sessions for read:user,repo,user:email,workflow...
2025-04-13 20:22:20.166 [info] Got 0 sessions for read:user,repo,user:email,workflow...
2025-04-13 20:22:20.169 [info] Getting sessions for user:email...
2025-04-13 20:22:20.169 [info] Got 1 sessions for user:email...
2025-04-13 20:22:20.173 [info] Getting sessions for all scopes...
2025-04-13 20:22:20.173 [info] Got 1 sessions for ...
2025-04-13 20:22:20.175 [info] Getting sessions for read:user,repo,user:email,workflow...
2025-04-13 20:22:20.175 [info] Got 0 sessions for read:user,repo,user:email,workflow...
2025-04-13 20:22:20.178 [info] Getting sessions for user:email...
2025-04-13 20:22:20.178 [info] Got 1 sessions for user:email...
2025-04-13 20:22:20.332 [info] Getting sessions for all scopes...
2025-04-13 20:22:20.332 [info] Got 1 sessions for ...
2025-04-13 20:22:20.376 [info] Getting sessions for read:user,repo,user:email,workflow...
2025-04-13 20:22:20.376 [info] Got 0 sessions for read:user,repo,user:email,workflow...
2025-04-13 20:22:20.382 [info] Getting sessions for user:email...
2025-04-13 20:22:20.382 [info] Got 1 sessions for user:email...
2025-04-13 20:22:22.249 [info] Getting sessions for all scopes...
2025-04-13 20:22:22.249 [info] Got 1 sessions for ...
2025-04-13 20:22:22.256 [info] Getting sessions for read:user,repo,user:email,workflow...
2025-04-13 20:22:22.256 [info] Got 0 sessions for read:user,repo,user:email,workflow...
2025-04-13 20:22:22.259 [info] Getting sessions for user:email...
2025-04-13 20:22:22.259 [info] Got 1 sessions for user:email...
2025-04-13 20:37:22.263 [info] Getting sessions for all scopes...
2025-04-13 20:37:22.268 [info] Got 1 sessions for ...
2025-04-13 20:37:22.269 [info] Getting sessions for read:user,repo,user:email,workflow...
2025-04-13 20:37:22.269 [info] Got 0 sessions for read:user,repo,user:email,workflow...
2025-04-13 20:37:22.271 [info] Getting sessions for user:email...
2025-04-13 20:37:22.271 [info] Got 1 sessions for user:email...
2025-04-13 20:37:22.272 [info] Getting sessions for all scopes...
2025-04-13 20:37:22.273 [info] Got 1 sessions for ...
2025-04-13 20:37:22.275 [info] Getting sessions for read:user,repo,user:email,workflow...
2025-04-13 20:37:22.275 [info] Got 0 sessions for read:user,repo,user:email,workflow...
2025-04-13 20:37:22.277 [info] Getting sessions for user:email...
2025-04-13 20:37:22.277 [info] Got 1 sessions for user:email...
2025-04-13 20:47:20.130 [info] Getting sessions for all scopes...
2025-04-13 20:47:20.131 [info] Got 1 sessions for ...
2025-04-13 20:47:20.132 [info] Getting sessions for read:user,repo,user:email,workflow...
2025-04-13 20:47:20.132 [info] Got 0 sessions for read:user,repo,user:email,workflow...
2025-04-13 20:47:20.134 [info] Getting sessions for user:email...
2025-04-13 20:47:20.134 [info] Got 1 sessions for user:email...
2025-04-13 20:47:22.642 [info] Getting sessions for all scopes...
2025-04-13 20:47:22.642 [info] Got 1 sessions for ...
2025-04-13 20:47:22.643 [info] Getting sessions for all scopes...
2025-04-13 20:47:22.643 [info] Got 1 sessions for ...
2025-04-13 20:47:22.644 [info] Getting sessions for read:user,repo,user:email,workflow...
2025-04-13 20:47:22.644 [info] Got 0 sessions for read:user,repo,user:email,workflow...
2025-04-13 20:47:22.645 [info] Getting sessions for user:email...
2025-04-13 20:47:22.645 [info] Got 1 sessions for user:email...
2025-04-13 20:47:22.646 [info] Getting sessions for all scopes...
2025-04-13 20:47:22.646 [info] Got 1 sessions for ...
2025-04-13 20:47:22.648 [info] Getting sessions for read:user,repo,user:email,workflow...
2025-04-13 20:47:22.648 [info] Got 0 sessions for read:user,repo,user:email,workflow...
2025-04-13 20:47:22.649 [info] Getting sessions for user:email...
2025-04-13 20:47:22.649 [info] Got 1 sessions for user:email...
2025-04-13 20:47:22.655 [info] Getting sessions for all scopes...
2025-04-13 20:47:22.655 [info] Got 1 sessions for ...
2025-04-13 20:47:22.656 [info] Getting sessions for read:user,repo,user:email,workflow...
2025-04-13 20:47:22.656 [info] Got 0 sessions for read:user,repo,user:email,workflow...
2025-04-13 20:47:22.657 [info] Getting sessions for user:email...
2025-04-13 20:47:22.657 [info] Got 1 sessions for user:email...
2025-04-13 21:02:22.663 [info] Getting sessions for all scopes...
2025-04-13 21:02:22.663 [info] Got 1 sessions for ...
2025-04-13 21:02:22.665 [info] Getting sessions for read:user,repo,user:email,workflow...
2025-04-13 21:02:22.665 [info] Got 0 sessions for read:user,repo,user:email,workflow...
2025-04-13 21:02:22.666 [info] Getting sessions for user:email...
2025-04-13 21:02:22.666 [info] Got 1 sessions for user:email...
2025-04-13 21:02:22.669 [info] Getting sessions for all scopes...
2025-04-13 21:02:22.669 [info] Got 1 sessions for ...
2025-04-13 21:02:22.671 [info] Getting sessions for read:user,repo,user:email,workflow...
2025-04-13 21:02:22.671 [info] Got 0 sessions for read:user,repo,user:email,workflow...
2025-04-13 21:02:22.674 [info] Getting sessions for user:email...
2025-04-13 21:02:22.674 [info] Got 1 sessions for user:email...
