make all --print-data-base --no-builtin-variables --no-builtin-rules --question
make: *** No rule to make target 'all'.  Stop.

# GNU Make 4.4.1
 
# Built for x86_64-pc-linux-gnu
 
# Copyright (C) 1988-2023 Free Software Foundation, Inc.
 
# License GPLv3+: GNU GPL version 3 or later <https://gnu.org/licenses/gpl.html>
 
# This is free software: you are free to change and redistribute it.
# There is NO WARRANTY, to the extent permitted by law.
 

# Make data base, printed on Tue Dec 31 14:09:06 2024
 

# Variables
 

 
# environment
 
GDK_BACKEND = x11
 
# environment
 
LC_ALL = C
 
# environment
 
NO_AT_BRIDGE = 1
 
# environment
 
STARSHIP_SESSION_KEY = 9769483995881365
 
# environment
 
VSCODE_CRASH_REPORTER_PROCESS_TYPE = extensionHost
 
# environment
 
VSCODE_CWD = /home/arctan/projects/unano
 
# environment
 
WINDOWID = 103331141623760
 
# default
 
MAKE_COMMAND := make
 
# environment
APPLICATIONINSIGHTS_CONFIGURATION_CONTENT = {}
# automatic
@D = $(patsubst %/,%,$(dir $@))
# environment
VSCODE_HANDLES_UNCAUGHT_ERRORS = true
# default
.VARIABLES := 
# environment
PWD = /home/arctan/projects/unano
# automatic
%D = $(patsubst %/,%,$(dir $%))
# environment
MAIL = /var/spool/mail/arctan
# automatic
^D = $(patsubst %/,%,$(dir $^))
# automatic
%F = $(notdir $%)
# environment
ALACRITTY_SOCKET = /run/user/1000/Alacritty-wayland-1-3524.sock
# environment
VSCODE_CODE_CACHE_PATH = /home/arctan/.config/Code/CachedData/42b266171e51a016313f47d0c48aca9295b9cbb2
# environment
LANG = C
# default
.LOADED := 
# default
.INCLUDE_DIRS := /usr/local/include /usr/include
# makefile
MAKEFLAGS = pqrR
# environment
HYPRLAND_INSTANCE_SIGNATURE = 0bd541f2fd902dbfa04c3ea2ccf679395e316887_1735629461_396795677
# makefile
CURDIR := /home/arctan/projects/unano
# environment
FOO = bar
# environment
APPLICATION_INSIGHTS_NO_DIAGNOSTIC_CHANNEL = 1
# environment
VSCODE_L10N_BUNDLE_LOCATION = 
# automatic
*D = $(patsubst %/,%,$(dir $*))
# environment
BUN_INSTALL = /home/arctan/.bun
# environment
MFLAGS = -pqrR
# default
.SHELLFLAGS := -c
# environment
WAYLAND_DISPLAY = wayland-1
# automatic
+D = $(patsubst %/,%,$(dir $+))
# makefile (from 'Makefile', line 1)
MAKEFILE_LIST := Makefile
# automatic
@F = $(notdir $@)
# environment
VSCODE_PID = 3895
# environment
MOZ_ENABLE_WAYLAND = 1
# environment
XDG_SESSION_TYPE = wayland
# automatic
?D = $(patsubst %/,%,$(dir $?))
# automatic
 
*F = $(notdir $*)
# environment
CHROME_DESKTOP = code.desktop
# environment
DBUS_SESSION_BUS_ADDRESS = unix:path=/run/user/1000/bus
# automatic
<D = $(patsubst %/,%,$(dir $<))
# environment
VSCODE_NLS_CONFIG = {"userLocale":"en-us","osLocale":"en-in","resolvedLanguage":"en","defaultMessagesFile":"/opt/visual-studio-code/resources/app/out/nls.messages.json","locale":"en-us","availableLanguages":{}}
# default
MAKE_HOST := x86_64-pc-linux-gnu
# makefile
SHELL = /bin/sh
# default
MAKECMDGOALS := all
# environment
SLURP_ARGS = -d -b -B F050F022 -b 10101022 -c ff00ff
# environment
HYPRCURSOR_SIZE = 24
# environment
SHLVL = 3
# environment
MAKELEVEL := 0
# default
MAKE = $(MAKE_COMMAND)
# environment
PATH = /home/arctan/.bun/bin:/usr/local/sbin:/usr/local/bin:/usr/bin:/usr/lib/jvm/default/bin:/usr/bin/site_perl:/usr/bin/vendor_perl:/usr/bin/core_perl
# default
MAKEFILES := 
# environment
MOTD_SHOWN = pam
# automatic
^F = $(notdir $^)
# environment
XDG_BACKEND = wayland
# environment
GRADLE_HOME = /usr/share/java/gradle
# environment
_JAVA_AWT_WM_NONREPARENTING = 1
# automatic
?F = $(notdir $?)
# environment
XDG_SEAT = seat0
# environment
XDG_CURRENT_DESKTOP = Hyprland
# environment
ALACRITTY_LOG = /tmp/Alacritty-3524.log
# automatic
+F = $(notdir $+)
# environment
ORIGINAL_XDG_CURRENT_DESKTOP = Hyprland
# 'override' directive
GNUMAKEFLAGS := 
# environment
LOGNAME = arctan
# environment
HL_INITIAL_WORKSPACE_TOKEN = 3a8377e8-b865-4666-b5cd-a9fbf1dd940c
# environment
HYPRLAND_CMD = Hyprland
# environment
XDG_VTNR = 1
# makefile
.DEFAULT_GOAL := build
# environment
DISPLAY = :0
# environment
USER = arctan
# default
MAKE_VERSION := 4.4.1
# environment
DEBUGINFOD_URLS = https://debuginfod.archlinux.org 
# environment
STARSHIP_SHELL = fish
# environment
XDG_SCREENSHOTS_DIR = /home/arctan/Pictures/Screenshots
# environment
_ = /usr/bin/make
# environment
XDG_RUNTIME_DIR = /run/user/1000
# environment
COLORTERM = truecolor
# environment
ALACRITTY_WINDOW_ID = 103331141623760
# environment
XDG_SESSION_CLASS = user
# environment
HOME = /home/arctan
# environment
ELECTRON_RUN_AS_NODE = 1
# environment
VSCODE_IPC_HOOK = /run/user/1000/vscode-96712004-1.96-main.sock
# environment
TERM = xterm-256color
# environment
XDG_SESSION_ID = 1
# environment
XCURSOR_SIZE = 24
# default
.RECIPEPREFIX := 
# automatic
<F = $(notdir $<)
# default
SUFFIXES := 
# environment
VSCODE_CLI = 1
# environment
ELECTRON_NO_ATTACH_CONSOLE = 1
# default
.FEATURES := target-specific order-only second-expansion else-if shortest-stem undefine oneshell nocomment grouped-target extra-prereqs notintermediate shell-export archives jobserver jobserver-fifo output-sync check-symlink guile load
# environment
VSCODE_ESM_ENTRYPOINT = vs/workbench/api/node/extensionHostProcess
# variable set hash-table stats:
# Load=96/1024=9%, Rehash=0, Collisions=3/125=2%

# Pattern-specific Variable Values

# No pattern-specific variable values.

# Directories

# . (device 66306, inode 9306158): 7 files, no impossibilities.

# 7 files, no impossibilities in 1 directories.

# Implicit Rules

# No implicit rules.

# Files

# Not a target:
Makefile:
#  Implicit rule search has been done.
#  File is secondary (prerequisite of .SECONDARY).
#  Last modified 2024-12-31 14:09:02.071558206
#  File has been updated.
#  Successfully updated.

# Not a target:
.DEFAULT:
#  Implicit rule search has not been done.
#  Modification time never checked.
#  File has not been updated.

# Not a target:
all:
#  Command line target.
#  Implicit rule search has been done.
#  File does not exist.
#  File has not been updated.

run: build
#  Implicit rule search has not been done.
#  Modification time never checked.
#  File has not been updated.
#  recipe to execute (from 'Makefile', line 5):
	@./a.out

build: main.c
#  Implicit rule search has not been done.
#  Modification time never checked.
#  File has not been updated.
#  recipe to execute (from 'Makefile', line 2):
	@gcc main.c -Wall -Wextra -pedantic 

# Not a target:
main.c:
#  Implicit rule search has not been done.
#  Modification time never checked.
#  File has not been updated.

# files hash-table stats:
# Load=7/1024=1%, Rehash=0, Collisions=0/20=0%
# VPATH Search Paths

# No 'vpath' search paths.

# No general ('VPATH' variable) search path.

# strcache buffers: 1 (0) / strings = 15 / storage = 114 B / avg = 7 B
# current buf: size = 8162 B / used = 114 B / count = 15 / avg = 7 B

# strcache performance: lookups = 22 / hit rate = 31%
# hash-table stats:
# Load=15/8192=0%, Rehash=0, Collisions=0/22=0%
# Finished Make data base on Tue Dec 31 14:09:06 2024

 
