2025-04-23 00:13:43.437 [info] Reading sessions from keychain...
2025-04-23 00:13:43.438 [info] Getting sessions for all scopes...
2025-04-23 00:13:43.438 [info] Getting sessions for all scopes...
2025-04-23 00:13:43.438 [info] Getting sessions for all scopes...
2025-04-23 00:13:43.438 [info] Getting sessions for all scopes...
2025-04-23 00:13:43.438 [info] Getting sessions for all scopes...
2025-04-23 00:13:43.438 [info] Getting sessions for all scopes...
2025-04-23 00:13:43.438 [info] Getting sessions for all scopes...
2025-04-23 00:13:43.596 [info] Got stored sessions!
2025-04-23 00:13:43.596 [info] Got 1 verified sessions.
2025-04-23 00:13:43.596 [info] Got 1 sessions for ...
2025-04-23 00:13:43.596 [info] Got 1 sessions for ...
2025-04-23 00:13:43.596 [info] Got 1 sessions for ...
2025-04-23 00:13:43.596 [info] Got 1 sessions for ...
2025-04-23 00:13:43.596 [info] Got 1 sessions for ...
2025-04-23 00:13:43.596 [info] Got 1 sessions for ...
2025-04-23 00:13:43.596 [info] Got 1 sessions for ...
2025-04-23 00:13:43.658 [info] Getting sessions for all scopes...
2025-04-23 00:13:43.658 [info] Got 1 sessions for ...
2025-04-23 00:13:51.981 [info] Getting sessions for all scopes...
2025-04-23 00:13:51.982 [info] Got 1 sessions for ...
2025-04-23 00:13:52.156 [info] Getting sessions for read:user,repo,user:email,workflow...
2025-04-23 00:13:52.157 [info] Got 0 sessions for read:user,repo,user:email,workflow...
2025-04-23 00:13:52.200 [info] Getting sessions for all scopes...
2025-04-23 00:13:52.200 [info] Got 1 sessions for ...
2025-04-23 00:13:52.200 [info] Getting sessions for all scopes...
2025-04-23 00:13:52.200 [info] Got 1 sessions for ...
2025-04-23 00:13:52.285 [info] Getting sessions for read:user...
2025-04-23 00:13:52.285 [info] Got 0 sessions for read:user...
2025-04-23 00:13:52.287 [info] Getting sessions for read:user,repo,user:email,workflow...
2025-04-23 00:13:52.287 [info] Got 0 sessions for read:user,repo,user:email,workflow...
2025-04-23 00:13:52.384 [info] Getting sessions for user:email...
2025-04-23 00:13:52.384 [info] Got 1 sessions for user:email...
2025-04-23 00:13:52.425 [info] Getting sessions for user:email...
2025-04-23 00:13:52.425 [info] Got 1 sessions for user:email...
2025-04-23 00:13:52.500 [info] Getting sessions for all scopes...
2025-04-23 00:13:52.500 [info] Got 1 sessions for ...
2025-04-23 00:13:52.502 [info] Getting sessions for all scopes...
2025-04-23 00:13:52.502 [info] Got 1 sessions for ...
2025-04-23 00:13:52.509 [info] Getting sessions for read:user,repo,user:email,workflow...
2025-04-23 00:13:52.510 [info] Got 0 sessions for read:user,repo,user:email,workflow...
2025-04-23 00:13:54.935 [info] Getting sessions for user:email...
2025-04-23 00:13:54.935 [info] Got 1 sessions for user:email...
2025-04-23 00:13:55.780 [info] Getting sessions for all scopes...
2025-04-23 00:13:55.780 [info] Got 1 sessions for ...
2025-04-23 00:13:55.781 [info] Getting sessions for all scopes...
2025-04-23 00:13:55.781 [info] Got 1 sessions for ...
2025-04-23 00:13:55.804 [info] Getting sessions for read:user,repo,user:email,workflow...
2025-04-23 00:13:55.804 [info] Got 0 sessions for read:user,repo,user:email,workflow...
2025-04-23 00:13:55.817 [info] Getting sessions for user:email...
2025-04-23 00:13:55.817 [info] Got 1 sessions for user:email...
2025-04-23 00:13:55.828 [info] Getting sessions for all scopes...
2025-04-23 00:13:55.829 [info] Got 1 sessions for ...
2025-04-23 00:13:55.842 [info] Getting sessions for read:user,repo,user:email,workflow...
2025-04-23 00:13:55.842 [info] Got 0 sessions for read:user,repo,user:email,workflow...
2025-04-23 00:13:55.846 [info] Getting sessions for user:email...
2025-04-23 00:13:55.846 [info] Got 1 sessions for user:email...
2025-04-23 00:13:56.150 [info] Getting sessions for all scopes...
2025-04-23 00:13:56.150 [info] Got 1 sessions for ...
2025-04-23 00:13:56.153 [info] Getting sessions for read:user,repo,user:email,workflow...
2025-04-23 00:13:56.153 [info] Got 0 sessions for read:user,repo,user:email,workflow...
2025-04-23 00:13:56.154 [info] Getting sessions for user:email...
2025-04-23 00:13:56.154 [info] Got 1 sessions for user:email...
2025-04-23 00:13:57.734 [info] Getting sessions for all scopes...
2025-04-23 00:13:57.734 [info] Got 1 sessions for ...
2025-04-23 00:13:57.737 [info] Getting sessions for read:user,repo,user:email,workflow...
2025-04-23 00:13:57.737 [info] Got 0 sessions for read:user,repo,user:email,workflow...
2025-04-23 00:13:57.742 [info] Getting sessions for user:email...
2025-04-23 00:13:57.742 [info] Got 1 sessions for user:email...
2025-04-23 00:28:57.750 [info] Getting sessions for all scopes...
2025-04-23 00:28:57.750 [info] Got 1 sessions for ...
2025-04-23 00:28:57.755 [info] Getting sessions for read:user,repo,user:email,workflow...
2025-04-23 00:28:57.755 [info] Got 0 sessions for read:user,repo,user:email,workflow...
2025-04-23 00:28:57.757 [info] Getting sessions for user:email...
2025-04-23 00:28:57.757 [info] Got 1 sessions for user:email...
2025-04-23 00:28:57.801 [info] Getting sessions for all scopes...
2025-04-23 00:28:57.801 [info] Got 1 sessions for ...
2025-04-23 00:28:57.805 [info] Getting sessions for read:user,repo,user:email,workflow...
2025-04-23 00:28:57.806 [info] Got 0 sessions for read:user,repo,user:email,workflow...
2025-04-23 00:28:57.809 [info] Getting sessions for user:email...
2025-04-23 00:28:57.809 [info] Got 1 sessions for user:email...
