2025-04-19 11:51:53.733 [info] Experiment 'pythonRecommendTensorboardExt' is active
2025-04-19 11:51:53.733 [info] Experiment 'pythonTerminalEnvVarActivation' is active
2025-04-19 11:51:53.733 [info] Native locator: Refresh started
2025-04-19 11:51:53.733 [info] > pyenv which python
2025-04-19 11:51:53.733 [info] cwd: .
2025-04-19 11:51:58.106 [info] > conda info --json
2025-04-19 11:52:00.798 [info] Native locator: Refresh finished in 12894 ms
2025-04-19 11:52:00.814 [info] Python interpreter path: /sbin/python
2025-04-19 11:52:02.105 [info] Starting Pylance language server.
2025-04-19 11:55:20.931 [info] Discover tests for workspace name: python - uri: /home/arctan/explorations/python/encoding/huffman.py
2025-04-19 11:55:22.853 [info] Discover tests for workspace name: python - uri: /home/arctan/explorations/python/encoding/huffman.py
2025-04-19 11:58:50.487 [info] Discover tests for workspace name: python - uri: /home/arctan/explorations/python/encoding/genstring.py
2025-04-19 11:58:54.483 [info] Discover tests for workspace name: python - uri: /home/arctan/explorations/python/encoding/genstring.py
2025-04-19 11:58:56.324 [info] Discover tests for workspace name: python - uri: /home/arctan/explorations/python/encoding/genstring.py
2025-04-19 11:58:58.765 [info] Discover tests for workspace name: python - uri: /home/arctan/explorations/python/encoding/genstring.py
2025-04-19 11:59:00.232 [info] Discover tests for workspace name: python - uri: /home/arctan/explorations/python/encoding/genstring.py
2025-04-19 11:59:25.164 [info] Discover tests for workspace name: python - uri: /home/arctan/explorations/python/encoding/genstring.py
2025-04-19 11:59:26.940 [info] Discover tests for workspace name: python - uri: /home/arctan/explorations/python/encoding/genstring.py
2025-04-19 11:59:31.696 [info] Discover tests for workspace name: python - uri: /home/arctan/explorations/python/encoding/genstring.py
2025-04-19 11:59:37.426 [info] Discover tests for workspace name: python - uri: /home/arctan/explorations/python/encoding/genstring.py
2025-04-19 11:59:40.913 [info] Discover tests for workspace name: python - uri: /home/arctan/explorations/python/encoding/genstring.py
2025-04-19 11:59:43.383 [info] Discover tests for workspace name: python - uri: /home/arctan/explorations/python/encoding/genstring.py
2025-04-19 11:59:46.318 [info] Discover tests for workspace name: python - uri: /home/arctan/explorations/python/encoding/genstring.py
2025-04-19 11:59:48.443 [info] Discover tests for workspace name: python - uri: /home/arctan/explorations/python/encoding/genstring.py
2025-04-19 12:00:20.578 [info] Discover tests for workspace name: python - uri: /home/arctan/explorations/python/encoding/genstring.py
2025-04-19 12:00:24.572 [info] Discover tests for workspace name: python - uri: /home/arctan/explorations/python/encoding/genstring.py
2025-04-19 12:00:25.704 [info] Discover tests for workspace name: python - uri: /home/arctan/explorations/python/encoding/genstring.py
2025-04-19 12:00:27.360 [info] Discover tests for workspace name: python - uri: /home/arctan/explorations/python/encoding/genstring.py
2025-04-19 12:00:28.402 [info] Discover tests for workspace name: python - uri: /home/arctan/explorations/python/encoding/genstring.py
2025-04-19 12:00:30.630 [info] Discover tests for workspace name: python - uri: /home/arctan/explorations/python/encoding/genstring.py
2025-04-19 12:00:32.534 [info] Discover tests for workspace name: python - uri: /home/arctan/explorations/python/encoding/genstring.py
2025-04-19 12:00:35.674 [info] Discover tests for workspace name: python - uri: /home/arctan/explorations/python/encoding/genstring.py
2025-04-19 12:00:40.033 [info] Discover tests for workspace name: python - uri: /home/arctan/explorations/python/encoding/genstring.py
2025-04-19 12:00:42.138 [info] Discover tests for workspace name: python - uri: /home/arctan/explorations/python/encoding/genstring.py
2025-04-19 12:00:48.606 [info] Discover tests for workspace name: python - uri: /home/arctan/explorations/python/encoding/genstring.py
2025-04-19 12:00:49.739 [info] Discover tests for workspace name: python - uri: /home/arctan/explorations/python/encoding/genstring.py
2025-04-19 12:00:59.866 [info] Discover tests for workspace name: python - uri: /home/arctan/explorations/python/encoding/genstring.py
2025-04-19 12:01:03.429 [info] Discover tests for workspace name: python - uri: /home/arctan/explorations/python/encoding/genstring.py
2025-04-19 12:02:38.362 [info] Discover tests for workspace name: python - uri: /home/arctan/explorations/python/encoding/genstring.py
2025-04-19 12:02:41.461 [info] Discover tests for workspace name: python - uri: /home/arctan/explorations/python/encoding/genstring.py
2025-04-19 12:02:48.268 [info] Discover tests for workspace name: python - uri: /home/arctan/explorations/python/encoding/genstring.py
2025-04-19 12:02:55.006 [info] Discover tests for workspace name: python - uri: /home/arctan/explorations/python/encoding/genstring.py
2025-04-19 12:03:32.009 [info] Discover tests for workspace name: python - uri: /home/arctan/explorations/python/encoding/huffman.py
2025-04-19 12:03:34.469 [info] Discover tests for workspace name: python - uri: /home/arctan/explorations/python/encoding/huffman.py
2025-04-19 12:03:40.078 [info] Discover tests for workspace name: python - uri: /home/arctan/explorations/python/encoding/huffman.py
2025-04-19 12:18:30.867 [info] Discover tests for workspace name: python - uri: /home/arctan/explorations/python/encoding/huffman.py
2025-04-19 12:18:38.781 [info] Discover tests for workspace name: python - uri: /home/arctan/explorations/python/encoding/huffman.py
2025-04-19 12:18:41.890 [info] Discover tests for workspace name: python - uri: /home/arctan/explorations/python/encoding/huffman.py
2025-04-19 12:18:47.446 [info] Discover tests for workspace name: python - uri: /home/arctan/explorations/python/encoding/huffman.py
2025-04-19 12:18:48.498 [info] Discover tests for workspace name: python - uri: /home/arctan/explorations/python/encoding/huffman.py
2025-04-19 12:18:50.125 [info] Discover tests for workspace name: python - uri: /home/arctan/explorations/python/encoding/huffman.py
2025-04-19 12:18:53.393 [info] Discover tests for workspace name: python - uri: /home/arctan/explorations/python/encoding/huffman.py
2025-04-19 12:18:59.192 [info] Discover tests for workspace name: python - uri: /home/arctan/explorations/python/encoding/huffman.py
2025-04-19 12:19:00.641 [info] Discover tests for workspace name: python - uri: /home/arctan/explorations/python/encoding/huffman.py
2025-04-19 12:19:04.984 [info] Discover tests for workspace name: python - uri: /home/arctan/explorations/python/encoding/huffman.py
2025-04-19 12:19:07.019 [info] Discover tests for workspace name: python - uri: /home/arctan/explorations/python/encoding/huffman.py
2025-04-19 12:19:10.564 [info] Discover tests for workspace name: python - uri: /home/arctan/explorations/python/encoding/huffman.py
2025-04-19 12:19:24.350 [info] Discover tests for workspace name: python - uri: /home/arctan/explorations/python/encoding/huffman.py
2025-04-19 12:19:26.742 [info] Discover tests for workspace name: python - uri: /home/arctan/explorations/python/encoding/huffman.py
2025-04-19 12:19:34.795 [info] Discover tests for workspace name: python - uri: /home/arctan/explorations/python/encoding/huffman.py
2025-04-19 12:19:38.671 [info] Discover tests for workspace name: python - uri: /home/arctan/explorations/python/encoding/huffman.py
2025-04-19 12:19:45.083 [info] Discover tests for workspace name: python - uri: /home/arctan/explorations/python/encoding/huffman.py
2025-04-19 12:20:06.585 [info] Discover tests for workspace name: python - uri: /home/arctan/explorations/python/encoding/huffman.py
2025-04-19 12:20:10.425 [info] Discover tests for workspace name: python - uri: /home/arctan/explorations/python/encoding/huffman.py
2025-04-19 12:20:46.337 [info] Discover tests for workspace name: python - uri: /home/arctan/explorations/python/encoding/huffman.py
2025-04-19 12:21:15.674 [info] Discover tests for workspace name: python - uri: /home/arctan/explorations/python/encoding/huffman.py
2025-04-19 12:21:22.863 [info] Discover tests for workspace name: python - uri: /home/arctan/explorations/python/encoding/huffman.py
2025-04-19 12:21:29.285 [info] Discover tests for workspace name: python - uri: /home/arctan/explorations/python/encoding/huffman.py
2025-04-19 12:27:29.951 [info] Discover tests for workspace name: undefined - uri: /home/arctan/.config/Code/User/settings.json
2025-04-19 12:27:36.230 [info] Discover tests for workspace name: python - uri: /home/arctan/explorations/python/encoding/huffman.py
2025-04-19 12:32:35.850 [info] Discover tests for workspace name: python - uri: /home/arctan/explorations/python/encoding/huffman.py
2025-04-19 12:32:46.593 [info] Discover tests for workspace name: python - uri: /home/arctan/explorations/python/encoding/huffman.py
2025-04-19 12:32:50.441 [info] Discover tests for workspace name: python - uri: /home/arctan/explorations/python/encoding/huffman.py
2025-04-19 12:32:57.390 [info] Discover tests for workspace name: python - uri: /home/arctan/explorations/python/encoding/huffman.py
2025-04-19 12:33:00.270 [info] Discover tests for workspace name: python - uri: /home/arctan/explorations/python/encoding/huffman.py
2025-04-19 12:33:13.531 [info] Discover tests for workspace name: python - uri: /home/arctan/explorations/python/encoding/huffman.py
2025-04-19 12:33:30.848 [info] Discover tests for workspace name: python - uri: /home/arctan/explorations/python/encoding/huffman.py
2025-04-19 12:33:33.487 [info] Discover tests for workspace name: python - uri: /home/arctan/explorations/python/encoding/huffman.py
2025-04-19 12:33:50.813 [info] Discover tests for workspace name: python - uri: /home/arctan/explorations/python/encoding/huffman.py
2025-04-19 12:34:00.635 [info] Discover tests for workspace name: python - uri: /home/arctan/explorations/python/encoding/huffman.py
2025-04-19 12:34:03.880 [info] Discover tests for workspace name: python - uri: /home/arctan/explorations/python/encoding/huffman.py
2025-04-19 12:36:01.626 [info] Discover tests for workspace name: python - uri: /home/arctan/explorations/python/encoding/huffman.py
2025-04-19 12:36:06.002 [info] Discover tests for workspace name: python - uri: /home/arctan/explorations/python/encoding/huffman.py
2025-04-19 12:36:16.371 [info] Discover tests for workspace name: python - uri: /home/arctan/explorations/python/encoding/huffman.py
2025-04-19 12:37:13.077 [info] Discover tests for workspace name: python - uri: /home/arctan/explorations/python/encoding/huffman.py
2025-04-19 12:37:15.532 [info] Discover tests for workspace name: python - uri: /home/arctan/explorations/python/encoding/huffman.py
2025-04-19 12:37:18.038 [info] Discover tests for workspace name: python - uri: /home/arctan/explorations/python/encoding/huffman.py
2025-04-19 12:37:52.521 [info] Discover tests for workspace name: python - uri: /home/arctan/explorations/python/encoding/huffman.py
2025-04-19 12:41:17.075 [info] Discover tests for workspace name: python - uri: /home/arctan/explorations/python/encoding/huffman.py
2025-04-19 12:41:24.121 [info] Discover tests for workspace name: python - uri: /home/arctan/explorations/python/encoding/huffman.py
2025-04-19 12:41:31.973 [info] Discover tests for workspace name: python - uri: /home/arctan/explorations/python/encoding/huffman.py
2025-04-19 12:42:12.097 [info] Discover tests for workspace name: python - uri: /home/arctan/explorations/python/encoding/huffman.py
2025-04-19 12:42:17.824 [info] Discover tests for workspace name: python - uri: /home/arctan/explorations/python/encoding/huffman.py
2025-04-19 12:42:55.090 [info] Discover tests for workspace name: python - uri: /home/arctan/explorations/python/encoding/huffman.py
2025-04-19 12:42:58.150 [info] Discover tests for workspace name: python - uri: /home/arctan/explorations/python/encoding/huffman.py
2025-04-19 12:43:03.960 [info] Discover tests for workspace name: python - uri: /home/arctan/explorations/python/encoding/huffman.py
2025-04-19 12:43:05.049 [info] Discover tests for workspace name: python - uri: /home/arctan/explorations/python/encoding/huffman.py
2025-04-19 12:43:10.871 [info] Discover tests for workspace name: python - uri: /home/arctan/explorations/python/encoding/huffman.py
2025-04-19 12:43:16.793 [info] Discover tests for workspace name: python - uri: /home/arctan/explorations/python/encoding/huffman.py
2025-04-19 12:43:37.552 [info] Discover tests for workspace name: python - uri: /home/arctan/explorations/python/encoding/huffman.py
2025-04-19 12:43:48.827 [info] Discover tests for workspace name: python - uri: /home/arctan/explorations/python/encoding/huffman.py
2025-04-19 12:43:51.176 [info] Discover tests for workspace name: python - uri: /home/arctan/explorations/python/encoding/huffman.py
2025-04-19 12:45:44.297 [info] Discover tests for workspace name: undefined - uri: /home/arctan/.config/Code/User/settings.json
2025-04-19 12:45:50.585 [info] Discover tests for workspace name: python - uri: /home/arctan/explorations/python/encoding/huffman.py
2025-04-19 12:46:14.737 [info] Discover tests for workspace name: python - uri: /home/arctan/explorations/python/encoding/huffman.py
2025-04-19 12:46:18.798 [info] Discover tests for workspace name: python - uri: /home/arctan/explorations/python/encoding/huffman.py
2025-04-19 12:46:22.790 [info] Discover tests for workspace name: python - uri: /home/arctan/explorations/python/encoding/huffman.py
2025-04-19 12:46:33.985 [info] Discover tests for workspace name: python - uri: /home/arctan/explorations/python/encoding/huffman.py
2025-04-19 12:46:41.800 [info] Discover tests for workspace name: python - uri: /home/arctan/explorations/python/encoding/huffman.py
2025-04-19 12:46:44.519 [info] Discover tests for workspace name: python - uri: /home/arctan/explorations/python/encoding/huffman.py
2025-04-19 12:46:46.866 [info] Discover tests for workspace name: python - uri: /home/arctan/explorations/python/encoding/huffman.py
2025-04-19 12:46:48.508 [info] Discover tests for workspace name: python - uri: /home/arctan/explorations/python/encoding/huffman.py
2025-04-19 12:46:50.436 [info] Discover tests for workspace name: python - uri: /home/arctan/explorations/python/encoding/huffman.py
2025-04-19 12:46:53.818 [info] Discover tests for workspace name: python - uri: /home/arctan/explorations/python/encoding/huffman.py
2025-04-19 12:46:55.062 [info] Discover tests for workspace name: python - uri: /home/arctan/explorations/python/encoding/huffman.py
2025-04-19 12:46:56.307 [info] Discover tests for workspace name: python - uri: /home/arctan/explorations/python/encoding/huffman.py
2025-04-19 12:47:03.494 [info] Discover tests for workspace name: python - uri: /home/arctan/explorations/python/encoding/huffman.py
2025-04-19 12:47:05.810 [info] Discover tests for workspace name: python - uri: /home/arctan/explorations/python/encoding/huffman.py
2025-04-19 12:47:13.433 [info] Discover tests for workspace name: python - uri: /home/arctan/explorations/python/encoding/huffman.py
2025-04-19 12:47:53.191 [info] Discover tests for workspace name: python - uri: /home/arctan/explorations/python/encoding/huffman.py
2025-04-19 12:48:08.391 [info] Discover tests for workspace name: python - uri: /home/arctan/explorations/python/encoding/huffman.py
2025-04-19 12:48:13.040 [info] Discover tests for workspace name: python - uri: /home/arctan/explorations/python/encoding/huffman.py
