2025-04-19 11:51:53.738 [info] Starting Python Locator /home/arctan/.vscode/extensions/ms-python.python-2025.4.0-linux-x64/python-env-tools/bin/pet server
2025-04-19 11:51:53.925 [info] Discovered env: /usr/bin/python
2025-04-19 11:51:58.113 [info] Discovered env: /bin/python
2025-04-19 11:51:58.268 [info] Env ("/usr/sbin/python") in Path resolved as ResolvedPythonEnv { executable: "/usr/sbin/python", prefix: "/usr", version: "3.13.1.final.0", is64_bit: true, symlinks: Some(["/usr/sbin/python"]) } and reported as Some(GlobalPaths)
2025-04-19 11:51:58.269 [info] Discovered env: /usr/sbin/python
2025-04-19 11:51:58.290 [info] Env ("/sbin/python") in Path resolved as ResolvedPythonEnv { executable: "/sbin/python", prefix: "/usr", version: "3.13.1.final.0", is64_bit: true, symlinks: Some(["/sbin/python"]) } and reported as Some(GlobalPaths)
2025-04-19 11:52:00.510 [info] Discovered env: /sbin/python
2025-04-19 11:52:00.737 [info] Env ("/usr/sbin/python3") in Path resolved as ResolvedPythonEnv { executable: "/usr/sbin/python3", prefix: "/usr", version: "3.13.1.final.0", is64_bit: true, symlinks: Some(["/usr/sbin/python3"]) } and reported as Some(GlobalPaths)
2025-04-19 11:52:00.738 [info] Discovered env: /usr/sbin/python3
2025-04-19 11:52:00.748 [info] Env ("/sbin/python3") in Path resolved as ResolvedPythonEnv { executable: "/sbin/python3", prefix: "/usr", version: "3.13.1.final.0", is64_bit: true, symlinks: Some(["/sbin/python3"]) } and reported as Some(GlobalPaths)
2025-04-19 11:52:00.753 [info] Discovered env: /sbin/python3
2025-04-19 11:52:00.762 [info] Env ("/usr/sbin/python3.13") in Path resolved as ResolvedPythonEnv { executable: "/usr/sbin/python3.13", prefix: "/usr", version: "3.13.1.final.0", is64_bit: true, symlinks: Some(["/usr/sbin/python3.13"]) } and reported as Some(GlobalPaths)
2025-04-19 11:52:00.762 [info] Discovered env: /usr/sbin/python3.13
2025-04-19 11:52:00.770 [info] Env ("/sbin/python3.13") in Path resolved as ResolvedPythonEnv { executable: "/sbin/python3.13", prefix: "/usr", version: "3.13.1.final.0", is64_bit: true, symlinks: Some(["/sbin/python3.13"]) } and reported as Some(GlobalPaths)
2025-04-19 11:52:00.771 [info] Discovered env: /sbin/python3.13
2025-04-19 11:52:00.781 [info] Locator Conda took 513.345614ms
2025-04-19 11:52:00.786 [info] Locator Homebrew took 1.066249ms
2025-04-19 11:52:00.788 [info] Locator LinuxGlobal took 606.038253ms
2025-04-19 11:52:00.789 [info] Locator PipEnv took 64.247µs
2025-04-19 11:52:00.789 [info] Locator Pixi took 43.687µs
2025-04-19 11:52:00.789 [info] Locator Poetry took 8.803665ms
2025-04-19 11:52:00.790 [info] Locator PyEnv took 5.17145ms
2025-04-19 11:52:00.790 [info] Locator Venv took 91.28µs
2025-04-19 11:52:00.790 [info] Locator VirtualEnv took 36.372µs
2025-04-19 11:52:00.790 [info] Locator VirtualEnvWrapper took 65.93µs
2025-04-19 11:52:00.791 [info] Locator GlobalVirtualEnvs took 222.63µs
2025-04-19 11:52:00.791 [info] Locator Locators took 626.672382ms
2025-04-19 11:52:00.791 [info] Locator Path took 1.141692449s
2025-04-19 11:52:00.791 [info] Locator Workspaces took 7.861533ms
2025-04-19 11:52:00.794 [info] Refresh completed in 1142ms
2025-04-19 11:52:00.809 [info] Env ("/sbin/python") in Path resolved as ResolvedPythonEnv { executable: "/sbin/python", prefix: "/usr", version: "3.13.1.final.0", is64_bit: true, symlinks: Some(["/sbin/python"]) } and reported as Some(GlobalPaths)
2025-04-19 11:52:00.809 [info] Resolved Python Environment /sbin/python
2025-04-19 11:52:27.569 [info] Env ("/sbin/python") in Path resolved as ResolvedPythonEnv { executable: "/sbin/python", prefix: "/usr", version: "3.13.1.final.0", is64_bit: true, symlinks: Some(["/sbin/python"]) } and reported as Some(GlobalPaths)
2025-04-19 11:52:27.570 [info] Resolved Python Environment /sbin/python
2025-04-19 11:55:13.706 [info] Env ("/sbin/python") in Path resolved as ResolvedPythonEnv { executable: "/sbin/python", prefix: "/usr", version: "3.13.1.final.0", is64_bit: true, symlinks: Some(["/sbin/python"]) } and reported as Some(GlobalPaths)
2025-04-19 11:55:13.707 [info] Resolved Python Environment /sbin/python
2025-04-19 11:58:44.975 [info] Env ("/sbin/python") in Path resolved as ResolvedPythonEnv { executable: "/sbin/python", prefix: "/usr", version: "3.13.1.final.0", is64_bit: true, symlinks: Some(["/sbin/python"]) } and reported as Some(GlobalPaths)
2025-04-19 11:58:44.977 [info] Resolved Python Environment /sbin/python
2025-04-19 12:01:15.591 [info] Env ("/sbin/python") in Path resolved as ResolvedPythonEnv { executable: "/sbin/python", prefix: "/usr", version: "3.13.1.final.0", is64_bit: true, symlinks: Some(["/sbin/python"]) } and reported as Some(GlobalPaths)
2025-04-19 12:01:15.594 [info] Resolved Python Environment /sbin/python
2025-04-19 12:03:18.714 [info] Env ("/sbin/python") in Path resolved as ResolvedPythonEnv { executable: "/sbin/python", prefix: "/usr", version: "3.13.1.final.0", is64_bit: true, symlinks: Some(["/sbin/python"]) } and reported as Some(GlobalPaths)
2025-04-19 12:03:18.715 [info] Resolved Python Environment /sbin/python
2025-04-19 12:36:22.050 [info] Env ("/sbin/python") in Path resolved as ResolvedPythonEnv { executable: "/sbin/python", prefix: "/usr", version: "3.13.1.final.0", is64_bit: true, symlinks: Some(["/sbin/python"]) } and reported as Some(GlobalPaths)
2025-04-19 12:36:22.052 [info] Resolved Python Environment /sbin/python
2025-04-19 12:37:01.091 [info] Env ("/sbin/python") in Path resolved as ResolvedPythonEnv { executable: "/sbin/python", prefix: "/usr", version: "3.13.1.final.0", is64_bit: true, symlinks: Some(["/sbin/python"]) } and reported as Some(GlobalPaths)
2025-04-19 12:37:01.091 [info] Resolved Python Environment /sbin/python
2025-04-19 12:37:40.403 [info] Env ("/sbin/python") in Path resolved as ResolvedPythonEnv { executable: "/sbin/python", prefix: "/usr", version: "3.13.1.final.0", is64_bit: true, symlinks: Some(["/sbin/python"]) } and reported as Some(GlobalPaths)
2025-04-19 12:37:40.405 [info] Resolved Python Environment /sbin/python
2025-04-19 12:42:27.797 [info] Env ("/sbin/python") in Path resolved as ResolvedPythonEnv { executable: "/sbin/python", prefix: "/usr", version: "3.13.1.final.0", is64_bit: true, symlinks: Some(["/sbin/python"]) } and reported as Some(GlobalPaths)
2025-04-19 12:42:27.797 [info] Resolved Python Environment /sbin/python
2025-04-19 12:47:16.659 [info] Env ("/sbin/python") in Path resolved as ResolvedPythonEnv { executable: "/sbin/python", prefix: "/usr", version: "3.13.1.final.0", is64_bit: true, symlinks: Some(["/sbin/python"]) } and reported as Some(GlobalPaths)
2025-04-19 12:47:16.660 [info] Resolved Python Environment /sbin/python
2025-04-19 12:48:42.864 [info] Env ("/sbin/python") in Path resolved as ResolvedPythonEnv { executable: "/sbin/python", prefix: "/usr", version: "3.13.1.final.0", is64_bit: true, symlinks: Some(["/sbin/python"]) } and reported as Some(GlobalPaths)
2025-04-19 12:48:42.867 [info] Resolved Python Environment /sbin/python
