2025-04-13 21:18:37.889 [info] (Client) Pylance async client (2025.4.1) started with python extension (2025.4.0)
2025-04-13 21:18:39.046 [info] [Info  - 21:18:39] (219313) Server root directory: file:///home/arctan/.vscode/extensions/ms-python.vscode-pylance-2025.4.1/dist
2025-04-13 21:18:39.048 [info] [Info  - 21:18:39] (219313) Pylance language server 2025.4.1 (pyright version 1.1.398, commit 4f24eccc) starting
2025-04-13 21:18:39.056 [info] [Info  - 21:18:39] (219313) Starting service instance "Dataset-Indian-Names-master" for workspace "/home/arctan/data/Dataset-Indian-Names-master"
2025-04-13 21:18:39.204 [info] [Info  - 21:18:39] (219313) Setting environmentName for service "Dataset-Indian-Names-master": "3.13.1 (global)"
2025-04-13 21:18:39.205 [info] [Info  - 21:18:39] (219313) Setting pythonPath for service "Dataset-Indian-Names-master": "/sbin/python"
2025-04-13 21:18:39.207 [info] [Info  - 21:18:39] (219313) No include entries specified; assuming /home/arctan/data/Dataset-Indian-Names-master
2025-04-13 21:18:39.209 [info] [Info  - 21:18:39] (219313) Auto-excluding **/node_modules
2025-04-13 21:18:39.210 [info] [Info  - 21:18:39] (219313) Auto-excluding **/__pycache__
2025-04-13 21:18:39.210 [info] [Info  - 21:18:39] (219313) Auto-excluding **/.*
2025-04-13 21:18:39.257 [info] [Info  - 21:18:39] (219313) Assuming Python version 3.13.2.final.0
2025-04-13 21:18:39.474 [info] [Info  - 21:18:39] (219313) Found 1 source file
2025-04-13 21:18:39.544 [info] [Info  - 21:18:39] (219313) Setting environmentName for service "Dataset-Indian-Names-master": "3.13.1 (global)"
2025-04-13 21:18:39.544 [info] [Info  - 21:18:39] (219313) Setting pythonPath for service "Dataset-Indian-Names-master": "/sbin/python"
2025-04-13 21:18:39.544 [info] [Info  - 21:18:39] (219313) No include entries specified; assuming /home/arctan/data/Dataset-Indian-Names-master
2025-04-13 21:18:39.545 [info] [Info  - 21:18:39] (219313) Auto-excluding **/node_modules
2025-04-13 21:18:39.545 [info] [Info  - 21:18:39] (219313) Auto-excluding **/__pycache__
2025-04-13 21:18:39.545 [info] [Info  - 21:18:39] (219313) Auto-excluding **/.*
2025-04-13 21:18:39.619 [info] [Info  - 21:18:39] (219313) Assuming Python version 3.13.2.final.0
2025-04-13 21:18:39.781 [info] [Info  - 21:18:39] (219313) Found 1 source file
2025-04-13 21:18:40.837 [info] [Info  - 21:18:40] (219313) BG: Priority queue background worker(2) root directory: file:///home/arctan/.vscode/extensions/ms-python.vscode-pylance-2025.4.1/dist
2025-04-13 21:18:40.840 [info] [Info  - 21:18:40] (219313) BG: Priority queue background worker(2) started
2025-04-13 21:18:49.657 [info] [Info  - 21:18:49] (219313) Setting environmentName for service "Dataset-Indian-Names-master": "3.13.2 (global)"
2025-04-13 21:18:49.751 [info] [Info  - 21:18:49] (219313) Setting pythonPath for service "Dataset-Indian-Names-master": "/sbin/python"
2025-04-13 21:18:49.759 [info] [Info  - 21:18:49] (219313) No include entries specified; assuming /home/arctan/data/Dataset-Indian-Names-master
2025-04-13 21:18:49.761 [info] [Info  - 21:18:49] (219313) Auto-excluding **/node_modules
2025-04-13 21:18:49.761 [info] [Info  - 21:18:49] (219313) Auto-excluding **/__pycache__
2025-04-13 21:18:49.772 [info] [Info  - 21:18:49] (219313) Auto-excluding **/.*
2025-04-13 21:18:49.781 [info] [Info  - 21:18:49] (219313) Assuming Python version 3.13.2.final.0
2025-04-13 21:18:50.424 [info] [Info  - 21:18:50] (219313) Found 1 source file
2025-04-13 21:18:50.547 [info] [Info  - 21:18:50] (219313) Starting service instance "<default>" for workspace ""
2025-04-13 21:18:50.754 [info] [Info  - 21:18:50] (219313) Setting environmentName for service "<default>": "3.13.2 (global)"
2025-04-13 21:18:50.755 [info] [Info  - 21:18:50] (219313) Setting pythonPath for service "<default>": "/sbin/python"
2025-04-13 21:18:50.763 [info] [Info  - 21:18:50] (219313) No include entries specified; assuming /<default workspace root>
2025-04-13 21:18:50.764 [info] [Info  - 21:18:50] (219313) Auto-excluding **/node_modules
2025-04-13 21:18:50.764 [info] [Info  - 21:18:50] (219313) Auto-excluding **/__pycache__
2025-04-13 21:18:50.764 [info] [Info  - 21:18:50] (219313) Auto-excluding **/.*
2025-04-13 21:18:53.176 [info] [Info  - 21:18:53] (219313) Assuming Python version 3.13.2.final.0
2025-04-13 21:18:53.595 [info] [Error - 21:18:53] (219313) File or directory "/<default workspace root>" does not exist.
2025-04-13 21:18:53.654 [info] [Info  - 21:18:53] (219313) No source files found.
2025-04-13 21:18:54.712 [info] [Info  - 21:18:54] (219313) BG: [BG(1)] Long operation: analyzing: file:///home/arctan/data/Dataset-Indian-Names-master/name_classifier.ipynb.py#pylancePrefixCell (3109ms)
2025-04-13 21:18:55.253 [info] [Info  - 21:18:55] (219313) BG: Indexer background runner(3) root directory: file:///home/arctan/.vscode/extensions/ms-python.vscode-pylance-2025.4.1/dist (index)
2025-04-13 21:18:55.256 [info] [Info  - 21:18:55] (219313) BG: Indexing(3) started
2025-04-13 21:18:55.532 [info] [Info  - 21:18:55] (219313) BG: Priority queue background worker(5) root directory: file:///home/arctan/.vscode/extensions/ms-python.vscode-pylance-2025.4.1/dist
2025-04-13 21:18:55.536 [info] [Info  - 21:18:55] (219313) BG: Priority queue background worker(5) started
2025-04-13 21:18:57.065 [info] [Info  - 21:18:57] (219313) BG: scanned(3) 324 files over 1 exec env
2025-04-13 21:19:01.330 [info] [Info  - 21:19:01] (219313) BG: [IDX(3)] Long operation: index execution environment file:///home/arctan/data/Dataset-Indian-Names-master (3362ms)
2025-04-13 21:19:01.364 [info] [Info  - 21:19:01] (219313) BG: [IDX(3)] Long operation: index packages file:///home/arctan/data/Dataset-Indian-Names-master (3454ms)
2025-04-13 21:19:01.364 [info] [Info  - 21:19:01] (219313) BG: indexed(3) 324 files over 1 exec env
2025-04-13 21:19:01.515 [info] [Info  - 21:19:01] (219313) BG: Indexing finished(3).
