2025-04-15 06:49:47.286 [info] Reading sessions from keychain...
2025-04-15 06:49:47.286 [info] Getting sessions for all scopes...
2025-04-15 06:49:47.286 [info] Getting sessions for all scopes...
2025-04-15 06:49:47.286 [info] Getting sessions for all scopes...
2025-04-15 06:49:47.286 [info] Getting sessions for all scopes...
2025-04-15 06:49:47.286 [info] Getting sessions for all scopes...
2025-04-15 06:49:47.286 [info] Getting sessions for all scopes...
2025-04-15 06:49:47.286 [info] Getting sessions for all scopes...
2025-04-15 06:49:47.907 [info] Got stored sessions!
2025-04-15 06:49:47.907 [info] Got 1 verified sessions.
2025-04-15 06:49:47.907 [info] Got 1 sessions for ...
2025-04-15 06:49:47.907 [info] Got 1 sessions for ...
2025-04-15 06:49:47.907 [info] Got 1 sessions for ...
2025-04-15 06:49:47.907 [info] Got 1 sessions for ...
2025-04-15 06:49:47.907 [info] Got 1 sessions for ...
2025-04-15 06:49:47.907 [info] Got 1 sessions for ...
2025-04-15 06:49:47.907 [info] Got 1 sessions for ...
2025-04-15 06:49:52.536 [info] Getting sessions for all scopes...
2025-04-15 06:49:52.536 [info] Got 1 sessions for ...
2025-04-15 06:49:54.162 [info] Getting sessions for all scopes...
2025-04-15 06:49:54.162 [info] Got 1 sessions for ...
2025-04-15 06:49:54.387 [info] Getting sessions for read:user,repo,user:email,workflow...
2025-04-15 06:49:54.388 [info] Got 0 sessions for read:user,repo,user:email,workflow...
2025-04-15 06:49:54.388 [info] Getting sessions for all scopes...
2025-04-15 06:49:54.388 [info] Got 1 sessions for ...
2025-04-15 06:49:54.389 [info] Getting sessions for all scopes...
2025-04-15 06:49:54.389 [info] Got 1 sessions for ...
2025-04-15 06:49:55.815 [info] Getting sessions for read:user...
2025-04-15 06:49:55.815 [info] Got 0 sessions for read:user...
2025-04-15 06:49:55.903 [info] Getting sessions for read:user,repo,user:email,workflow...
2025-04-15 06:49:55.903 [info] Got 0 sessions for read:user,repo,user:email,workflow...
2025-04-15 06:49:56.100 [info] Getting sessions for user:email...
2025-04-15 06:49:56.100 [info] Got 1 sessions for user:email...
2025-04-15 06:49:56.101 [info] Getting sessions for user:email...
2025-04-15 06:49:56.101 [info] Got 1 sessions for user:email...
2025-04-15 06:49:56.128 [info] Getting sessions for all scopes...
2025-04-15 06:49:56.128 [info] Got 1 sessions for ...
2025-04-15 06:49:59.244 [info] Getting sessions for read:user,repo,user:email,workflow...
2025-04-15 06:49:59.244 [info] Got 0 sessions for read:user,repo,user:email,workflow...
2025-04-15 06:49:59.362 [info] Getting sessions for user:email...
2025-04-15 06:49:59.362 [info] Got 1 sessions for user:email...
2025-04-15 06:49:59.432 [info] Getting sessions for all scopes...
2025-04-15 06:49:59.432 [info] Got 1 sessions for ...
2025-04-15 06:49:59.437 [info] Getting sessions for read:user,repo,user:email,workflow...
2025-04-15 06:49:59.437 [info] Got 0 sessions for read:user,repo,user:email,workflow...
2025-04-15 06:49:59.441 [info] Getting sessions for user:email...
2025-04-15 06:49:59.441 [info] Got 1 sessions for user:email...
2025-04-15 06:50:01.272 [info] Getting sessions for all scopes...
2025-04-15 06:50:01.272 [info] Got 1 sessions for ...
2025-04-15 06:50:01.273 [info] Getting sessions for all scopes...
2025-04-15 06:50:01.273 [info] Got 1 sessions for ...
2025-04-15 06:50:01.300 [info] Getting sessions for read:user,repo,user:email,workflow...
2025-04-15 06:50:01.300 [info] Got 0 sessions for read:user,repo,user:email,workflow...
2025-04-15 06:50:01.303 [info] Getting sessions for user:email...
2025-04-15 06:50:01.303 [info] Got 1 sessions for user:email...
2025-04-15 06:50:01.308 [info] Getting sessions for all scopes...
2025-04-15 06:50:01.308 [info] Got 1 sessions for ...
2025-04-15 06:50:01.314 [info] Getting sessions for read:user,repo,user:email,workflow...
2025-04-15 06:50:01.314 [info] Got 0 sessions for read:user,repo,user:email,workflow...
2025-04-15 06:50:01.316 [info] Getting sessions for user:email...
2025-04-15 06:50:01.316 [info] Got 1 sessions for user:email...
2025-04-15 06:50:01.556 [info] Getting sessions for all scopes...
2025-04-15 06:50:01.556 [info] Got 1 sessions for ...
2025-04-15 06:50:01.587 [info] Getting sessions for read:user,repo,user:email,workflow...
2025-04-15 06:50:01.587 [info] Got 0 sessions for read:user,repo,user:email,workflow...
2025-04-15 06:50:01.590 [info] Getting sessions for user:email...
2025-04-15 06:50:01.590 [info] Got 1 sessions for user:email...
2025-04-15 06:50:05.801 [info] Getting sessions for all scopes...
2025-04-15 06:50:05.801 [info] Got 1 sessions for ...
2025-04-15 06:50:05.824 [info] Getting sessions for read:user,repo,user:email,workflow...
2025-04-15 06:50:05.824 [info] Got 0 sessions for read:user,repo,user:email,workflow...
2025-04-15 06:50:05.839 [info] Getting sessions for user:email...
2025-04-15 06:50:05.839 [info] Got 1 sessions for user:email...
2025-04-15 07:05:05.861 [info] Getting sessions for all scopes...
2025-04-15 07:05:05.861 [info] Got 1 sessions for ...
2025-04-15 07:05:05.888 [info] Getting sessions for read:user,repo,user:email,workflow...
2025-04-15 07:05:05.888 [info] Got 0 sessions for read:user,repo,user:email,workflow...
2025-04-15 07:05:05.906 [info] Getting sessions for user:email...
2025-04-15 07:05:05.906 [info] Got 1 sessions for user:email...
2025-04-15 07:05:05.998 [info] Getting sessions for all scopes...
2025-04-15 07:05:05.998 [info] Got 1 sessions for ...
2025-04-15 07:05:06.009 [info] Getting sessions for read:user,repo,user:email,workflow...
2025-04-15 07:05:06.009 [info] Got 0 sessions for read:user,repo,user:email,workflow...
2025-04-15 07:05:06.012 [info] Getting sessions for user:email...
2025-04-15 07:05:06.012 [info] Got 1 sessions for user:email...
2025-04-15 07:15:01.239 [info] Getting sessions for all scopes...
2025-04-15 07:15:01.239 [info] Got 1 sessions for ...
2025-04-15 07:15:01.241 [info] Getting sessions for read:user,repo,user:email,workflow...
2025-04-15 07:15:01.241 [info] Got 0 sessions for read:user,repo,user:email,workflow...
2025-04-15 07:15:01.243 [info] Getting sessions for user:email...
2025-04-15 07:15:01.244 [info] Got 1 sessions for user:email...
2025-04-15 07:15:02.892 [info] Getting sessions for all scopes...
2025-04-15 07:15:02.892 [info] Got 1 sessions for ...
2025-04-15 07:15:02.892 [info] Getting sessions for all scopes...
2025-04-15 07:15:02.892 [info] Got 1 sessions for ...
2025-04-15 07:15:02.893 [info] Getting sessions for read:user,repo,user:email,workflow...
2025-04-15 07:15:02.893 [info] Got 0 sessions for read:user,repo,user:email,workflow...
2025-04-15 07:15:02.894 [info] Getting sessions for user:email...
2025-04-15 07:15:02.894 [info] Got 1 sessions for user:email...
2025-04-15 07:15:02.896 [info] Getting sessions for all scopes...
2025-04-15 07:15:02.896 [info] Got 1 sessions for ...
2025-04-15 07:15:02.897 [info] Getting sessions for read:user,repo,user:email,workflow...
2025-04-15 07:15:02.897 [info] Got 0 sessions for read:user,repo,user:email,workflow...
2025-04-15 07:15:02.899 [info] Getting sessions for user:email...
2025-04-15 07:15:02.900 [info] Got 1 sessions for user:email...
2025-04-15 07:15:02.909 [info] Getting sessions for all scopes...
2025-04-15 07:15:02.909 [info] Got 1 sessions for ...
2025-04-15 07:15:02.910 [info] Getting sessions for read:user,repo,user:email,workflow...
2025-04-15 07:15:02.910 [info] Got 0 sessions for read:user,repo,user:email,workflow...
2025-04-15 07:15:02.911 [info] Getting sessions for user:email...
2025-04-15 07:15:02.911 [info] Got 1 sessions for user:email...
2025-04-15 07:30:02.917 [info] Getting sessions for all scopes...
2025-04-15 07:30:02.925 [info] Got 1 sessions for ...
2025-04-15 07:30:02.927 [info] Getting sessions for read:user,repo,user:email,workflow...
2025-04-15 07:30:02.927 [info] Got 0 sessions for read:user,repo,user:email,workflow...
2025-04-15 07:30:02.929 [info] Getting sessions for user:email...
2025-04-15 07:30:02.929 [info] Got 1 sessions for user:email...
2025-04-15 07:30:02.932 [info] Getting sessions for all scopes...
2025-04-15 07:30:02.932 [info] Got 1 sessions for ...
2025-04-15 07:30:02.934 [info] Getting sessions for read:user,repo,user:email,workflow...
2025-04-15 07:30:02.935 [info] Got 0 sessions for read:user,repo,user:email,workflow...
2025-04-15 07:30:02.936 [info] Getting sessions for user:email...
2025-04-15 07:30:02.936 [info] Got 1 sessions for user:email...
2025-04-15 07:40:02.892 [info] Getting sessions for all scopes...
2025-04-15 07:40:02.893 [info] Got 1 sessions for ...
2025-04-15 07:40:02.895 [info] Getting sessions for read:user,repo,user:email,workflow...
2025-04-15 07:40:02.895 [info] Got 0 sessions for read:user,repo,user:email,workflow...
2025-04-15 07:40:02.897 [info] Getting sessions for user:email...
2025-04-15 07:40:02.897 [info] Got 1 sessions for user:email...
2025-04-15 07:40:04.073 [info] Getting sessions for all scopes...
2025-04-15 07:40:04.073 [info] Got 1 sessions for ...
2025-04-15 07:40:04.073 [info] Getting sessions for all scopes...
2025-04-15 07:40:04.073 [info] Got 1 sessions for ...
2025-04-15 07:40:04.074 [info] Getting sessions for read:user,repo,user:email,workflow...
2025-04-15 07:40:04.074 [info] Got 0 sessions for read:user,repo,user:email,workflow...
2025-04-15 07:40:04.076 [info] Getting sessions for user:email...
2025-04-15 07:40:04.076 [info] Got 1 sessions for user:email...
2025-04-15 07:40:04.077 [info] Getting sessions for all scopes...
2025-04-15 07:40:04.077 [info] Got 1 sessions for ...
2025-04-15 07:40:04.079 [info] Getting sessions for read:user,repo,user:email,workflow...
2025-04-15 07:40:04.079 [info] Got 0 sessions for read:user,repo,user:email,workflow...
2025-04-15 07:40:04.080 [info] Getting sessions for user:email...
2025-04-15 07:40:04.081 [info] Got 1 sessions for user:email...
2025-04-15 07:40:04.094 [info] Getting sessions for all scopes...
2025-04-15 07:40:04.094 [info] Got 1 sessions for ...
2025-04-15 07:40:04.100 [info] Getting sessions for read:user,repo,user:email,workflow...
2025-04-15 07:40:04.100 [info] Got 0 sessions for read:user,repo,user:email,workflow...
2025-04-15 07:40:04.105 [info] Getting sessions for user:email...
2025-04-15 07:40:04.105 [info] Got 1 sessions for user:email...
2025-04-15 07:55:04.116 [info] Getting sessions for all scopes...
2025-04-15 07:55:04.116 [info] Got 1 sessions for ...
2025-04-15 07:55:04.117 [info] Getting sessions for read:user,repo,user:email,workflow...
2025-04-15 07:55:04.117 [info] Got 0 sessions for read:user,repo,user:email,workflow...
2025-04-15 07:55:04.119 [info] Getting sessions for user:email...
2025-04-15 07:55:04.119 [info] Got 1 sessions for user:email...
2025-04-15 07:55:04.122 [info] Getting sessions for all scopes...
2025-04-15 07:55:04.122 [info] Got 1 sessions for ...
2025-04-15 07:55:04.123 [info] Getting sessions for read:user,repo,user:email,workflow...
2025-04-15 07:55:04.123 [info] Got 0 sessions for read:user,repo,user:email,workflow...
2025-04-15 07:55:04.127 [info] Getting sessions for user:email...
2025-04-15 07:55:04.127 [info] Got 1 sessions for user:email...
2025-04-15 08:05:04.073 [info] Getting sessions for all scopes...
2025-04-15 08:05:04.073 [info] Got 1 sessions for ...
2025-04-15 08:05:04.075 [info] Getting sessions for read:user,repo,user:email,workflow...
2025-04-15 08:05:04.076 [info] Got 0 sessions for read:user,repo,user:email,workflow...
2025-04-15 08:05:04.078 [info] Getting sessions for user:email...
2025-04-15 08:05:04.078 [info] Got 1 sessions for user:email...
2025-04-15 08:05:05.818 [info] Getting sessions for all scopes...
2025-04-15 08:05:05.818 [info] Got 1 sessions for ...
2025-04-15 08:05:05.818 [info] Getting sessions for all scopes...
2025-04-15 08:05:05.818 [info] Got 1 sessions for ...
2025-04-15 08:05:05.819 [info] Getting sessions for read:user,repo,user:email,workflow...
2025-04-15 08:05:05.819 [info] Got 0 sessions for read:user,repo,user:email,workflow...
2025-04-15 08:05:05.820 [info] Getting sessions for user:email...
2025-04-15 08:05:05.820 [info] Got 1 sessions for user:email...
2025-04-15 08:05:05.822 [info] Getting sessions for all scopes...
2025-04-15 08:05:05.822 [info] Got 1 sessions for ...
2025-04-15 08:05:05.823 [info] Getting sessions for read:user,repo,user:email,workflow...
2025-04-15 08:05:05.823 [info] Got 0 sessions for read:user,repo,user:email,workflow...
2025-04-15 08:05:05.824 [info] Getting sessions for user:email...
2025-04-15 08:05:05.824 [info] Got 1 sessions for user:email...
2025-04-15 08:05:05.829 [info] Getting sessions for all scopes...
2025-04-15 08:05:05.829 [info] Got 1 sessions for ...
2025-04-15 08:05:05.830 [info] Getting sessions for read:user,repo,user:email,workflow...
2025-04-15 08:05:05.830 [info] Got 0 sessions for read:user,repo,user:email,workflow...
2025-04-15 08:05:05.832 [info] Getting sessions for user:email...
2025-04-15 08:05:05.832 [info] Got 1 sessions for user:email...
2025-04-15 08:05:05.837 [info] Getting sessions for all scopes...
2025-04-15 08:05:05.837 [info] Got 1 sessions for ...
2025-04-15 08:05:05.838 [info] Getting sessions for read:user,repo,user:email,workflow...
2025-04-15 08:05:05.838 [info] Got 0 sessions for read:user,repo,user:email,workflow...
2025-04-15 08:05:05.840 [info] Getting sessions for user:email...
2025-04-15 08:05:05.840 [info] Got 1 sessions for user:email...
2025-04-15 09:22:24.205 [info] Getting sessions for all scopes...
2025-04-15 09:22:24.205 [info] Got 1 sessions for ...
2025-04-15 09:22:24.210 [info] Getting sessions for read:user,repo,user:email,workflow...
2025-04-15 09:22:24.210 [info] Got 0 sessions for read:user,repo,user:email,workflow...
2025-04-15 09:22:24.212 [info] Getting sessions for user:email...
2025-04-15 09:22:24.212 [info] Got 1 sessions for user:email...
2025-04-15 09:22:24.215 [info] Getting sessions for all scopes...
2025-04-15 09:22:24.215 [info] Got 1 sessions for ...
2025-04-15 09:22:24.217 [info] Getting sessions for read:user,repo,user:email,workflow...
2025-04-15 09:22:24.217 [info] Got 0 sessions for read:user,repo,user:email,workflow...
2025-04-15 09:22:24.219 [info] Getting sessions for user:email...
2025-04-15 09:22:24.219 [info] Got 1 sessions for user:email...
2025-04-15 09:22:24.310 [info] Getting sessions for all scopes...
2025-04-15 09:22:24.310 [info] Got 1 sessions for ...
2025-04-15 09:22:24.310 [info] Getting sessions for all scopes...
2025-04-15 09:22:24.310 [info] Got 1 sessions for ...
2025-04-15 09:22:24.311 [info] Getting sessions for read:user,repo,user:email,workflow...
2025-04-15 09:22:24.311 [info] Got 0 sessions for read:user,repo,user:email,workflow...
2025-04-15 09:22:24.313 [info] Getting sessions for user:email...
2025-04-15 09:22:24.313 [info] Got 1 sessions for user:email...
2025-04-15 09:22:24.315 [info] Getting sessions for all scopes...
2025-04-15 09:22:24.315 [info] Got 1 sessions for ...
2025-04-15 09:22:24.317 [info] Getting sessions for read:user,repo,user:email,workflow...
2025-04-15 09:22:24.317 [info] Got 0 sessions for read:user,repo,user:email,workflow...
2025-04-15 09:22:24.318 [info] Getting sessions for user:email...
2025-04-15 09:22:24.318 [info] Got 1 sessions for user:email...
2025-04-15 09:22:24.319 [info] Getting sessions for all scopes...
2025-04-15 09:22:24.319 [info] Got 1 sessions for ...
2025-04-15 09:22:24.321 [info] Getting sessions for read:user,repo,user:email,workflow...
2025-04-15 09:22:24.321 [info] Got 0 sessions for read:user,repo,user:email,workflow...
2025-04-15 09:22:24.322 [info] Getting sessions for user:email...
2025-04-15 09:22:24.322 [info] Got 1 sessions for user:email...
2025-04-15 09:22:24.387 [info] Getting sessions for all scopes...
2025-04-15 09:22:24.387 [info] Got 1 sessions for ...
2025-04-15 09:22:24.396 [info] Getting sessions for read:user,repo,user:email,workflow...
2025-04-15 09:22:24.396 [info] Got 0 sessions for read:user,repo,user:email,workflow...
2025-04-15 09:22:24.400 [info] Getting sessions for user:email...
2025-04-15 09:22:24.400 [info] Got 1 sessions for user:email...
2025-04-15 09:22:24.401 [info] Getting sessions for all scopes...
2025-04-15 09:22:24.401 [info] Got 1 sessions for ...
2025-04-15 09:22:24.402 [info] Getting sessions for read:user,repo,user:email,workflow...
2025-04-15 09:22:24.402 [info] Got 0 sessions for read:user,repo,user:email,workflow...
2025-04-15 09:22:24.403 [info] Getting sessions for user:email...
2025-04-15 09:22:24.404 [info] Got 1 sessions for user:email...
2025-04-15 14:13:49.160 [info] Getting sessions for all scopes...
2025-04-15 14:13:49.160 [info] Got 1 sessions for ...
2025-04-15 14:13:49.163 [info] Getting sessions for read:user,repo,user:email,workflow...
2025-04-15 14:13:49.163 [info] Got 0 sessions for read:user,repo,user:email,workflow...
2025-04-15 14:13:49.165 [info] Getting sessions for user:email...
2025-04-15 14:13:49.165 [info] Got 1 sessions for user:email...
2025-04-15 14:13:50.860 [info] Getting sessions for all scopes...
2025-04-15 14:13:50.860 [info] Got 1 sessions for ...
2025-04-15 14:13:50.860 [info] Getting sessions for all scopes...
2025-04-15 14:13:50.860 [info] Got 1 sessions for ...
2025-04-15 14:13:50.862 [info] Getting sessions for read:user,repo,user:email,workflow...
2025-04-15 14:13:50.862 [info] Got 0 sessions for read:user,repo,user:email,workflow...
2025-04-15 14:13:50.864 [info] Getting sessions for user:email...
2025-04-15 14:13:50.864 [info] Got 1 sessions for user:email...
2025-04-15 14:13:50.866 [info] Getting sessions for all scopes...
2025-04-15 14:13:50.866 [info] Got 1 sessions for ...
2025-04-15 14:13:50.867 [info] Getting sessions for read:user,repo,user:email,workflow...
2025-04-15 14:13:50.867 [info] Got 0 sessions for read:user,repo,user:email,workflow...
2025-04-15 14:13:50.869 [info] Getting sessions for user:email...
2025-04-15 14:13:50.869 [info] Got 1 sessions for user:email...
2025-04-15 14:13:51.327 [info] Getting sessions for all scopes...
2025-04-15 14:13:51.327 [info] Got 1 sessions for ...
2025-04-15 14:13:51.420 [info] Getting sessions for read:user,repo,user:email,workflow...
2025-04-15 14:13:51.420 [info] Got 0 sessions for read:user,repo,user:email,workflow...
2025-04-15 14:13:51.647 [info] Getting sessions for user:email...
2025-04-15 14:13:51.647 [info] Got 1 sessions for user:email...
2025-04-15 14:13:51.655 [info] Getting sessions for all scopes...
2025-04-15 14:13:51.655 [info] Got 1 sessions for ...
2025-04-15 14:13:51.661 [info] Getting sessions for read:user,repo,user:email,workflow...
2025-04-15 14:13:51.661 [info] Got 0 sessions for read:user,repo,user:email,workflow...
2025-04-15 14:13:51.664 [info] Getting sessions for user:email...
2025-04-15 14:13:51.664 [info] Got 1 sessions for user:email...
2025-04-15 14:28:53.123 [info] Getting sessions for all scopes...
2025-04-15 14:28:53.123 [info] Got 1 sessions for ...
2025-04-15 14:28:53.131 [info] Getting sessions for read:user,repo,user:email,workflow...
2025-04-15 14:28:53.131 [info] Got 0 sessions for read:user,repo,user:email,workflow...
2025-04-15 14:28:53.132 [info] Getting sessions for user:email...
2025-04-15 14:28:53.133 [info] Got 1 sessions for user:email...
2025-04-15 14:28:53.136 [info] Getting sessions for all scopes...
2025-04-15 14:28:53.136 [info] Got 1 sessions for ...
2025-04-15 14:28:53.139 [info] Getting sessions for read:user,repo,user:email,workflow...
2025-04-15 14:28:53.139 [info] Got 0 sessions for read:user,repo,user:email,workflow...
2025-04-15 14:28:53.148 [info] Getting sessions for user:email...
2025-04-15 14:28:53.148 [info] Got 1 sessions for user:email...
2025-04-15 14:38:50.862 [info] Getting sessions for all scopes...
2025-04-15 14:38:50.862 [info] Got 1 sessions for ...
2025-04-15 14:38:50.864 [info] Getting sessions for read:user,repo,user:email,workflow...
2025-04-15 14:38:50.864 [info] Got 0 sessions for read:user,repo,user:email,workflow...
2025-04-15 14:38:50.867 [info] Getting sessions for user:email...
2025-04-15 14:38:50.867 [info] Got 1 sessions for user:email...
2025-04-15 14:38:52.883 [info] Getting sessions for all scopes...
2025-04-15 14:38:52.883 [info] Got 1 sessions for ...
2025-04-15 14:38:52.883 [info] Getting sessions for all scopes...
2025-04-15 14:38:52.883 [info] Got 1 sessions for ...
2025-04-15 14:38:52.887 [info] Getting sessions for read:user,repo,user:email,workflow...
2025-04-15 14:38:52.887 [info] Got 0 sessions for read:user,repo,user:email,workflow...
2025-04-15 14:38:52.891 [info] Getting sessions for user:email...
2025-04-15 14:38:52.892 [info] Got 1 sessions for user:email...
2025-04-15 14:38:52.896 [info] Getting sessions for all scopes...
2025-04-15 14:38:52.896 [info] Got 1 sessions for ...
2025-04-15 14:38:52.898 [info] Getting sessions for read:user,repo,user:email,workflow...
2025-04-15 14:38:52.898 [info] Got 0 sessions for read:user,repo,user:email,workflow...
2025-04-15 14:38:52.900 [info] Getting sessions for user:email...
2025-04-15 14:38:52.900 [info] Got 1 sessions for user:email...
2025-04-15 14:38:52.910 [info] Getting sessions for all scopes...
2025-04-15 14:38:52.910 [info] Got 1 sessions for ...
2025-04-15 14:38:52.913 [info] Getting sessions for read:user,repo,user:email,workflow...
2025-04-15 14:38:52.913 [info] Got 0 sessions for read:user,repo,user:email,workflow...
2025-04-15 14:38:52.915 [info] Getting sessions for user:email...
2025-04-15 14:38:52.915 [info] Got 1 sessions for user:email...
