2025-04-22 22:57:52.864 [info] Reading sessions from keychain...
2025-04-22 22:57:52.864 [info] Getting sessions for all scopes...
2025-04-22 22:57:52.864 [info] Getting sessions for all scopes...
2025-04-22 22:57:52.866 [info] Getting sessions for all scopes...
2025-04-22 22:57:52.867 [info] Getting sessions for all scopes...
2025-04-22 22:57:52.867 [info] Getting sessions for all scopes...
2025-04-22 22:57:52.868 [info] Getting sessions for all scopes...
2025-04-22 22:57:52.868 [info] Getting sessions for all scopes...
2025-04-22 22:57:53.548 [info] Got stored sessions!
2025-04-22 22:57:53.548 [info] Got 1 verified sessions.
2025-04-22 22:57:53.548 [info] Got 1 sessions for ...
2025-04-22 22:57:53.548 [info] Got 1 sessions for ...
2025-04-22 22:57:53.548 [info] Got 1 sessions for ...
2025-04-22 22:57:53.548 [info] Got 1 sessions for ...
2025-04-22 22:57:53.548 [info] Got 1 sessions for ...
2025-04-22 22:57:53.548 [info] Got 1 sessions for ...
2025-04-22 22:57:53.548 [info] Got 1 sessions for ...
2025-04-22 22:57:53.817 [info] Getting sessions for all scopes...
2025-04-22 22:57:53.817 [info] Got 1 sessions for ...
2025-04-22 22:57:58.595 [info] Getting sessions for read:user,repo,user:email,workflow...
2025-04-22 22:57:58.595 [info] Got 0 sessions for read:user,repo,user:email,workflow...
2025-04-22 22:57:58.596 [info] Getting sessions for all scopes...
2025-04-22 22:57:58.596 [info] Got 1 sessions for ...
2025-04-22 22:57:58.596 [info] Getting sessions for all scopes...
2025-04-22 22:57:58.596 [info] Got 1 sessions for ...
2025-04-22 22:57:58.753 [info] Getting sessions for read:user...
2025-04-22 22:57:58.753 [info] Got 0 sessions for read:user...
2025-04-22 22:57:58.821 [info] Getting sessions for read:user,repo,user:email,workflow...
2025-04-22 22:57:58.821 [info] Got 0 sessions for read:user,repo,user:email,workflow...
2025-04-22 22:57:59.171 [info] Getting sessions for user:email...
2025-04-22 22:57:59.171 [info] Got 1 sessions for user:email...
2025-04-22 22:57:59.202 [info] Getting sessions for user:email...
2025-04-22 22:57:59.202 [info] Got 1 sessions for user:email...
2025-04-22 22:57:59.781 [info] Getting sessions for all scopes...
2025-04-22 22:57:59.781 [info] Got 1 sessions for ...
2025-04-22 22:58:02.624 [info] Getting sessions for read:user,repo,user:email,workflow...
2025-04-22 22:58:02.624 [info] Got 0 sessions for read:user,repo,user:email,workflow...
2025-04-22 22:58:02.654 [info] Getting sessions for user:email...
2025-04-22 22:58:02.654 [info] Got 1 sessions for user:email...
2025-04-22 22:58:02.659 [info] Getting sessions for all scopes...
2025-04-22 22:58:02.659 [info] Got 1 sessions for ...
2025-04-22 22:58:02.665 [info] Getting sessions for read:user,repo,user:email,workflow...
2025-04-22 22:58:02.665 [info] Got 0 sessions for read:user,repo,user:email,workflow...
2025-04-22 22:58:02.667 [info] Getting sessions for user:email...
2025-04-22 22:58:02.667 [info] Got 1 sessions for user:email...
2025-04-22 22:58:04.283 [info] Getting sessions for all scopes...
2025-04-22 22:58:04.284 [info] Got 1 sessions for ...
2025-04-22 22:58:04.449 [info] Getting sessions for read:user,repo,user:email,workflow...
2025-04-22 22:58:04.449 [info] Got 0 sessions for read:user,repo,user:email,workflow...
2025-04-22 22:58:04.450 [info] Getting sessions for user:email...
2025-04-22 22:58:04.450 [info] Got 1 sessions for user:email...
2025-04-22 22:58:05.411 [info] Getting sessions for all scopes...
2025-04-22 22:58:05.411 [info] Got 1 sessions for ...
2025-04-22 22:58:05.412 [info] Getting sessions for all scopes...
2025-04-22 22:58:05.412 [info] Got 1 sessions for ...
2025-04-22 22:58:05.433 [info] Getting sessions for read:user,repo,user:email,workflow...
2025-04-22 22:58:05.433 [info] Got 0 sessions for read:user,repo,user:email,workflow...
2025-04-22 22:58:05.435 [info] Getting sessions for user:email...
2025-04-22 22:58:05.435 [info] Got 1 sessions for user:email...
2025-04-22 22:58:05.442 [info] Getting sessions for all scopes...
2025-04-22 22:58:05.442 [info] Got 1 sessions for ...
2025-04-22 22:58:05.444 [info] Getting sessions for read:user,repo,user:email,workflow...
2025-04-22 22:58:05.445 [info] Got 0 sessions for read:user,repo,user:email,workflow...
2025-04-22 22:58:05.446 [info] Getting sessions for user:email...
2025-04-22 22:58:05.446 [info] Got 1 sessions for user:email...
2025-04-22 22:58:05.632 [info] Getting sessions for all scopes...
2025-04-22 22:58:05.633 [info] Got 1 sessions for ...
2025-04-22 22:58:05.661 [info] Getting sessions for read:user,repo,user:email,workflow...
2025-04-22 22:58:05.661 [info] Got 0 sessions for read:user,repo,user:email,workflow...
2025-04-22 22:58:05.668 [info] Getting sessions for user:email...
2025-04-22 22:58:05.668 [info] Got 1 sessions for user:email...
2025-04-22 22:58:08.134 [info] Getting sessions for all scopes...
2025-04-22 22:58:08.135 [info] Got 1 sessions for ...
2025-04-22 22:58:08.180 [info] Getting sessions for read:user,repo,user:email,workflow...
2025-04-22 22:58:08.181 [info] Got 0 sessions for read:user,repo,user:email,workflow...
2025-04-22 22:58:08.182 [info] Getting sessions for user:email...
2025-04-22 22:58:08.182 [info] Got 1 sessions for user:email...
2025-04-22 23:13:08.188 [info] Getting sessions for all scopes...
2025-04-22 23:13:08.188 [info] Got 1 sessions for ...
2025-04-22 23:13:08.193 [info] Getting sessions for read:user,repo,user:email,workflow...
2025-04-22 23:13:08.193 [info] Got 0 sessions for read:user,repo,user:email,workflow...
2025-04-22 23:13:08.196 [info] Getting sessions for user:email...
2025-04-22 23:13:08.196 [info] Got 1 sessions for user:email...
2025-04-22 23:13:08.200 [info] Getting sessions for all scopes...
2025-04-22 23:13:08.200 [info] Got 1 sessions for ...
2025-04-22 23:13:08.203 [info] Getting sessions for read:user,repo,user:email,workflow...
2025-04-22 23:13:08.203 [info] Got 0 sessions for read:user,repo,user:email,workflow...
2025-04-22 23:13:08.206 [info] Getting sessions for user:email...
2025-04-22 23:13:08.206 [info] Got 1 sessions for user:email...
2025-04-22 23:23:05.393 [info] Getting sessions for all scopes...
2025-04-22 23:23:05.393 [info] Got 1 sessions for ...
2025-04-22 23:23:05.395 [info] Getting sessions for read:user,repo,user:email,workflow...
2025-04-22 23:23:05.395 [info] Got 0 sessions for read:user,repo,user:email,workflow...
2025-04-22 23:23:05.397 [info] Getting sessions for user:email...
2025-04-22 23:23:05.397 [info] Got 1 sessions for user:email...
2025-04-22 23:23:05.627 [info] Getting sessions for all scopes...
2025-04-22 23:23:05.627 [info] Got 1 sessions for ...
2025-04-22 23:23:05.628 [info] Getting sessions for all scopes...
2025-04-22 23:23:05.628 [info] Got 1 sessions for ...
2025-04-22 23:23:05.629 [info] Getting sessions for read:user,repo,user:email,workflow...
2025-04-22 23:23:05.629 [info] Got 0 sessions for read:user,repo,user:email,workflow...
2025-04-22 23:23:05.631 [info] Getting sessions for user:email...
2025-04-22 23:23:05.631 [info] Got 1 sessions for user:email...
2025-04-22 23:23:05.634 [info] Getting sessions for all scopes...
2025-04-22 23:23:05.634 [info] Got 1 sessions for ...
2025-04-22 23:23:05.637 [info] Getting sessions for read:user,repo,user:email,workflow...
2025-04-22 23:23:05.637 [info] Got 0 sessions for read:user,repo,user:email,workflow...
2025-04-22 23:23:05.639 [info] Getting sessions for user:email...
2025-04-22 23:23:05.640 [info] Got 1 sessions for user:email...
2025-04-22 23:23:05.643 [info] Getting sessions for all scopes...
2025-04-22 23:23:05.643 [info] Got 1 sessions for ...
2025-04-22 23:23:05.645 [info] Getting sessions for read:user,repo,user:email,workflow...
2025-04-22 23:23:05.646 [info] Got 0 sessions for read:user,repo,user:email,workflow...
2025-04-22 23:23:05.647 [info] Getting sessions for user:email...
2025-04-22 23:23:05.648 [info] Got 1 sessions for user:email...
2025-04-22 23:23:05.866 [info] Getting sessions for all scopes...
2025-04-22 23:23:05.866 [info] Got 1 sessions for ...
2025-04-22 23:23:05.868 [info] Getting sessions for read:user,repo,user:email,workflow...
2025-04-22 23:23:05.868 [info] Got 0 sessions for read:user,repo,user:email,workflow...
2025-04-22 23:23:05.870 [info] Getting sessions for user:email...
2025-04-22 23:23:05.871 [info] Got 1 sessions for user:email...
2025-04-22 23:23:05.876 [info] Getting sessions for all scopes...
2025-04-22 23:23:05.876 [info] Got 1 sessions for ...
2025-04-22 23:23:05.878 [info] Getting sessions for read:user,repo,user:email,workflow...
2025-04-22 23:23:05.878 [info] Got 0 sessions for read:user,repo,user:email,workflow...
2025-04-22 23:23:05.880 [info] Getting sessions for user:email...
2025-04-22 23:23:05.880 [info] Got 1 sessions for user:email...
2025-04-22 23:38:05.943 [info] Getting sessions for all scopes...
2025-04-22 23:38:05.943 [info] Got 1 sessions for ...
2025-04-22 23:38:05.945 [info] Getting sessions for read:user,repo,user:email,workflow...
2025-04-22 23:38:05.945 [info] Got 0 sessions for read:user,repo,user:email,workflow...
2025-04-22 23:38:05.948 [info] Getting sessions for user:email...
2025-04-22 23:38:05.948 [info] Got 1 sessions for user:email...
2025-04-22 23:38:05.952 [info] Getting sessions for all scopes...
2025-04-22 23:38:05.952 [info] Got 1 sessions for ...
2025-04-22 23:38:05.954 [info] Getting sessions for read:user,repo,user:email,workflow...
2025-04-22 23:38:05.954 [info] Got 0 sessions for read:user,repo,user:email,workflow...
2025-04-22 23:38:05.956 [info] Getting sessions for user:email...
2025-04-22 23:38:05.956 [info] Got 1 sessions for user:email...
2025-04-22 23:38:07.974 [info] Getting sessions for all scopes...
2025-04-22 23:38:07.974 [info] Got 1 sessions for ...
2025-04-22 23:38:07.975 [info] Getting sessions for all scopes...
2025-04-22 23:38:07.975 [info] Got 1 sessions for ...
2025-04-22 23:38:07.977 [info] Getting sessions for read:user,repo,user:email,workflow...
2025-04-22 23:38:07.977 [info] Got 0 sessions for read:user,repo,user:email,workflow...
2025-04-22 23:38:07.979 [info] Getting sessions for user:email...
2025-04-22 23:38:07.979 [info] Got 1 sessions for user:email...
2025-04-22 23:38:07.983 [info] Getting sessions for all scopes...
2025-04-22 23:38:07.984 [info] Got 1 sessions for ...
2025-04-22 23:38:07.987 [info] Getting sessions for read:user,repo,user:email,workflow...
2025-04-22 23:38:07.987 [info] Got 0 sessions for read:user,repo,user:email,workflow...
2025-04-22 23:38:07.988 [info] Getting sessions for user:email...
2025-04-22 23:38:07.988 [info] Got 1 sessions for user:email...
2025-04-22 23:38:08.277 [info] Getting sessions for all scopes...
2025-04-22 23:38:08.277 [info] Got 1 sessions for ...
2025-04-22 23:38:08.285 [info] Getting sessions for read:user,repo,user:email,workflow...
2025-04-22 23:38:08.285 [info] Got 0 sessions for read:user,repo,user:email,workflow...
2025-04-22 23:38:08.290 [info] Getting sessions for user:email...
2025-04-22 23:38:08.290 [info] Got 1 sessions for user:email...
2025-04-22 23:38:10.505 [info] Getting sessions for all scopes...
2025-04-22 23:38:10.505 [info] Got 1 sessions for ...
2025-04-22 23:38:10.509 [info] Getting sessions for read:user,repo,user:email,workflow...
2025-04-22 23:38:10.509 [info] Got 0 sessions for read:user,repo,user:email,workflow...
2025-04-22 23:38:10.512 [info] Getting sessions for user:email...
2025-04-22 23:38:10.512 [info] Got 1 sessions for user:email...
