2025-04-16 10:52:58.003 [info] Reading sessions from keychain...
2025-04-16 10:52:58.003 [info] Getting sessions for all scopes...
2025-04-16 10:52:58.003 [info] Getting sessions for all scopes...
2025-04-16 10:52:58.003 [info] Got stored sessions!
2025-04-16 10:52:58.003 [info] Got 1 verified sessions.
2025-04-16 10:52:58.003 [info] Got 1 sessions for ...
2025-04-16 10:52:58.003 [info] Got 1 sessions for ...
2025-04-16 10:52:58.003 [info] Getting sessions for all scopes...
2025-04-16 10:52:58.003 [info] Got 1 sessions for ...
2025-04-16 10:52:58.003 [info] Getting sessions for all scopes...
2025-04-16 10:52:58.003 [info] Got 1 sessions for ...
2025-04-16 10:52:58.003 [info] Getting sessions for all scopes...
2025-04-16 10:52:58.003 [info] Got 1 sessions for ...
2025-04-16 10:52:58.003 [info] Getting sessions for all scopes...
2025-04-16 10:52:58.003 [info] Got 1 sessions for ...
2025-04-16 10:52:58.003 [info] Getting sessions for all scopes...
2025-04-16 10:52:58.003 [info] Got 1 sessions for ...
2025-04-16 10:52:58.003 [info] Getting sessions for all scopes...
2025-04-16 10:52:58.003 [info] Got 1 sessions for ...
2025-04-16 10:53:01.263 [info] Getting sessions for all scopes...
2025-04-16 10:53:01.263 [info] Got 1 sessions for ...
2025-04-16 10:53:02.132 [info] Getting sessions for read:user,repo,user:email,workflow...
2025-04-16 10:53:02.132 [info] Got 0 sessions for read:user,repo,user:email,workflow...
2025-04-16 10:53:02.309 [info] Getting sessions for all scopes...
2025-04-16 10:53:02.309 [info] Got 1 sessions for ...
2025-04-16 10:53:02.309 [info] Getting sessions for all scopes...
2025-04-16 10:53:02.309 [info] Got 1 sessions for ...
2025-04-16 10:53:02.431 [info] Getting sessions for read:user...
2025-04-16 10:53:02.431 [info] Got 0 sessions for read:user...
2025-04-16 10:53:02.435 [info] Getting sessions for read:user,repo,user:email,workflow...
2025-04-16 10:53:02.435 [info] Got 0 sessions for read:user,repo,user:email,workflow...
2025-04-16 10:53:02.497 [info] Getting sessions for user:email...
2025-04-16 10:53:02.497 [info] Got 1 sessions for user:email...
2025-04-16 10:53:02.548 [info] Getting sessions for user:email...
2025-04-16 10:53:02.548 [info] Got 1 sessions for user:email...
2025-04-16 10:53:02.572 [info] Getting sessions for all scopes...
2025-04-16 10:53:02.572 [info] Got 1 sessions for ...
2025-04-16 10:53:02.575 [info] Getting sessions for read:user,repo,user:email,workflow...
2025-04-16 10:53:02.575 [info] Got 0 sessions for read:user,repo,user:email,workflow...
2025-04-16 10:53:04.123 [info] Getting sessions for user:email...
2025-04-16 10:53:04.124 [info] Got 1 sessions for user:email...
2025-04-16 10:53:04.131 [info] Getting sessions for all scopes...
2025-04-16 10:53:04.131 [info] Got 1 sessions for ...
2025-04-16 10:53:04.530 [info] Getting sessions for read:user,repo,user:email,workflow...
2025-04-16 10:53:04.530 [info] Got 0 sessions for read:user,repo,user:email,workflow...
2025-04-16 10:53:04.551 [info] Getting sessions for user:email...
2025-04-16 10:53:04.551 [info] Got 1 sessions for user:email...
2025-04-16 10:53:05.231 [info] Getting sessions for all scopes...
2025-04-16 10:53:05.231 [info] Got 1 sessions for ...
2025-04-16 10:53:05.239 [info] Getting sessions for read:user,repo,user:email,workflow...
2025-04-16 10:53:05.239 [info] Got 0 sessions for read:user,repo,user:email,workflow...
2025-04-16 10:53:05.246 [info] Getting sessions for user:email...
2025-04-16 10:53:05.246 [info] Got 1 sessions for user:email...
2025-04-16 10:53:06.344 [info] Getting sessions for all scopes...
2025-04-16 10:53:06.344 [info] Got 1 sessions for ...
2025-04-16 10:53:06.344 [info] Getting sessions for all scopes...
2025-04-16 10:53:06.344 [info] Got 1 sessions for ...
2025-04-16 10:53:06.357 [info] Getting sessions for read:user,repo,user:email,workflow...
2025-04-16 10:53:06.357 [info] Got 0 sessions for read:user,repo,user:email,workflow...
2025-04-16 10:53:06.359 [info] Getting sessions for user:email...
2025-04-16 10:53:06.359 [info] Got 1 sessions for user:email...
2025-04-16 10:53:06.361 [info] Getting sessions for all scopes...
2025-04-16 10:53:06.362 [info] Got 1 sessions for ...
2025-04-16 10:53:06.363 [info] Getting sessions for read:user,repo,user:email,workflow...
2025-04-16 10:53:06.363 [info] Got 0 sessions for read:user,repo,user:email,workflow...
2025-04-16 10:53:06.364 [info] Getting sessions for user:email...
2025-04-16 10:53:06.364 [info] Got 1 sessions for user:email...
2025-04-16 10:53:06.447 [info] Getting sessions for all scopes...
2025-04-16 10:53:06.447 [info] Got 1 sessions for ...
2025-04-16 10:53:06.449 [info] Getting sessions for read:user,repo,user:email,workflow...
2025-04-16 10:53:06.449 [info] Got 0 sessions for read:user,repo,user:email,workflow...
2025-04-16 10:53:06.450 [info] Getting sessions for user:email...
2025-04-16 10:53:06.450 [info] Got 1 sessions for user:email...
2025-04-16 10:53:09.030 [info] Getting sessions for all scopes...
2025-04-16 10:53:09.030 [info] Got 1 sessions for ...
2025-04-16 10:53:09.070 [info] Getting sessions for read:user,repo,user:email,workflow...
2025-04-16 10:53:09.070 [info] Got 0 sessions for read:user,repo,user:email,workflow...
2025-04-16 10:53:09.075 [info] Getting sessions for user:email...
2025-04-16 10:53:09.075 [info] Got 1 sessions for user:email...
2025-04-16 11:08:09.079 [info] Getting sessions for all scopes...
2025-04-16 11:08:09.079 [info] Got 1 sessions for ...
2025-04-16 11:08:09.082 [info] Getting sessions for read:user,repo,user:email,workflow...
2025-04-16 11:08:09.082 [info] Got 0 sessions for read:user,repo,user:email,workflow...
2025-04-16 11:08:09.084 [info] Getting sessions for user:email...
2025-04-16 11:08:09.084 [info] Got 1 sessions for user:email...
2025-04-16 11:08:09.122 [info] Getting sessions for all scopes...
2025-04-16 11:08:09.122 [info] Got 1 sessions for ...
2025-04-16 11:08:09.124 [info] Getting sessions for read:user,repo,user:email,workflow...
2025-04-16 11:08:09.124 [info] Got 0 sessions for read:user,repo,user:email,workflow...
2025-04-16 11:08:09.126 [info] Getting sessions for user:email...
2025-04-16 11:08:09.126 [info] Got 1 sessions for user:email...
2025-04-16 11:18:06.329 [info] Getting sessions for all scopes...
2025-04-16 11:18:06.329 [info] Got 1 sessions for ...
2025-04-16 11:18:06.331 [info] Getting sessions for read:user,repo,user:email,workflow...
2025-04-16 11:18:06.331 [info] Got 0 sessions for read:user,repo,user:email,workflow...
2025-04-16 11:18:06.334 [info] Getting sessions for user:email...
2025-04-16 11:18:06.334 [info] Got 1 sessions for user:email...
2025-04-16 11:18:08.604 [info] Getting sessions for all scopes...
2025-04-16 11:18:08.604 [info] Got 1 sessions for ...
2025-04-16 11:18:08.606 [info] Getting sessions for all scopes...
2025-04-16 11:18:08.606 [info] Got 1 sessions for ...
2025-04-16 11:18:08.608 [info] Getting sessions for read:user,repo,user:email,workflow...
2025-04-16 11:18:08.608 [info] Got 0 sessions for read:user,repo,user:email,workflow...
2025-04-16 11:18:08.610 [info] Getting sessions for user:email...
2025-04-16 11:18:08.610 [info] Got 1 sessions for user:email...
2025-04-16 11:18:08.612 [info] Getting sessions for all scopes...
2025-04-16 11:18:08.612 [info] Got 1 sessions for ...
2025-04-16 11:18:08.614 [info] Getting sessions for read:user,repo,user:email,workflow...
2025-04-16 11:18:08.614 [info] Got 0 sessions for read:user,repo,user:email,workflow...
2025-04-16 11:18:08.616 [info] Getting sessions for user:email...
2025-04-16 11:18:08.616 [info] Got 1 sessions for user:email...
2025-04-16 11:18:08.634 [info] Getting sessions for all scopes...
2025-04-16 11:18:08.634 [info] Got 1 sessions for ...
2025-04-16 11:18:08.637 [info] Getting sessions for read:user,repo,user:email,workflow...
2025-04-16 11:18:08.637 [info] Got 0 sessions for read:user,repo,user:email,workflow...
2025-04-16 11:18:08.642 [info] Getting sessions for user:email...
2025-04-16 11:18:08.642 [info] Got 1 sessions for user:email...
2025-04-16 11:33:08.651 [info] Getting sessions for all scopes...
2025-04-16 11:33:08.651 [info] Got 1 sessions for ...
2025-04-16 11:33:08.653 [info] Getting sessions for read:user,repo,user:email,workflow...
2025-04-16 11:33:08.653 [info] Got 0 sessions for read:user,repo,user:email,workflow...
2025-04-16 11:33:08.655 [info] Getting sessions for user:email...
2025-04-16 11:33:08.655 [info] Got 1 sessions for user:email...
2025-04-16 11:33:08.658 [info] Getting sessions for all scopes...
2025-04-16 11:33:08.658 [info] Got 1 sessions for ...
2025-04-16 11:33:08.660 [info] Getting sessions for read:user,repo,user:email,workflow...
2025-04-16 11:33:08.660 [info] Got 0 sessions for read:user,repo,user:email,workflow...
2025-04-16 11:33:08.662 [info] Getting sessions for user:email...
2025-04-16 11:33:08.662 [info] Got 1 sessions for user:email...
2025-04-16 11:43:08.605 [info] Getting sessions for all scopes...
2025-04-16 11:43:08.605 [info] Got 1 sessions for ...
2025-04-16 11:43:08.607 [info] Getting sessions for read:user,repo,user:email,workflow...
2025-04-16 11:43:08.607 [info] Got 0 sessions for read:user,repo,user:email,workflow...
2025-04-16 11:43:08.610 [info] Getting sessions for user:email...
2025-04-16 11:43:08.610 [info] Got 1 sessions for user:email...
2025-04-16 11:43:10.356 [info] Getting sessions for all scopes...
2025-04-16 11:43:10.357 [info] Got 1 sessions for ...
2025-04-16 11:43:10.357 [info] Getting sessions for all scopes...
2025-04-16 11:43:10.357 [info] Got 1 sessions for ...
2025-04-16 11:43:10.358 [info] Getting sessions for read:user,repo,user:email,workflow...
2025-04-16 11:43:10.358 [info] Got 0 sessions for read:user,repo,user:email,workflow...
2025-04-16 11:43:10.359 [info] Getting sessions for user:email...
2025-04-16 11:43:10.359 [info] Got 1 sessions for user:email...
2025-04-16 11:43:10.361 [info] Getting sessions for all scopes...
2025-04-16 11:43:10.361 [info] Got 1 sessions for ...
2025-04-16 11:43:10.363 [info] Getting sessions for read:user,repo,user:email,workflow...
2025-04-16 11:43:10.363 [info] Got 0 sessions for read:user,repo,user:email,workflow...
2025-04-16 11:43:10.364 [info] Getting sessions for user:email...
2025-04-16 11:43:10.364 [info] Got 1 sessions for user:email...
2025-04-16 11:43:10.372 [info] Getting sessions for all scopes...
2025-04-16 11:43:10.372 [info] Got 1 sessions for ...
2025-04-16 11:43:10.374 [info] Getting sessions for read:user,repo,user:email,workflow...
2025-04-16 11:43:10.374 [info] Got 0 sessions for read:user,repo,user:email,workflow...
2025-04-16 11:43:10.376 [info] Getting sessions for user:email...
2025-04-16 11:43:10.376 [info] Got 1 sessions for user:email...
2025-04-16 11:58:10.388 [info] Getting sessions for all scopes...
2025-04-16 11:58:10.388 [info] Got 1 sessions for ...
2025-04-16 11:58:10.390 [info] Getting sessions for read:user,repo,user:email,workflow...
2025-04-16 11:58:10.390 [info] Got 0 sessions for read:user,repo,user:email,workflow...
2025-04-16 11:58:10.392 [info] Getting sessions for user:email...
2025-04-16 11:58:10.392 [info] Got 1 sessions for user:email...
2025-04-16 11:58:10.395 [info] Getting sessions for all scopes...
2025-04-16 11:58:10.395 [info] Got 1 sessions for ...
2025-04-16 11:58:10.397 [info] Getting sessions for read:user,repo,user:email,workflow...
2025-04-16 11:58:10.398 [info] Got 0 sessions for read:user,repo,user:email,workflow...
2025-04-16 11:58:10.400 [info] Getting sessions for user:email...
2025-04-16 11:58:10.400 [info] Got 1 sessions for user:email...
2025-04-16 12:08:10.359 [info] Getting sessions for all scopes...
2025-04-16 12:08:10.359 [info] Got 1 sessions for ...
2025-04-16 12:08:10.365 [info] Getting sessions for read:user,repo,user:email,workflow...
2025-04-16 12:08:10.365 [info] Got 0 sessions for read:user,repo,user:email,workflow...
2025-04-16 12:08:10.368 [info] Getting sessions for user:email...
2025-04-16 12:08:10.368 [info] Got 1 sessions for user:email...
2025-04-16 12:08:12.801 [info] Getting sessions for all scopes...
2025-04-16 12:08:12.802 [info] Got 1 sessions for ...
2025-04-16 12:08:12.802 [info] Getting sessions for all scopes...
2025-04-16 12:08:12.802 [info] Got 1 sessions for ...
2025-04-16 12:08:12.803 [info] Getting sessions for read:user,repo,user:email,workflow...
2025-04-16 12:08:12.803 [info] Got 0 sessions for read:user,repo,user:email,workflow...
2025-04-16 12:08:12.804 [info] Getting sessions for user:email...
2025-04-16 12:08:12.804 [info] Got 1 sessions for user:email...
2025-04-16 12:08:12.806 [info] Getting sessions for all scopes...
2025-04-16 12:08:12.806 [info] Got 1 sessions for ...
2025-04-16 12:08:12.808 [info] Getting sessions for read:user,repo,user:email,workflow...
2025-04-16 12:08:12.808 [info] Got 0 sessions for read:user,repo,user:email,workflow...
2025-04-16 12:08:12.810 [info] Getting sessions for user:email...
2025-04-16 12:08:12.810 [info] Got 1 sessions for user:email...
2025-04-16 12:08:12.818 [info] Getting sessions for all scopes...
2025-04-16 12:08:12.818 [info] Got 1 sessions for ...
2025-04-16 12:08:12.819 [info] Getting sessions for read:user,repo,user:email,workflow...
2025-04-16 12:08:12.819 [info] Got 0 sessions for read:user,repo,user:email,workflow...
2025-04-16 12:08:12.822 [info] Getting sessions for user:email...
2025-04-16 12:08:12.822 [info] Got 1 sessions for user:email...
2025-04-16 12:08:12.829 [info] Getting sessions for all scopes...
2025-04-16 12:08:12.829 [info] Got 1 sessions for ...
2025-04-16 12:08:12.831 [info] Getting sessions for read:user,repo,user:email,workflow...
2025-04-16 12:08:12.831 [info] Got 0 sessions for read:user,repo,user:email,workflow...
2025-04-16 12:08:12.834 [info] Getting sessions for user:email...
2025-04-16 12:08:12.834 [info] Got 1 sessions for user:email...
2025-04-16 12:23:14.667 [info] Getting sessions for all scopes...
2025-04-16 12:23:14.667 [info] Got 1 sessions for ...
2025-04-16 12:23:14.669 [info] Getting sessions for read:user,repo,user:email,workflow...
2025-04-16 12:23:14.669 [info] Got 0 sessions for read:user,repo,user:email,workflow...
2025-04-16 12:23:14.670 [info] Getting sessions for user:email...
2025-04-16 12:23:14.670 [info] Got 1 sessions for user:email...
2025-04-16 12:23:14.672 [info] Getting sessions for all scopes...
2025-04-16 12:23:14.672 [info] Got 1 sessions for ...
2025-04-16 12:23:14.674 [info] Getting sessions for read:user,repo,user:email,workflow...
2025-04-16 12:23:14.674 [info] Got 0 sessions for read:user,repo,user:email,workflow...
2025-04-16 12:23:14.677 [info] Getting sessions for user:email...
2025-04-16 12:23:14.677 [info] Got 1 sessions for user:email...
2025-04-16 12:33:12.803 [info] Getting sessions for all scopes...
2025-04-16 12:33:12.803 [info] Got 1 sessions for ...
2025-04-16 12:33:12.805 [info] Getting sessions for read:user,repo,user:email,workflow...
2025-04-16 12:33:12.806 [info] Got 0 sessions for read:user,repo,user:email,workflow...
2025-04-16 12:33:12.807 [info] Getting sessions for user:email...
2025-04-16 12:33:12.807 [info] Got 1 sessions for user:email...
2025-04-16 12:33:13.432 [info] Getting sessions for all scopes...
2025-04-16 12:33:13.432 [info] Got 1 sessions for ...
2025-04-16 12:33:13.432 [info] Getting sessions for all scopes...
2025-04-16 12:33:13.432 [info] Got 1 sessions for ...
2025-04-16 12:33:13.435 [info] Getting sessions for read:user,repo,user:email,workflow...
2025-04-16 12:33:13.435 [info] Got 0 sessions for read:user,repo,user:email,workflow...
2025-04-16 12:33:13.437 [info] Getting sessions for user:email...
2025-04-16 12:33:13.438 [info] Got 1 sessions for user:email...
2025-04-16 12:33:13.441 [info] Getting sessions for all scopes...
2025-04-16 12:33:13.441 [info] Got 1 sessions for ...
2025-04-16 12:33:13.444 [info] Getting sessions for read:user,repo,user:email,workflow...
2025-04-16 12:33:13.444 [info] Got 0 sessions for read:user,repo,user:email,workflow...
2025-04-16 12:33:13.446 [info] Getting sessions for user:email...
2025-04-16 12:33:13.446 [info] Got 1 sessions for user:email...
2025-04-16 12:33:13.449 [info] Getting sessions for all scopes...
2025-04-16 12:33:13.449 [info] Got 1 sessions for ...
2025-04-16 12:33:13.451 [info] Getting sessions for read:user,repo,user:email,workflow...
2025-04-16 12:33:13.451 [info] Got 0 sessions for read:user,repo,user:email,workflow...
2025-04-16 12:33:13.453 [info] Getting sessions for user:email...
2025-04-16 12:33:13.453 [info] Got 1 sessions for user:email...
2025-04-16 12:33:15.414 [info] Getting sessions for all scopes...
2025-04-16 12:33:15.414 [info] Got 1 sessions for ...
2025-04-16 12:33:15.427 [info] Getting sessions for read:user,repo,user:email,workflow...
2025-04-16 12:33:15.427 [info] Got 0 sessions for read:user,repo,user:email,workflow...
2025-04-16 12:33:15.429 [info] Getting sessions for user:email...
2025-04-16 12:33:15.429 [info] Got 1 sessions for user:email...
2025-04-16 12:33:15.433 [info] Getting sessions for all scopes...
2025-04-16 12:33:15.433 [info] Got 1 sessions for ...
2025-04-16 12:33:15.436 [info] Getting sessions for read:user,repo,user:email,workflow...
2025-04-16 12:33:15.437 [info] Got 0 sessions for read:user,repo,user:email,workflow...
2025-04-16 12:33:15.439 [info] Getting sessions for user:email...
2025-04-16 12:33:15.439 [info] Got 1 sessions for user:email...
2025-04-16 12:33:20.136 [info] Getting sessions for all scopes...
2025-04-16 12:33:20.136 [info] Got 1 sessions for ...
2025-04-16 12:33:20.136 [info] Getting sessions for all scopes...
2025-04-16 12:33:20.136 [info] Got 1 sessions for ...
2025-04-16 12:33:20.137 [info] Getting sessions for read:user,repo,user:email,workflow...
2025-04-16 12:33:20.137 [info] Got 0 sessions for read:user,repo,user:email,workflow...
2025-04-16 12:33:20.139 [info] Getting sessions for user:email...
2025-04-16 12:33:20.139 [info] Got 1 sessions for user:email...
2025-04-16 12:33:20.142 [info] Getting sessions for all scopes...
2025-04-16 12:33:20.142 [info] Got 1 sessions for ...
2025-04-16 12:33:20.144 [info] Getting sessions for read:user,repo,user:email,workflow...
2025-04-16 12:33:20.144 [info] Got 0 sessions for read:user,repo,user:email,workflow...
2025-04-16 12:33:20.146 [info] Getting sessions for user:email...
2025-04-16 12:33:20.146 [info] Got 1 sessions for user:email...
2025-04-16 12:33:20.283 [info] Getting sessions for all scopes...
2025-04-16 12:33:20.283 [info] Got 1 sessions for ...
2025-04-16 12:33:20.322 [info] Getting sessions for read:user,repo,user:email,workflow...
2025-04-16 12:33:20.322 [info] Got 0 sessions for read:user,repo,user:email,workflow...
2025-04-16 12:33:20.329 [info] Getting sessions for user:email...
2025-04-16 12:33:20.329 [info] Got 1 sessions for user:email...
2025-04-16 12:33:22.361 [info] Getting sessions for all scopes...
2025-04-16 12:33:22.361 [info] Got 1 sessions for ...
2025-04-16 12:33:22.363 [info] Getting sessions for read:user,repo,user:email,workflow...
2025-04-16 12:33:22.363 [info] Got 0 sessions for read:user,repo,user:email,workflow...
2025-04-16 12:33:22.365 [info] Getting sessions for user:email...
2025-04-16 12:33:22.365 [info] Got 1 sessions for user:email...
